<?xml version="1.0" encoding="UTF-8"?>
<testsuite name="RxTests" tests="1" skipped="0" failures="0" errors="0" timestamp="2024-10-26T19:57:25" hostname="DESKTOP-V7CTTMP" time="0.16">
  <properties/>
  <testcase name="cacheMoviesInfo()" classname="RxTests" time="0.16"/>
  <system-out><![CDATA[MOVIE LOADED: index=1, title=ACADEMY DINOSAUR, description=A Epic Drama of a Feminist And a Mad Scientist who must Battle a Teacher in The Canadian Rockies, releaseYear=2006, length=86, rating=PG
?[0;31mindex=1, title=ACADEMY DINOSAUR, description=A Epic Drama of a Feminist And a Mad Scientist who must Battle a Teacher in The Canadian Rockies, releaseYear=2006, length=86, rating=PG?[0m
MOVIE LOADED: index=2, title=ACE GOLDFINGER, description=A Astounding Epistle of a Database Administrator And a Explorer who must Find a Car in Ancient China, releaseYear=2006, length=48, rating=G
?[0;31mindex=2, title=ACE GOLDFINGER, description=A Astounding Epistle of a Database Administrator And a Explorer who must Find a Car in Ancient China, releaseYear=2006, length=48, rating=G?[0m
MOVIE LOADED: index=3, title=ADAPTATION HOLES, description=A Astounding Reflection of a Lumberjack And a Car who must Sink a Lumberjack in A Baloon Factory, releaseYear=2006, length=50, rating=NC-17
?[0;31mindex=3, title=ADAPTATION HOLES, description=A Astounding Reflection of a Lumberjack And a Car who must Sink a Lumberjack in A Baloon Factory, releaseYear=2006, length=50, rating=NC-17?[0m
MOVIE LOADED: index=4, title=AFFAIR PREJUDICE, description=A Fanciful Documentary of a Frisbee And a Lumberjack who must Chase a Monkey in A Shark Tank, releaseYear=2006, length=117, rating=G
?[0;31mindex=4, title=AFFAIR PREJUDICE, description=A Fanciful Documentary of a Frisbee And a Lumberjack who must Chase a Monkey in A Shark Tank, releaseYear=2006, length=117, rating=G?[0m
MOVIE LOADED: index=5, title=AFRICAN EGG, description=A Fast-Paced Documentary of a Pastry Chef And a Dentist who must Pursue a Forensic Psychologist in The Gulf of Mexico, releaseYear=2006, length=130, rating=G
?[0;31mindex=5, title=AFRICAN EGG, description=A Fast-Paced Documentary of a Pastry Chef And a Dentist who must Pursue a Forensic Psychologist in The Gulf of Mexico, releaseYear=2006, length=130, rating=G?[0m
MOVIE LOADED: index=6, title=AGENT TRUMAN, description=A Intrepid Panorama of a Robot And a Boy who must Escape a Sumo Wrestler in Ancient China, releaseYear=2006, length=169, rating=PG
?[0;31mindex=6, title=AGENT TRUMAN, description=A Intrepid Panorama of a Robot And a Boy who must Escape a Sumo Wrestler in Ancient China, releaseYear=2006, length=169, rating=PG?[0m
MOVIE LOADED: index=7, title=AIRPLANE SIERRA, description=A Touching Saga of a Hunter And a Butler who must Discover a Butler in A Jet Boat, releaseYear=2006, length=62, rating=PG-13
?[0;31mindex=7, title=AIRPLANE SIERRA, description=A Touching Saga of a Hunter And a Butler who must Discover a Butler in A Jet Boat, releaseYear=2006, length=62, rating=PG-13?[0m
MOVIE LOADED: index=8, title=AIRPORT POLLOCK, description=A Epic Tale of a Moose And a Girl who must Confront a Monkey in Ancient India, releaseYear=2006, length=54, rating=R
?[0;31mindex=8, title=AIRPORT POLLOCK, description=A Epic Tale of a Moose And a Girl who must Confront a Monkey in Ancient India, releaseYear=2006, length=54, rating=R?[0m
MOVIE LOADED: index=9, title=ALABAMA DEVIL, description=A Thoughtful Panorama of a Database Administrator And a Mad Scientist who must Outgun a Mad Scientist in A Jet Boat, releaseYear=2006, length=114, rating=PG-13
?[0;31mindex=9, title=ALABAMA DEVIL, description=A Thoughtful Panorama of a Database Administrator And a Mad Scientist who must Outgun a Mad Scientist in A Jet Boat, releaseYear=2006, length=114, rating=PG-13?[0m
MOVIE LOADED: index=10, title=ALADDIN CALENDAR, description=A Action-Packed Tale of a Man And a Lumberjack who must Reach a Feminist in Ancient China, releaseYear=2006, length=63, rating=NC-17
?[0;31mindex=10, title=ALADDIN CALENDAR, description=A Action-Packed Tale of a Man And a Lumberjack who must Reach a Feminist in Ancient China, releaseYear=2006, length=63, rating=NC-17?[0m
MOVIE LOADED: index=11, title=ALAMO VIDEOTAPE, description=A Boring Epistle of a Butler And a Cat who must Fight a Pastry Chef in A MySQL Convention, releaseYear=2006, length=126, rating=G
?[0;31mindex=11, title=ALAMO VIDEOTAPE, description=A Boring Epistle of a Butler And a Cat who must Fight a Pastry Chef in A MySQL Convention, releaseYear=2006, length=126, rating=G?[0m
MOVIE LOADED: index=12, title=ALASKA PHANTOM, description=A Fanciful Saga of a Hunter And a Pastry Chef who must Vanquish a Boy in Australia, releaseYear=2006, length=136, rating=PG
?[0;31mindex=12, title=ALASKA PHANTOM, description=A Fanciful Saga of a Hunter And a Pastry Chef who must Vanquish a Boy in Australia, releaseYear=2006, length=136, rating=PG?[0m
MOVIE LOADED: index=13, title=ALI FOREVER, description=A Action-Packed Drama of a Dentist And a Crocodile who must Battle a Feminist in The Canadian Rockies, releaseYear=2006, length=150, rating=PG
?[0;31mindex=13, title=ALI FOREVER, description=A Action-Packed Drama of a Dentist And a Crocodile who must Battle a Feminist in The Canadian Rockies, releaseYear=2006, length=150, rating=PG?[0m
MOVIE LOADED: index=14, title=ALICE FANTASIA, description=A Emotional Drama of a A Shark And a Database Administrator who must Vanquish a Pioneer in Soviet Georgia, releaseYear=2006, length=94, rating=NC-17
?[0;31mindex=14, title=ALICE FANTASIA, description=A Emotional Drama of a A Shark And a Database Administrator who must Vanquish a Pioneer in Soviet Georgia, releaseYear=2006, length=94, rating=NC-17?[0m
MOVIE LOADED: index=15, title=ALIEN CENTER, description=A Brilliant Drama of a Cat And a Mad Scientist who must Battle a Feminist in A MySQL Convention, releaseYear=2006, length=46, rating=NC-17
?[0;31mindex=15, title=ALIEN CENTER, description=A Brilliant Drama of a Cat And a Mad Scientist who must Battle a Feminist in A MySQL Convention, releaseYear=2006, length=46, rating=NC-17?[0m
MOVIE LOADED: index=16, title=ALLEY EVOLUTION, description=A Fast-Paced Drama of a Robot And a Composer who must Battle a Astronaut in New Orleans, releaseYear=2006, length=180, rating=NC-17
?[0;31mindex=16, title=ALLEY EVOLUTION, description=A Fast-Paced Drama of a Robot And a Composer who must Battle a Astronaut in New Orleans, releaseYear=2006, length=180, rating=NC-17?[0m
MOVIE LOADED: index=17, title=ALONE TRIP, description=A Fast-Paced Character Study of a Composer And a Dog who must Outgun a Boat in An Abandoned Fun House, releaseYear=2006, length=82, rating=R
?[0;31mindex=17, title=ALONE TRIP, description=A Fast-Paced Character Study of a Composer And a Dog who must Outgun a Boat in An Abandoned Fun House, releaseYear=2006, length=82, rating=R?[0m
MOVIE LOADED: index=18, title=ALTER VICTORY, description=A Thoughtful Drama of a Composer And a Feminist who must Meet a Secret Agent in The Canadian Rockies, releaseYear=2006, length=57, rating=PG-13
?[0;31mindex=18, title=ALTER VICTORY, description=A Thoughtful Drama of a Composer And a Feminist who must Meet a Secret Agent in The Canadian Rockies, releaseYear=2006, length=57, rating=PG-13?[0m
MOVIE LOADED: index=19, title=AMADEUS HOLY, description=A Emotional Display of a Pioneer And a Technical Writer who must Battle a Man in A Baloon, releaseYear=2006, length=113, rating=PG
?[0;31mindex=19, title=AMADEUS HOLY, description=A Emotional Display of a Pioneer And a Technical Writer who must Battle a Man in A Baloon, releaseYear=2006, length=113, rating=PG?[0m
MOVIE LOADED: index=20, title=AMELIE HELLFIGHTERS, description=A Boring Drama of a Woman And a Squirrel who must Conquer a Student in A Baloon, releaseYear=2006, length=79, rating=R
?[0;31mindex=20, title=AMELIE HELLFIGHTERS, description=A Boring Drama of a Woman And a Squirrel who must Conquer a Student in A Baloon, releaseYear=2006, length=79, rating=R?[0m
MOVIE LOADED: index=21, title=AMERICAN CIRCUS, description=A Insightful Drama of a Girl And a Astronaut who must Face a Database Administrator in A Shark Tank, releaseYear=2006, length=129, rating=R
?[0;31mindex=21, title=AMERICAN CIRCUS, description=A Insightful Drama of a Girl And a Astronaut who must Face a Database Administrator in A Shark Tank, releaseYear=2006, length=129, rating=R?[0m
MOVIE LOADED: index=22, title=AMISTAD MIDSUMMER, description=A Emotional Character Study of a Dentist And a Crocodile who must Meet a Sumo Wrestler in California, releaseYear=2006, length=85, rating=G
?[0;31mindex=22, title=AMISTAD MIDSUMMER, description=A Emotional Character Study of a Dentist And a Crocodile who must Meet a Sumo Wrestler in California, releaseYear=2006, length=85, rating=G?[0m
MOVIE LOADED: index=23, title=ANACONDA CONFESSIONS, description=A Lacklusture Display of a Dentist And a Dentist who must Fight a Girl in Australia, releaseYear=2006, length=92, rating=R
?[0;31mindex=23, title=ANACONDA CONFESSIONS, description=A Lacklusture Display of a Dentist And a Dentist who must Fight a Girl in Australia, releaseYear=2006, length=92, rating=R?[0m
MOVIE LOADED: index=24, title=ANALYZE HOOSIERS, description=A Thoughtful Display of a Explorer And a Pastry Chef who must Overcome a Feminist in The Sahara Desert, releaseYear=2006, length=181, rating=R
?[0;31mindex=24, title=ANALYZE HOOSIERS, description=A Thoughtful Display of a Explorer And a Pastry Chef who must Overcome a Feminist in The Sahara Desert, releaseYear=2006, length=181, rating=R?[0m
MOVIE LOADED: index=25, title=ANGELS LIFE, description=A Thoughtful Display of a Woman And a Astronaut who must Battle a Robot in Berlin, releaseYear=2006, length=74, rating=G
?[0;31mindex=25, title=ANGELS LIFE, description=A Thoughtful Display of a Woman And a Astronaut who must Battle a Robot in Berlin, releaseYear=2006, length=74, rating=G?[0m
MOVIE LOADED: index=26, title=ANNIE IDENTITY, description=A Amazing Panorama of a Pastry Chef And a Boat who must Escape a Woman in An Abandoned Amusement Park, releaseYear=2006, length=86, rating=G
?[0;31mindex=26, title=ANNIE IDENTITY, description=A Amazing Panorama of a Pastry Chef And a Boat who must Escape a Woman in An Abandoned Amusement Park, releaseYear=2006, length=86, rating=G?[0m
MOVIE LOADED: index=27, title=ANONYMOUS HUMAN, description=A Amazing Reflection of a Database Administrator And a Astronaut who must Outrace a Database Administrator in A Shark Tank, releaseYear=2006, length=179, rating=NC-17
?[0;31mindex=27, title=ANONYMOUS HUMAN, description=A Amazing Reflection of a Database Administrator And a Astronaut who must Outrace a Database Administrator in A Shark Tank, releaseYear=2006, length=179, rating=NC-17?[0m
MOVIE LOADED: index=28, title=ANTHEM LUKE, description=A Touching Panorama of a Waitress And a Woman who must Outrace a Dog in An Abandoned Amusement Park, releaseYear=2006, length=91, rating=PG-13
?[0;31mindex=28, title=ANTHEM LUKE, description=A Touching Panorama of a Waitress And a Woman who must Outrace a Dog in An Abandoned Amusement Park, releaseYear=2006, length=91, rating=PG-13?[0m
MOVIE LOADED: index=29, title=ANTITRUST TOMATOES, description=A Fateful Yarn of a Womanizer And a Feminist who must Succumb a Database Administrator in Ancient India, releaseYear=2006, length=168, rating=NC-17
?[0;31mindex=29, title=ANTITRUST TOMATOES, description=A Fateful Yarn of a Womanizer And a Feminist who must Succumb a Database Administrator in Ancient India, releaseYear=2006, length=168, rating=NC-17?[0m
MOVIE LOADED: index=30, title=ANYTHING SAVANNAH, description=A Epic Story of a Pastry Chef And a Woman who must Chase a Feminist in An Abandoned Fun House, releaseYear=2006, length=82, rating=R
?[0;31mindex=30, title=ANYTHING SAVANNAH, description=A Epic Story of a Pastry Chef And a Woman who must Chase a Feminist in An Abandoned Fun House, releaseYear=2006, length=82, rating=R?[0m
MOVIE LOADED: index=31, title=APACHE DIVINE, description=A Awe-Inspiring Reflection of a Pastry Chef And a Teacher who must Overcome a Sumo Wrestler in A U-Boat, releaseYear=2006, length=92, rating=NC-17
?[0;31mindex=31, title=APACHE DIVINE, description=A Awe-Inspiring Reflection of a Pastry Chef And a Teacher who must Overcome a Sumo Wrestler in A U-Boat, releaseYear=2006, length=92, rating=NC-17?[0m
MOVIE LOADED: index=32, title=APOCALYPSE FLAMINGOS, description=A Astounding Story of a Dog And a Squirrel who must Defeat a Woman in An Abandoned Amusement Park, releaseYear=2006, length=119, rating=R
?[0;31mindex=32, title=APOCALYPSE FLAMINGOS, description=A Astounding Story of a Dog And a Squirrel who must Defeat a Woman in An Abandoned Amusement Park, releaseYear=2006, length=119, rating=R?[0m
MOVIE LOADED: index=33, title=APOLLO TEEN, description=A Action-Packed Reflection of a Crocodile And a Explorer who must Find a Sumo Wrestler in An Abandoned Mine Shaft, releaseYear=2006, length=153, rating=PG-13
?[0;31mindex=33, title=APOLLO TEEN, description=A Action-Packed Reflection of a Crocodile And a Explorer who must Find a Sumo Wrestler in An Abandoned Mine Shaft, releaseYear=2006, length=153, rating=PG-13?[0m
MOVIE LOADED: index=34, title=ARABIA DOGMA, description=A Touching Epistle of a Madman And a Mad Cow who must Defeat a Student in Nigeria, releaseYear=2006, length=62, rating=NC-17
?[0;31mindex=34, title=ARABIA DOGMA, description=A Touching Epistle of a Madman And a Mad Cow who must Defeat a Student in Nigeria, releaseYear=2006, length=62, rating=NC-17?[0m
MOVIE LOADED: index=35, title=ARACHNOPHOBIA ROLLERCOASTER, description=A Action-Packed Reflection of a Pastry Chef And a Composer who must Discover a Mad Scientist in The First Manned Space Station, releaseYear=2006, length=147, rating=PG-13
?[0;31mindex=35, title=ARACHNOPHOBIA ROLLERCOASTER, description=A Action-Packed Reflection of a Pastry Chef And a Composer who must Discover a Mad Scientist in The First Manned Space Station, releaseYear=2006, length=147, rating=PG-13?[0m
MOVIE LOADED: index=36, title=ARGONAUTS TOWN, description=A Emotional Epistle of a Forensic Psychologist And a Butler who must Challenge a Waitress in An Abandoned Mine Shaft, releaseYear=2006, length=127, rating=PG-13
?[0;31mindex=36, title=ARGONAUTS TOWN, description=A Emotional Epistle of a Forensic Psychologist And a Butler who must Challenge a Waitress in An Abandoned Mine Shaft, releaseYear=2006, length=127, rating=PG-13?[0m
MOVIE LOADED: index=37, title=ARIZONA BANG, description=A Brilliant Panorama of a Mad Scientist And a Mad Cow who must Meet a Pioneer in A Monastery, releaseYear=2006, length=121, rating=PG
?[0;31mindex=37, title=ARIZONA BANG, description=A Brilliant Panorama of a Mad Scientist And a Mad Cow who must Meet a Pioneer in A Monastery, releaseYear=2006, length=121, rating=PG?[0m
MOVIE LOADED: index=38, title=ARK RIDGEMONT, description=A Beautiful Yarn of a Pioneer And a Monkey who must Pursue a Explorer in The Sahara Desert, releaseYear=2006, length=68, rating=NC-17
?[0;31mindex=38, title=ARK RIDGEMONT, description=A Beautiful Yarn of a Pioneer And a Monkey who must Pursue a Explorer in The Sahara Desert, releaseYear=2006, length=68, rating=NC-17?[0m
MOVIE LOADED: index=39, title=ARMAGEDDON LOST, description=A Fast-Paced Tale of a Boat And a Teacher who must Succumb a Composer in An Abandoned Mine Shaft, releaseYear=2006, length=99, rating=G
?[0;31mindex=39, title=ARMAGEDDON LOST, description=A Fast-Paced Tale of a Boat And a Teacher who must Succumb a Composer in An Abandoned Mine Shaft, releaseYear=2006, length=99, rating=G?[0m
MOVIE LOADED: index=40, title=ARMY FLINTSTONES, description=A Boring Saga of a Database Administrator And a Womanizer who must Battle a Waitress in Nigeria, releaseYear=2006, length=148, rating=R
?[0;31mindex=40, title=ARMY FLINTSTONES, description=A Boring Saga of a Database Administrator And a Womanizer who must Battle a Waitress in Nigeria, releaseYear=2006, length=148, rating=R?[0m
MOVIE LOADED: index=41, title=ARSENIC INDEPENDENCE, description=A Fanciful Documentary of a Mad Cow And a Womanizer who must Find a Dentist in Berlin, releaseYear=2006, length=137, rating=PG
?[0;31mindex=41, title=ARSENIC INDEPENDENCE, description=A Fanciful Documentary of a Mad Cow And a Womanizer who must Find a Dentist in Berlin, releaseYear=2006, length=137, rating=PG?[0m
MOVIE LOADED: index=42, title=ARTIST COLDBLOODED, description=A Stunning Reflection of a Robot And a Moose who must Challenge a Woman in California, releaseYear=2006, length=170, rating=NC-17
?[0;31mindex=42, title=ARTIST COLDBLOODED, description=A Stunning Reflection of a Robot And a Moose who must Challenge a Woman in California, releaseYear=2006, length=170, rating=NC-17?[0m
MOVIE LOADED: index=43, title=ATLANTIS CAUSE, description=A Thrilling Yarn of a Feminist And a Hunter who must Fight a Technical Writer in A Shark Tank, releaseYear=2006, length=170, rating=G
?[0;31mindex=43, title=ATLANTIS CAUSE, description=A Thrilling Yarn of a Feminist And a Hunter who must Fight a Technical Writer in A Shark Tank, releaseYear=2006, length=170, rating=G?[0m
MOVIE LOADED: index=44, title=ATTACKS HATE, description=A Fast-Paced Panorama of a Technical Writer And a Mad Scientist who must Find a Feminist in An Abandoned Mine Shaft, releaseYear=2006, length=113, rating=PG-13
?[0;31mindex=44, title=ATTACKS HATE, description=A Fast-Paced Panorama of a Technical Writer And a Mad Scientist who must Find a Feminist in An Abandoned Mine Shaft, releaseYear=2006, length=113, rating=PG-13?[0m
MOVIE LOADED: index=45, title=ATTRACTION NEWTON, description=A Astounding Panorama of a Composer And a Frisbee who must Reach a Husband in Ancient Japan, releaseYear=2006, length=83, rating=PG-13
?[0;31mindex=45, title=ATTRACTION NEWTON, description=A Astounding Panorama of a Composer And a Frisbee who must Reach a Husband in Ancient Japan, releaseYear=2006, length=83, rating=PG-13?[0m
MOVIE LOADED: index=46, title=AUTUMN CROW, description=A Beautiful Tale of a Dentist And a Mad Cow who must Battle a Moose in The Sahara Desert, releaseYear=2006, length=108, rating=G
?[0;31mindex=46, title=AUTUMN CROW, description=A Beautiful Tale of a Dentist And a Mad Cow who must Battle a Moose in The Sahara Desert, releaseYear=2006, length=108, rating=G?[0m
MOVIE LOADED: index=47, title=BABY HALL, description=A Boring Character Study of a A Shark And a Girl who must Outrace a Feminist in An Abandoned Mine Shaft, releaseYear=2006, length=153, rating=NC-17
?[0;31mindex=47, title=BABY HALL, description=A Boring Character Study of a A Shark And a Girl who must Outrace a Feminist in An Abandoned Mine Shaft, releaseYear=2006, length=153, rating=NC-17?[0m
MOVIE LOADED: index=48, title=BACKLASH UNDEFEATED, description=A Stunning Character Study of a Mad Scientist And a Mad Cow who must Kill a Car in A Monastery, releaseYear=2006, length=118, rating=PG-13
?[0;31mindex=48, title=BACKLASH UNDEFEATED, description=A Stunning Character Study of a Mad Scientist And a Mad Cow who must Kill a Car in A Monastery, releaseYear=2006, length=118, rating=PG-13?[0m
MOVIE LOADED: index=49, title=BADMAN DAWN, description=A Emotional Panorama of a Pioneer And a Composer who must Escape a Mad Scientist in A Jet Boat, releaseYear=2006, length=162, rating=R
?[0;31mindex=49, title=BADMAN DAWN, description=A Emotional Panorama of a Pioneer And a Composer who must Escape a Mad Scientist in A Jet Boat, releaseYear=2006, length=162, rating=R?[0m
MOVIE LOADED: index=50, title=BAKED CLEOPATRA, description=A Stunning Drama of a Forensic Psychologist And a Husband who must Overcome a Waitress in A Monastery, releaseYear=2006, length=182, rating=G
?[0;31mindex=50, title=BAKED CLEOPATRA, description=A Stunning Drama of a Forensic Psychologist And a Husband who must Overcome a Waitress in A Monastery, releaseYear=2006, length=182, rating=G?[0m
MOVIE LOADED: index=51, title=BALLOON HOMEWARD, description=A Insightful Panorama of a Forensic Psychologist And a Mad Cow who must Build a Mad Scientist in The First Manned Space Station, releaseYear=2006, length=75, rating=NC-17
?[0;31mindex=51, title=BALLOON HOMEWARD, description=A Insightful Panorama of a Forensic Psychologist And a Mad Cow who must Build a Mad Scientist in The First Manned Space Station, releaseYear=2006, length=75, rating=NC-17?[0m
MOVIE LOADED: index=52, title=BALLROOM MOCKINGBIRD, description=A Thrilling Documentary of a Composer And a Monkey who must Find a Feminist in California, releaseYear=2006, length=173, rating=G
?[0;31mindex=52, title=BALLROOM MOCKINGBIRD, description=A Thrilling Documentary of a Composer And a Monkey who must Find a Feminist in California, releaseYear=2006, length=173, rating=G?[0m
MOVIE LOADED: index=53, title=BANG KWAI, description=A Epic Drama of a Madman And a Cat who must Face a A Shark in An Abandoned Amusement Park, releaseYear=2006, length=87, rating=NC-17
?[0;31mindex=53, title=BANG KWAI, description=A Epic Drama of a Madman And a Cat who must Face a A Shark in An Abandoned Amusement Park, releaseYear=2006, length=87, rating=NC-17?[0m
MOVIE LOADED: index=54, title=BANGER PINOCCHIO, description=A Awe-Inspiring Drama of a Car And a Pastry Chef who must Chase a Crocodile in The First Manned Space Station, releaseYear=2006, length=113, rating=R
?[0;31mindex=54, title=BANGER PINOCCHIO, description=A Awe-Inspiring Drama of a Car And a Pastry Chef who must Chase a Crocodile in The First Manned Space Station, releaseYear=2006, length=113, rating=R?[0m
MOVIE LOADED: index=55, title=BARBARELLA STREETCAR, description=A Awe-Inspiring Story of a Feminist And a Cat who must Conquer a Dog in A Monastery, releaseYear=2006, length=65, rating=G
?[0;31mindex=55, title=BARBARELLA STREETCAR, description=A Awe-Inspiring Story of a Feminist And a Cat who must Conquer a Dog in A Monastery, releaseYear=2006, length=65, rating=G?[0m
MOVIE LOADED: index=56, title=BAREFOOT MANCHURIAN, description=A Intrepid Story of a Cat And a Student who must Vanquish a Girl in An Abandoned Amusement Park, releaseYear=2006, length=129, rating=G
?[0;31mindex=56, title=BAREFOOT MANCHURIAN, description=A Intrepid Story of a Cat And a Student who must Vanquish a Girl in An Abandoned Amusement Park, releaseYear=2006, length=129, rating=G?[0m
MOVIE LOADED: index=57, title=BASIC EASY, description=A Stunning Epistle of a Man And a Husband who must Reach a Mad Scientist in A Jet Boat, releaseYear=2006, length=90, rating=PG-13
?[0;31mindex=57, title=BASIC EASY, description=A Stunning Epistle of a Man And a Husband who must Reach a Mad Scientist in A Jet Boat, releaseYear=2006, length=90, rating=PG-13?[0m
MOVIE LOADED: index=58, title=BEACH HEARTBREAKERS, description=A Fateful Display of a Womanizer And a Mad Scientist who must Outgun a A Shark in Soviet Georgia, releaseYear=2006, length=122, rating=G
?[0;31mindex=58, title=BEACH HEARTBREAKERS, description=A Fateful Display of a Womanizer And a Mad Scientist who must Outgun a A Shark in Soviet Georgia, releaseYear=2006, length=122, rating=G?[0m
MOVIE LOADED: index=59, title=BEAR GRACELAND, description=A Astounding Saga of a Dog And a Boy who must Kill a Teacher in The First Manned Space Station, releaseYear=2006, length=160, rating=R
?[0;31mindex=59, title=BEAR GRACELAND, description=A Astounding Saga of a Dog And a Boy who must Kill a Teacher in The First Manned Space Station, releaseYear=2006, length=160, rating=R?[0m
MOVIE LOADED: index=60, title=BEAST HUNCHBACK, description=A Awe-Inspiring Epistle of a Student And a Squirrel who must Defeat a Boy in Ancient China, releaseYear=2006, length=89, rating=R
?[0;31mindex=60, title=BEAST HUNCHBACK, description=A Awe-Inspiring Epistle of a Student And a Squirrel who must Defeat a Boy in Ancient China, releaseYear=2006, length=89, rating=R?[0m
MOVIE LOADED: index=61, title=BEAUTY GREASE, description=A Fast-Paced Display of a Composer And a Moose who must Sink a Robot in An Abandoned Mine Shaft, releaseYear=2006, length=175, rating=G
?[0;31mindex=61, title=BEAUTY GREASE, description=A Fast-Paced Display of a Composer And a Moose who must Sink a Robot in An Abandoned Mine Shaft, releaseYear=2006, length=175, rating=G?[0m
MOVIE LOADED: index=62, title=BED HIGHBALL, description=A Astounding Panorama of a Lumberjack And a Dog who must Redeem a Woman in An Abandoned Fun House, releaseYear=2006, length=106, rating=NC-17
?[0;31mindex=62, title=BED HIGHBALL, description=A Astounding Panorama of a Lumberjack And a Dog who must Redeem a Woman in An Abandoned Fun House, releaseYear=2006, length=106, rating=NC-17?[0m
MOVIE LOADED: index=63, title=BEDAZZLED MARRIED, description=A Astounding Character Study of a Madman And a Robot who must Meet a Mad Scientist in An Abandoned Fun House, releaseYear=2006, length=73, rating=PG
?[0;31mindex=63, title=BEDAZZLED MARRIED, description=A Astounding Character Study of a Madman And a Robot who must Meet a Mad Scientist in An Abandoned Fun House, releaseYear=2006, length=73, rating=PG?[0m
MOVIE LOADED: index=64, title=BEETHOVEN EXORCIST, description=A Epic Display of a Pioneer And a Student who must Challenge a Butler in The Gulf of Mexico, releaseYear=2006, length=151, rating=PG-13
?[0;31mindex=64, title=BEETHOVEN EXORCIST, description=A Epic Display of a Pioneer And a Student who must Challenge a Butler in The Gulf of Mexico, releaseYear=2006, length=151, rating=PG-13?[0m
MOVIE LOADED: index=65, title=BEHAVIOR RUNAWAY, description=A Unbelieveable Drama of a Student And a Husband who must Outrace a Sumo Wrestler in Berlin, releaseYear=2006, length=100, rating=PG
?[0;31mindex=65, title=BEHAVIOR RUNAWAY, description=A Unbelieveable Drama of a Student And a Husband who must Outrace a Sumo Wrestler in Berlin, releaseYear=2006, length=100, rating=PG?[0m
MOVIE LOADED: index=66, title=BENEATH RUSH, description=A Astounding Panorama of a Man And a Monkey who must Discover a Man in The First Manned Space Station, releaseYear=2006, length=53, rating=NC-17
?[0;31mindex=66, title=BENEATH RUSH, description=A Astounding Panorama of a Man And a Monkey who must Discover a Man in The First Manned Space Station, releaseYear=2006, length=53, rating=NC-17?[0m
MOVIE LOADED: index=67, title=BERETS AGENT, description=A Taut Saga of a Crocodile And a Boy who must Overcome a Technical Writer in Ancient China, releaseYear=2006, length=77, rating=PG-13
?[0;31mindex=67, title=BERETS AGENT, description=A Taut Saga of a Crocodile And a Boy who must Overcome a Technical Writer in Ancient China, releaseYear=2006, length=77, rating=PG-13?[0m
MOVIE LOADED: index=68, title=BETRAYED REAR, description=A Emotional Character Study of a Boat And a Pioneer who must Find a Explorer in A Shark Tank, releaseYear=2006, length=122, rating=NC-17
?[0;31mindex=68, title=BETRAYED REAR, description=A Emotional Character Study of a Boat And a Pioneer who must Find a Explorer in A Shark Tank, releaseYear=2006, length=122, rating=NC-17?[0m
MOVIE LOADED: index=69, title=BEVERLY OUTLAW, description=A Fanciful Documentary of a Womanizer And a Boat who must Defeat a Madman in The First Manned Space Station, releaseYear=2006, length=85, rating=R
?[0;31mindex=69, title=BEVERLY OUTLAW, description=A Fanciful Documentary of a Womanizer And a Boat who must Defeat a Madman in The First Manned Space Station, releaseYear=2006, length=85, rating=R?[0m
MOVIE LOADED: index=70, title=BIKINI BORROWERS, description=A Astounding Drama of a Astronaut And a Cat who must Discover a Woman in The First Manned Space Station, releaseYear=2006, length=142, rating=NC-17
?[0;31mindex=70, title=BIKINI BORROWERS, description=A Astounding Drama of a Astronaut And a Cat who must Discover a Woman in The First Manned Space Station, releaseYear=2006, length=142, rating=NC-17?[0m
MOVIE LOADED: index=71, title=BILKO ANONYMOUS, description=A Emotional Reflection of a Teacher And a Man who must Meet a Cat in The First Manned Space Station, releaseYear=2006, length=100, rating=PG-13
?[0;31mindex=71, title=BILKO ANONYMOUS, description=A Emotional Reflection of a Teacher And a Man who must Meet a Cat in The First Manned Space Station, releaseYear=2006, length=100, rating=PG-13?[0m
MOVIE LOADED: index=72, title=BILL OTHERS, description=A Stunning Saga of a Mad Scientist And a Forensic Psychologist who must Challenge a Squirrel in A MySQL Convention, releaseYear=2006, length=93, rating=PG
?[0;31mindex=72, title=BILL OTHERS, description=A Stunning Saga of a Mad Scientist And a Forensic Psychologist who must Challenge a Squirrel in A MySQL Convention, releaseYear=2006, length=93, rating=PG?[0m
MOVIE LOADED: index=73, title=BINGO TALENTED, description=A Touching Tale of a Girl And a Crocodile who must Discover a Waitress in Nigeria, releaseYear=2006, length=150, rating=PG-13
?[0;31mindex=73, title=BINGO TALENTED, description=A Touching Tale of a Girl And a Crocodile who must Discover a Waitress in Nigeria, releaseYear=2006, length=150, rating=PG-13?[0m
MOVIE LOADED: index=74, title=BIRCH ANTITRUST, description=A Fanciful Panorama of a Husband And a Pioneer who must Outgun a Dog in A Baloon, releaseYear=2006, length=162, rating=PG
?[0;31mindex=74, title=BIRCH ANTITRUST, description=A Fanciful Panorama of a Husband And a Pioneer who must Outgun a Dog in A Baloon, releaseYear=2006, length=162, rating=PG?[0m
MOVIE LOADED: index=75, title=BIRD INDEPENDENCE, description=A Thrilling Documentary of a Car And a Student who must Sink a Hunter in The Canadian Rockies, releaseYear=2006, length=163, rating=G
?[0;31mindex=75, title=BIRD INDEPENDENCE, description=A Thrilling Documentary of a Car And a Student who must Sink a Hunter in The Canadian Rockies, releaseYear=2006, length=163, rating=G?[0m
MOVIE LOADED: index=76, title=BIRDCAGE CASPER, description=A Fast-Paced Saga of a Frisbee And a Astronaut who must Overcome a Feminist in Ancient India, releaseYear=2006, length=103, rating=NC-17
?[0;31mindex=76, title=BIRDCAGE CASPER, description=A Fast-Paced Saga of a Frisbee And a Astronaut who must Overcome a Feminist in Ancient India, releaseYear=2006, length=103, rating=NC-17?[0m
MOVIE LOADED: index=77, title=BIRDS PERDITION, description=A Boring Story of a Womanizer And a Pioneer who must Face a Dog in California, releaseYear=2006, length=61, rating=G
?[0;31mindex=77, title=BIRDS PERDITION, description=A Boring Story of a Womanizer And a Pioneer who must Face a Dog in California, releaseYear=2006, length=61, rating=G?[0m
MOVIE LOADED: index=78, title=BLACKOUT PRIVATE, description=A Intrepid Yarn of a Pastry Chef And a Mad Scientist who must Challenge a Secret Agent in Ancient Japan, releaseYear=2006, length=85, rating=PG
?[0;31mindex=78, title=BLACKOUT PRIVATE, description=A Intrepid Yarn of a Pastry Chef And a Mad Scientist who must Challenge a Secret Agent in Ancient Japan, releaseYear=2006, length=85, rating=PG?[0m
MOVIE LOADED: index=79, title=BLADE POLISH, description=A Thoughtful Character Study of a Frisbee And a Pastry Chef who must Fight a Dentist in The First Manned Space Station, releaseYear=2006, length=114, rating=PG-13
?[0;31mindex=79, title=BLADE POLISH, description=A Thoughtful Character Study of a Frisbee And a Pastry Chef who must Fight a Dentist in The First Manned Space Station, releaseYear=2006, length=114, rating=PG-13?[0m
MOVIE LOADED: index=80, title=BLANKET BEVERLY, description=A Emotional Documentary of a Student And a Girl who must Build a Boat in Nigeria, releaseYear=2006, length=148, rating=G
?[0;31mindex=80, title=BLANKET BEVERLY, description=A Emotional Documentary of a Student And a Girl who must Build a Boat in Nigeria, releaseYear=2006, length=148, rating=G?[0m
MOVIE LOADED: index=81, title=BLINDNESS GUN, description=A Touching Drama of a Robot And a Dentist who must Meet a Hunter in A Jet Boat, releaseYear=2006, length=103, rating=PG-13
?[0;31mindex=81, title=BLINDNESS GUN, description=A Touching Drama of a Robot And a Dentist who must Meet a Hunter in A Jet Boat, releaseYear=2006, length=103, rating=PG-13?[0m
MOVIE LOADED: index=82, title=BLOOD ARGONAUTS, description=A Boring Drama of a Explorer And a Man who must Kill a Lumberjack in A Manhattan Penthouse, releaseYear=2006, length=71, rating=G
?[0;31mindex=82, title=BLOOD ARGONAUTS, description=A Boring Drama of a Explorer And a Man who must Kill a Lumberjack in A Manhattan Penthouse, releaseYear=2006, length=71, rating=G?[0m
MOVIE LOADED: index=83, title=BLUES INSTINCT, description=A Insightful Documentary of a Boat And a Composer who must Meet a Forensic Psychologist in An Abandoned Fun House, releaseYear=2006, length=50, rating=G
?[0;31mindex=83, title=BLUES INSTINCT, description=A Insightful Documentary of a Boat And a Composer who must Meet a Forensic Psychologist in An Abandoned Fun House, releaseYear=2006, length=50, rating=G?[0m
MOVIE LOADED: index=84, title=BOILED DARES, description=A Awe-Inspiring Story of a Waitress And a Dog who must Discover a Dentist in Ancient Japan, releaseYear=2006, length=102, rating=PG
?[0;31mindex=84, title=BOILED DARES, description=A Awe-Inspiring Story of a Waitress And a Dog who must Discover a Dentist in Ancient Japan, releaseYear=2006, length=102, rating=PG?[0m
MOVIE LOADED: index=85, title=BONNIE HOLOCAUST, description=A Fast-Paced Story of a Crocodile And a Robot who must Find a Moose in Ancient Japan, releaseYear=2006, length=63, rating=G
?[0;31mindex=85, title=BONNIE HOLOCAUST, description=A Fast-Paced Story of a Crocodile And a Robot who must Find a Moose in Ancient Japan, releaseYear=2006, length=63, rating=G?[0m
MOVIE LOADED: index=86, title=BOOGIE AMELIE, description=A Lacklusture Character Study of a Husband And a Sumo Wrestler who must Succumb a Technical Writer in The Gulf of Mexico, releaseYear=2006, length=121, rating=R
?[0;31mindex=86, title=BOOGIE AMELIE, description=A Lacklusture Character Study of a Husband And a Sumo Wrestler who must Succumb a Technical Writer in The Gulf of Mexico, releaseYear=2006, length=121, rating=R?[0m
MOVIE LOADED: index=87, title=BOONDOCK BALLROOM, description=A Fateful Panorama of a Crocodile And a Boy who must Defeat a Monkey in The Gulf of Mexico, releaseYear=2006, length=76, rating=NC-17
?[0;31mindex=87, title=BOONDOCK BALLROOM, description=A Fateful Panorama of a Crocodile And a Boy who must Defeat a Monkey in The Gulf of Mexico, releaseYear=2006, length=76, rating=NC-17?[0m
MOVIE LOADED: index=88, title=BORN SPINAL, description=A Touching Epistle of a Frisbee And a Husband who must Pursue a Student in Nigeria, releaseYear=2006, length=179, rating=PG
?[0;31mindex=88, title=BORN SPINAL, description=A Touching Epistle of a Frisbee And a Husband who must Pursue a Student in Nigeria, releaseYear=2006, length=179, rating=PG?[0m
MOVIE LOADED: index=89, title=BORROWERS BEDAZZLED, description=A Brilliant Epistle of a Teacher And a Sumo Wrestler who must Defeat a Man in An Abandoned Fun House, releaseYear=2006, length=63, rating=G
?[0;31mindex=89, title=BORROWERS BEDAZZLED, description=A Brilliant Epistle of a Teacher And a Sumo Wrestler who must Defeat a Man in An Abandoned Fun House, releaseYear=2006, length=63, rating=G?[0m
MOVIE LOADED: index=90, title=BOULEVARD MOB, description=A Fateful Epistle of a Moose And a Monkey who must Confront a Lumberjack in Ancient China, releaseYear=2006, length=63, rating=R
?[0;31mindex=90, title=BOULEVARD MOB, description=A Fateful Epistle of a Moose And a Monkey who must Confront a Lumberjack in Ancient China, releaseYear=2006, length=63, rating=R?[0m
MOVIE LOADED: index=91, title=BOUND CHEAPER, description=A Thrilling Panorama of a Database Administrator And a Astronaut who must Challenge a Lumberjack in A Baloon, releaseYear=2006, length=98, rating=PG
?[0;31mindex=91, title=BOUND CHEAPER, description=A Thrilling Panorama of a Database Administrator And a Astronaut who must Challenge a Lumberjack in A Baloon, releaseYear=2006, length=98, rating=PG?[0m
MOVIE LOADED: index=92, title=BOWFINGER GABLES, description=A Fast-Paced Yarn of a Waitress And a Composer who must Outgun a Dentist in California, releaseYear=2006, length=72, rating=NC-17
?[0;31mindex=92, title=BOWFINGER GABLES, description=A Fast-Paced Yarn of a Waitress And a Composer who must Outgun a Dentist in California, releaseYear=2006, length=72, rating=NC-17?[0m
MOVIE LOADED: index=93, title=BRANNIGAN SUNRISE, description=A Amazing Epistle of a Moose And a Crocodile who must Outrace a Dog in Berlin, releaseYear=2006, length=121, rating=PG
?[0;31mindex=93, title=BRANNIGAN SUNRISE, description=A Amazing Epistle of a Moose And a Crocodile who must Outrace a Dog in Berlin, releaseYear=2006, length=121, rating=PG?[0m
MOVIE LOADED: index=94, title=BRAVEHEART HUMAN, description=A Insightful Story of a Dog And a Pastry Chef who must Battle a Girl in Berlin, releaseYear=2006, length=176, rating=PG-13
?[0;31mindex=94, title=BRAVEHEART HUMAN, description=A Insightful Story of a Dog And a Pastry Chef who must Battle a Girl in Berlin, releaseYear=2006, length=176, rating=PG-13?[0m
MOVIE LOADED: index=95, title=BREAKFAST GOLDFINGER, description=A Beautiful Reflection of a Student And a Student who must Fight a Moose in Berlin, releaseYear=2006, length=123, rating=G
?[0;31mindex=95, title=BREAKFAST GOLDFINGER, description=A Beautiful Reflection of a Student And a Student who must Fight a Moose in Berlin, releaseYear=2006, length=123, rating=G?[0m
MOVIE LOADED: index=96, title=BREAKING HOME, description=A Beautiful Display of a Secret Agent And a Monkey who must Battle a Sumo Wrestler in An Abandoned Mine Shaft, releaseYear=2006, length=169, rating=PG-13
?[0;31mindex=96, title=BREAKING HOME, description=A Beautiful Display of a Secret Agent And a Monkey who must Battle a Sumo Wrestler in An Abandoned Mine Shaft, releaseYear=2006, length=169, rating=PG-13?[0m
MOVIE LOADED: index=97, title=BRIDE INTRIGUE, description=A Epic Tale of a Robot And a Monkey who must Vanquish a Man in New Orleans, releaseYear=2006, length=56, rating=G
?[0;31mindex=97, title=BRIDE INTRIGUE, description=A Epic Tale of a Robot And a Monkey who must Vanquish a Man in New Orleans, releaseYear=2006, length=56, rating=G?[0m
MOVIE LOADED: index=98, title=BRIGHT ENCOUNTERS, description=A Fateful Yarn of a Lumberjack And a Feminist who must Conquer a Student in A Jet Boat, releaseYear=2006, length=73, rating=PG-13
?[0;31mindex=98, title=BRIGHT ENCOUNTERS, description=A Fateful Yarn of a Lumberjack And a Feminist who must Conquer a Student in A Jet Boat, releaseYear=2006, length=73, rating=PG-13?[0m
MOVIE LOADED: index=99, title=BRINGING HYSTERICAL, description=A Fateful Saga of a A Shark And a Technical Writer who must Find a Woman in A Jet Boat, releaseYear=2006, length=136, rating=PG
?[0;31mindex=99, title=BRINGING HYSTERICAL, description=A Fateful Saga of a A Shark And a Technical Writer who must Find a Woman in A Jet Boat, releaseYear=2006, length=136, rating=PG?[0m
MOVIE LOADED: index=100, title=BROOKLYN DESERT, description=A Beautiful Drama of a Dentist And a Composer who must Battle a Sumo Wrestler in The First Manned Space Station, releaseYear=2006, length=161, rating=R
?[0;31mindex=100, title=BROOKLYN DESERT, description=A Beautiful Drama of a Dentist And a Composer who must Battle a Sumo Wrestler in The First Manned Space Station, releaseYear=2006, length=161, rating=R?[0m
MOVIE LOADED: index=101, title=BROTHERHOOD BLANKET, description=A Fateful Character Study of a Butler And a Technical Writer who must Sink a Astronaut in Ancient Japan, releaseYear=2006, length=73, rating=R
?[0;31mindex=101, title=BROTHERHOOD BLANKET, description=A Fateful Character Study of a Butler And a Technical Writer who must Sink a Astronaut in Ancient Japan, releaseYear=2006, length=73, rating=R?[0m
MOVIE LOADED: index=102, title=BUBBLE GROSSE, description=A Awe-Inspiring Panorama of a Crocodile And a Moose who must Confront a Girl in A Baloon, releaseYear=2006, length=60, rating=R
?[0;31mindex=102, title=BUBBLE GROSSE, description=A Awe-Inspiring Panorama of a Crocodile And a Moose who must Confront a Girl in A Baloon, releaseYear=2006, length=60, rating=R?[0m
MOVIE LOADED: index=103, title=BUCKET BROTHERHOOD, description=A Amazing Display of a Girl And a Womanizer who must Succumb a Lumberjack in A Baloon Factory, releaseYear=2006, length=133, rating=PG
?[0;31mindex=103, title=BUCKET BROTHERHOOD, description=A Amazing Display of a Girl And a Womanizer who must Succumb a Lumberjack in A Baloon Factory, releaseYear=2006, length=133, rating=PG?[0m
MOVIE LOADED: index=104, title=BUGSY SONG, description=A Awe-Inspiring Character Study of a Secret Agent And a Boat who must Find a Squirrel in The First Manned Space Station, releaseYear=2006, length=119, rating=G
?[0;31mindex=104, title=BUGSY SONG, description=A Awe-Inspiring Character Study of a Secret Agent And a Boat who must Find a Squirrel in The First Manned Space Station, releaseYear=2006, length=119, rating=G?[0m
MOVIE LOADED: index=105, title=BULL SHAWSHANK, description=A Fanciful Drama of a Moose And a Squirrel who must Conquer a Pioneer in The Canadian Rockies, releaseYear=2006, length=125, rating=NC-17
?[0;31mindex=105, title=BULL SHAWSHANK, description=A Fanciful Drama of a Moose And a Squirrel who must Conquer a Pioneer in The Canadian Rockies, releaseYear=2006, length=125, rating=NC-17?[0m
MOVIE LOADED: index=106, title=BULWORTH COMMANDMENTS, description=A Amazing Display of a Mad Cow And a Pioneer who must Redeem a Sumo Wrestler in The Outback, releaseYear=2006, length=61, rating=G
?[0;31mindex=106, title=BULWORTH COMMANDMENTS, description=A Amazing Display of a Mad Cow And a Pioneer who must Redeem a Sumo Wrestler in The Outback, releaseYear=2006, length=61, rating=G?[0m
MOVIE LOADED: index=107, title=BUNCH MINDS, description=A Emotional Story of a Feminist And a Feminist who must Escape a Pastry Chef in A MySQL Convention, releaseYear=2006, length=63, rating=G
?[0;31mindex=107, title=BUNCH MINDS, description=A Emotional Story of a Feminist And a Feminist who must Escape a Pastry Chef in A MySQL Convention, releaseYear=2006, length=63, rating=G?[0m
MOVIE LOADED: index=108, title=BUTCH PANTHER, description=A Lacklusture Yarn of a Feminist And a Database Administrator who must Face a Hunter in New Orleans, releaseYear=2006, length=67, rating=PG-13
?[0;31mindex=108, title=BUTCH PANTHER, description=A Lacklusture Yarn of a Feminist And a Database Administrator who must Face a Hunter in New Orleans, releaseYear=2006, length=67, rating=PG-13?[0m
MOVIE LOADED: index=109, title=BUTTERFLY CHOCOLAT, description=A Fateful Story of a Girl And a Composer who must Conquer a Husband in A Shark Tank, releaseYear=2006, length=89, rating=G
?[0;31mindex=109, title=BUTTERFLY CHOCOLAT, description=A Fateful Story of a Girl And a Composer who must Conquer a Husband in A Shark Tank, releaseYear=2006, length=89, rating=G?[0m
MOVIE LOADED: index=110, title=CABIN FLASH, description=A Stunning Epistle of a Boat And a Man who must Challenge a A Shark in A Baloon Factory, releaseYear=2006, length=53, rating=NC-17
?[0;31mindex=110, title=CABIN FLASH, description=A Stunning Epistle of a Boat And a Man who must Challenge a A Shark in A Baloon Factory, releaseYear=2006, length=53, rating=NC-17?[0m
MOVIE LOADED: index=111, title=CADDYSHACK JEDI, description=A Awe-Inspiring Epistle of a Woman And a Madman who must Fight a Robot in Soviet Georgia, releaseYear=2006, length=52, rating=NC-17
?[0;31mindex=111, title=CADDYSHACK JEDI, description=A Awe-Inspiring Epistle of a Woman And a Madman who must Fight a Robot in Soviet Georgia, releaseYear=2006, length=52, rating=NC-17?[0m
MOVIE LOADED: index=112, title=CALENDAR GUNFIGHT, description=A Thrilling Drama of a Frisbee And a Lumberjack who must Sink a Man in Nigeria, releaseYear=2006, length=120, rating=NC-17
?[0;31mindex=112, title=CALENDAR GUNFIGHT, description=A Thrilling Drama of a Frisbee And a Lumberjack who must Sink a Man in Nigeria, releaseYear=2006, length=120, rating=NC-17?[0m
MOVIE LOADED: index=113, title=CALIFORNIA BIRDS, description=A Thrilling Yarn of a Database Administrator And a Robot who must Battle a Database Administrator in Ancient India, releaseYear=2006, length=75, rating=NC-17
?[0;31mindex=113, title=CALIFORNIA BIRDS, description=A Thrilling Yarn of a Database Administrator And a Robot who must Battle a Database Administrator in Ancient India, releaseYear=2006, length=75, rating=NC-17?[0m
MOVIE LOADED: index=114, title=CAMELOT VACATION, description=A Touching Character Study of a Woman And a Waitress who must Battle a Pastry Chef in A MySQL Convention, releaseYear=2006, length=61, rating=NC-17
?[0;31mindex=114, title=CAMELOT VACATION, description=A Touching Character Study of a Woman And a Waitress who must Battle a Pastry Chef in A MySQL Convention, releaseYear=2006, length=61, rating=NC-17?[0m
MOVIE LOADED: index=115, title=CAMPUS REMEMBER, description=A Astounding Drama of a Crocodile And a Mad Cow who must Build a Robot in A Jet Boat, releaseYear=2006, length=167, rating=R
?[0;31mindex=115, title=CAMPUS REMEMBER, description=A Astounding Drama of a Crocodile And a Mad Cow who must Build a Robot in A Jet Boat, releaseYear=2006, length=167, rating=R?[0m
MOVIE LOADED: index=116, title=CANDIDATE PERDITION, description=A Brilliant Epistle of a Composer And a Database Administrator who must Vanquish a Mad Scientist in The First Manned Space Station, releaseYear=2006, length=70, rating=R
?[0;31mindex=116, title=CANDIDATE PERDITION, description=A Brilliant Epistle of a Composer And a Database Administrator who must Vanquish a Mad Scientist in The First Manned Space Station, releaseYear=2006, length=70, rating=R?[0m
MOVIE LOADED: index=117, title=CANDLES GRAPES, description=A Fanciful Character Study of a Monkey And a Explorer who must Build a Astronaut in An Abandoned Fun House, releaseYear=2006, length=135, rating=NC-17
?[0;31mindex=117, title=CANDLES GRAPES, description=A Fanciful Character Study of a Monkey And a Explorer who must Build a Astronaut in An Abandoned Fun House, releaseYear=2006, length=135, rating=NC-17?[0m
MOVIE LOADED: index=118, title=CANYON STOCK, description=A Thoughtful Reflection of a Waitress And a Feminist who must Escape a Squirrel in A Manhattan Penthouse, releaseYear=2006, length=85, rating=R
?[0;31mindex=118, title=CANYON STOCK, description=A Thoughtful Reflection of a Waitress And a Feminist who must Escape a Squirrel in A Manhattan Penthouse, releaseYear=2006, length=85, rating=R?[0m
MOVIE LOADED: index=119, title=CAPER MOTIONS, description=A Fateful Saga of a Moose And a Car who must Pursue a Woman in A MySQL Convention, releaseYear=2006, length=176, rating=G
?[0;31mindex=119, title=CAPER MOTIONS, description=A Fateful Saga of a Moose And a Car who must Pursue a Woman in A MySQL Convention, releaseYear=2006, length=176, rating=G?[0m
MOVIE LOADED: index=120, title=CARIBBEAN LIBERTY, description=A Fanciful Tale of a Pioneer And a Technical Writer who must Outgun a Pioneer in A Shark Tank, releaseYear=2006, length=92, rating=NC-17
?[0;31mindex=120, title=CARIBBEAN LIBERTY, description=A Fanciful Tale of a Pioneer And a Technical Writer who must Outgun a Pioneer in A Shark Tank, releaseYear=2006, length=92, rating=NC-17?[0m
MOVIE LOADED: index=121, title=CAROL TEXAS, description=A Astounding Character Study of a Composer And a Student who must Overcome a Composer in A Monastery, releaseYear=2006, length=151, rating=PG
?[0;31mindex=121, title=CAROL TEXAS, description=A Astounding Character Study of a Composer And a Student who must Overcome a Composer in A Monastery, releaseYear=2006, length=151, rating=PG?[0m
MOVIE LOADED: index=122, title=CARRIE BUNCH, description=A Amazing Epistle of a Student And a Astronaut who must Discover a Frisbee in The Canadian Rockies, releaseYear=2006, length=114, rating=PG
?[0;31mindex=122, title=CARRIE BUNCH, description=A Amazing Epistle of a Student And a Astronaut who must Discover a Frisbee in The Canadian Rockies, releaseYear=2006, length=114, rating=PG?[0m
MOVIE LOADED: index=123, title=CASABLANCA SUPER, description=A Amazing Panorama of a Crocodile And a Forensic Psychologist who must Pursue a Secret Agent in The First Manned Space Station, releaseYear=2006, length=85, rating=G
?[0;31mindex=123, title=CASABLANCA SUPER, description=A Amazing Panorama of a Crocodile And a Forensic Psychologist who must Pursue a Secret Agent in The First Manned Space Station, releaseYear=2006, length=85, rating=G?[0m
MOVIE LOADED: index=124, title=CASPER DRAGONFLY, description=A Intrepid Documentary of a Boat And a Crocodile who must Chase a Robot in The Sahara Desert, releaseYear=2006, length=163, rating=PG-13
?[0;31mindex=124, title=CASPER DRAGONFLY, description=A Intrepid Documentary of a Boat And a Crocodile who must Chase a Robot in The Sahara Desert, releaseYear=2006, length=163, rating=PG-13?[0m
MOVIE LOADED: index=125, title=CASSIDY WYOMING, description=A Intrepid Drama of a Frisbee And a Hunter who must Kill a Secret Agent in New Orleans, releaseYear=2006, length=61, rating=NC-17
?[0;31mindex=125, title=CASSIDY WYOMING, description=A Intrepid Drama of a Frisbee And a Hunter who must Kill a Secret Agent in New Orleans, releaseYear=2006, length=61, rating=NC-17?[0m
MOVIE LOADED: index=126, title=CASUALTIES ENCINO, description=A Insightful Yarn of a A Shark And a Pastry Chef who must Face a Boy in A Monastery, releaseYear=2006, length=179, rating=G
?[0;31mindex=126, title=CASUALTIES ENCINO, description=A Insightful Yarn of a A Shark And a Pastry Chef who must Face a Boy in A Monastery, releaseYear=2006, length=179, rating=G?[0m
MOVIE LOADED: index=127, title=CAT CONEHEADS, description=A Fast-Paced Panorama of a Girl And a A Shark who must Confront a Boy in Ancient India, releaseYear=2006, length=112, rating=G
?[0;31mindex=127, title=CAT CONEHEADS, description=A Fast-Paced Panorama of a Girl And a A Shark who must Confront a Boy in Ancient India, releaseYear=2006, length=112, rating=G?[0m
MOVIE LOADED: index=128, title=CATCH AMISTAD, description=A Boring Reflection of a Lumberjack And a Feminist who must Discover a Woman in Nigeria, releaseYear=2006, length=183, rating=G
?[0;31mindex=128, title=CATCH AMISTAD, description=A Boring Reflection of a Lumberjack And a Feminist who must Discover a Woman in Nigeria, releaseYear=2006, length=183, rating=G?[0m
MOVIE LOADED: index=129, title=CAUSE DATE, description=A Taut Tale of a Explorer And a Pastry Chef who must Conquer a Hunter in A MySQL Convention, releaseYear=2006, length=179, rating=R
?[0;31mindex=129, title=CAUSE DATE, description=A Taut Tale of a Explorer And a Pastry Chef who must Conquer a Hunter in A MySQL Convention, releaseYear=2006, length=179, rating=R?[0m
MOVIE LOADED: index=130, title=CELEBRITY HORN, description=A Amazing Documentary of a Secret Agent And a Astronaut who must Vanquish a Hunter in A Shark Tank, releaseYear=2006, length=110, rating=PG-13
?[0;31mindex=130, title=CELEBRITY HORN, description=A Amazing Documentary of a Secret Agent And a Astronaut who must Vanquish a Hunter in A Shark Tank, releaseYear=2006, length=110, rating=PG-13?[0m
MOVIE LOADED: index=131, title=CENTER DINOSAUR, description=A Beautiful Character Study of a Sumo Wrestler And a Dentist who must Find a Dog in California, releaseYear=2006, length=152, rating=PG
?[0;31mindex=131, title=CENTER DINOSAUR, description=A Beautiful Character Study of a Sumo Wrestler And a Dentist who must Find a Dog in California, releaseYear=2006, length=152, rating=PG?[0m
MOVIE LOADED: index=132, title=CHAINSAW UPTOWN, description=A Beautiful Documentary of a Boy And a Robot who must Discover a Squirrel in Australia, releaseYear=2006, length=114, rating=PG
?[0;31mindex=132, title=CHAINSAW UPTOWN, description=A Beautiful Documentary of a Boy And a Robot who must Discover a Squirrel in Australia, releaseYear=2006, length=114, rating=PG?[0m
MOVIE LOADED: index=133, title=CHAMBER ITALIAN, description=A Fateful Reflection of a Moose And a Husband who must Overcome a Monkey in Nigeria, releaseYear=2006, length=117, rating=NC-17
?[0;31mindex=133, title=CHAMBER ITALIAN, description=A Fateful Reflection of a Moose And a Husband who must Overcome a Monkey in Nigeria, releaseYear=2006, length=117, rating=NC-17?[0m
MOVIE LOADED: index=134, title=CHAMPION FLATLINERS, description=A Amazing Story of a Mad Cow And a Dog who must Kill a Husband in A Monastery, releaseYear=2006, length=51, rating=PG
?[0;31mindex=134, title=CHAMPION FLATLINERS, description=A Amazing Story of a Mad Cow And a Dog who must Kill a Husband in A Monastery, releaseYear=2006, length=51, rating=PG?[0m
MOVIE LOADED: index=135, title=CHANCE RESURRECTION, description=A Astounding Story of a Forensic Psychologist And a Forensic Psychologist who must Overcome a Moose in Ancient China, releaseYear=2006, length=70, rating=R
?[0;31mindex=135, title=CHANCE RESURRECTION, description=A Astounding Story of a Forensic Psychologist And a Forensic Psychologist who must Overcome a Moose in Ancient China, releaseYear=2006, length=70, rating=R?[0m
MOVIE LOADED: index=136, title=CHAPLIN LICENSE, description=A Boring Drama of a Dog And a Forensic Psychologist who must Outrace a Explorer in Ancient India, releaseYear=2006, length=146, rating=NC-17
?[0;31mindex=136, title=CHAPLIN LICENSE, description=A Boring Drama of a Dog And a Forensic Psychologist who must Outrace a Explorer in Ancient India, releaseYear=2006, length=146, rating=NC-17?[0m
MOVIE LOADED: index=137, title=CHARADE DUFFEL, description=A Action-Packed Display of a Man And a Waitress who must Build a Dog in A MySQL Convention, releaseYear=2006, length=66, rating=PG
?[0;31mindex=137, title=CHARADE DUFFEL, description=A Action-Packed Display of a Man And a Waitress who must Build a Dog in A MySQL Convention, releaseYear=2006, length=66, rating=PG?[0m
MOVIE LOADED: index=138, title=CHARIOTS CONSPIRACY, description=A Unbelieveable Epistle of a Robot And a Husband who must Chase a Robot in The First Manned Space Station, releaseYear=2006, length=71, rating=R
?[0;31mindex=138, title=CHARIOTS CONSPIRACY, description=A Unbelieveable Epistle of a Robot And a Husband who must Chase a Robot in The First Manned Space Station, releaseYear=2006, length=71, rating=R?[0m
MOVIE LOADED: index=139, title=CHASING FIGHT, description=A Astounding Saga of a Technical Writer And a Butler who must Battle a Butler in A Shark Tank, releaseYear=2006, length=114, rating=PG
?[0;31mindex=139, title=CHASING FIGHT, description=A Astounding Saga of a Technical Writer And a Butler who must Battle a Butler in A Shark Tank, releaseYear=2006, length=114, rating=PG?[0m
MOVIE LOADED: index=140, title=CHEAPER CLYDE, description=A Emotional Character Study of a Pioneer And a Girl who must Discover a Dog in Ancient Japan, releaseYear=2006, length=87, rating=G
?[0;31mindex=140, title=CHEAPER CLYDE, description=A Emotional Character Study of a Pioneer And a Girl who must Discover a Dog in Ancient Japan, releaseYear=2006, length=87, rating=G?[0m
MOVIE LOADED: index=141, title=CHICAGO NORTH, description=A Fateful Yarn of a Mad Cow And a Waitress who must Battle a Student in California, releaseYear=2006, length=185, rating=PG-13
?[0;31mindex=141, title=CHICAGO NORTH, description=A Fateful Yarn of a Mad Cow And a Waitress who must Battle a Student in California, releaseYear=2006, length=185, rating=PG-13?[0m
MOVIE LOADED: index=142, title=CHICKEN HELLFIGHTERS, description=A Emotional Drama of a Dog And a Explorer who must Outrace a Technical Writer in Australia, releaseYear=2006, length=122, rating=PG
?[0;31mindex=142, title=CHICKEN HELLFIGHTERS, description=A Emotional Drama of a Dog And a Explorer who must Outrace a Technical Writer in Australia, releaseYear=2006, length=122, rating=PG?[0m
MOVIE LOADED: index=143, title=CHILL LUCK, description=A Lacklusture Epistle of a Boat And a Technical Writer who must Fight a A Shark in The Canadian Rockies, releaseYear=2006, length=142, rating=PG
?[0;31mindex=143, title=CHILL LUCK, description=A Lacklusture Epistle of a Boat And a Technical Writer who must Fight a A Shark in The Canadian Rockies, releaseYear=2006, length=142, rating=PG?[0m
MOVIE LOADED: index=144, title=CHINATOWN GLADIATOR, description=A Brilliant Panorama of a Technical Writer And a Lumberjack who must Escape a Butler in Ancient India, releaseYear=2006, length=61, rating=PG
?[0;31mindex=144, title=CHINATOWN GLADIATOR, description=A Brilliant Panorama of a Technical Writer And a Lumberjack who must Escape a Butler in Ancient India, releaseYear=2006, length=61, rating=PG?[0m
MOVIE LOADED: index=145, title=CHISUM BEHAVIOR, description=A Epic Documentary of a Sumo Wrestler And a Butler who must Kill a Car in Ancient India, releaseYear=2006, length=124, rating=G
?[0;31mindex=145, title=CHISUM BEHAVIOR, description=A Epic Documentary of a Sumo Wrestler And a Butler who must Kill a Car in Ancient India, releaseYear=2006, length=124, rating=G?[0m
MOVIE LOADED: index=146, title=CHITTY LOCK, description=A Boring Epistle of a Boat And a Database Administrator who must Kill a Sumo Wrestler in The First Manned Space Station, releaseYear=2006, length=107, rating=G
?[0;31mindex=146, title=CHITTY LOCK, description=A Boring Epistle of a Boat And a Database Administrator who must Kill a Sumo Wrestler in The First Manned Space Station, releaseYear=2006, length=107, rating=G?[0m
MOVIE LOADED: index=147, title=CHOCOLAT HARRY, description=A Action-Packed Epistle of a Dentist And a Moose who must Meet a Mad Cow in Ancient Japan, releaseYear=2006, length=101, rating=NC-17
?[0;31mindex=147, title=CHOCOLAT HARRY, description=A Action-Packed Epistle of a Dentist And a Moose who must Meet a Mad Cow in Ancient Japan, releaseYear=2006, length=101, rating=NC-17?[0m
MOVIE LOADED: index=148, title=CHOCOLATE DUCK, description=A Unbelieveable Story of a Mad Scientist And a Technical Writer who must Discover a Composer in Ancient China, releaseYear=2006, length=132, rating=R
?[0;31mindex=148, title=CHOCOLATE DUCK, description=A Unbelieveable Story of a Mad Scientist And a Technical Writer who must Discover a Composer in Ancient China, releaseYear=2006, length=132, rating=R?[0m
MOVIE LOADED: index=149, title=CHRISTMAS MOONSHINE, description=A Action-Packed Epistle of a Feminist And a Astronaut who must Conquer a Boat in A Manhattan Penthouse, releaseYear=2006, length=150, rating=NC-17
?[0;31mindex=149, title=CHRISTMAS MOONSHINE, description=A Action-Packed Epistle of a Feminist And a Astronaut who must Conquer a Boat in A Manhattan Penthouse, releaseYear=2006, length=150, rating=NC-17?[0m
MOVIE LOADED: index=150, title=CIDER DESIRE, description=A Stunning Character Study of a Composer And a Mad Cow who must Succumb a Cat in Soviet Georgia, releaseYear=2006, length=101, rating=PG
?[0;31mindex=150, title=CIDER DESIRE, description=A Stunning Character Study of a Composer And a Mad Cow who must Succumb a Cat in Soviet Georgia, releaseYear=2006, length=101, rating=PG?[0m
MOVIE LOADED: index=151, title=CINCINATTI WHISPERER, description=A Brilliant Saga of a Pastry Chef And a Hunter who must Confront a Butler in Berlin, releaseYear=2006, length=143, rating=NC-17
?[0;31mindex=151, title=CINCINATTI WHISPERER, description=A Brilliant Saga of a Pastry Chef And a Hunter who must Confront a Butler in Berlin, releaseYear=2006, length=143, rating=NC-17?[0m
MOVIE LOADED: index=152, title=CIRCUS YOUTH, description=A Thoughtful Drama of a Pastry Chef And a Dentist who must Pursue a Girl in A Baloon, releaseYear=2006, length=90, rating=PG-13
?[0;31mindex=152, title=CIRCUS YOUTH, description=A Thoughtful Drama of a Pastry Chef And a Dentist who must Pursue a Girl in A Baloon, releaseYear=2006, length=90, rating=PG-13?[0m
MOVIE LOADED: index=153, title=CITIZEN SHREK, description=A Fanciful Character Study of a Technical Writer And a Husband who must Redeem a Robot in The Outback, releaseYear=2006, length=165, rating=G
?[0;31mindex=153, title=CITIZEN SHREK, description=A Fanciful Character Study of a Technical Writer And a Husband who must Redeem a Robot in The Outback, releaseYear=2006, length=165, rating=G?[0m
MOVIE LOADED: index=154, title=CLASH FREDDY, description=A Amazing Yarn of a Composer And a Squirrel who must Escape a Astronaut in Australia, releaseYear=2006, length=81, rating=G
?[0;31mindex=154, title=CLASH FREDDY, description=A Amazing Yarn of a Composer And a Squirrel who must Escape a Astronaut in Australia, releaseYear=2006, length=81, rating=G?[0m
MOVIE LOADED: index=155, title=CLEOPATRA DEVIL, description=A Fanciful Documentary of a Crocodile And a Technical Writer who must Fight a A Shark in A Baloon, releaseYear=2006, length=150, rating=PG-13
?[0;31mindex=155, title=CLEOPATRA DEVIL, description=A Fanciful Documentary of a Crocodile And a Technical Writer who must Fight a A Shark in A Baloon, releaseYear=2006, length=150, rating=PG-13?[0m
MOVIE LOADED: index=156, title=CLERKS ANGELS, description=A Thrilling Display of a Sumo Wrestler And a Girl who must Confront a Man in A Baloon, releaseYear=2006, length=164, rating=G
?[0;31mindex=156, title=CLERKS ANGELS, description=A Thrilling Display of a Sumo Wrestler And a Girl who must Confront a Man in A Baloon, releaseYear=2006, length=164, rating=G?[0m
MOVIE LOADED: index=157, title=CLOCKWORK PARADISE, description=A Insightful Documentary of a Technical Writer And a Feminist who must Challenge a Cat in A Baloon, releaseYear=2006, length=143, rating=PG-13
?[0;31mindex=157, title=CLOCKWORK PARADISE, description=A Insightful Documentary of a Technical Writer And a Feminist who must Challenge a Cat in A Baloon, releaseYear=2006, length=143, rating=PG-13?[0m
MOVIE LOADED: index=158, title=CLONES PINOCCHIO, description=A Amazing Drama of a Car And a Robot who must Pursue a Dentist in New Orleans, releaseYear=2006, length=124, rating=R
?[0;31mindex=158, title=CLONES PINOCCHIO, description=A Amazing Drama of a Car And a Robot who must Pursue a Dentist in New Orleans, releaseYear=2006, length=124, rating=R?[0m
MOVIE LOADED: index=159, title=CLOSER BANG, description=A Unbelieveable Panorama of a Frisbee And a Hunter who must Vanquish a Monkey in Ancient India, releaseYear=2006, length=58, rating=R
?[0;31mindex=159, title=CLOSER BANG, description=A Unbelieveable Panorama of a Frisbee And a Hunter who must Vanquish a Monkey in Ancient India, releaseYear=2006, length=58, rating=R?[0m
MOVIE LOADED: index=160, title=CLUB GRAFFITI, description=A Epic Tale of a Pioneer And a Hunter who must Escape a Girl in A U-Boat, releaseYear=2006, length=65, rating=PG-13
?[0;31mindex=160, title=CLUB GRAFFITI, description=A Epic Tale of a Pioneer And a Hunter who must Escape a Girl in A U-Boat, releaseYear=2006, length=65, rating=PG-13?[0m
MOVIE LOADED: index=161, title=CLUE GRAIL, description=A Taut Tale of a Butler And a Mad Scientist who must Build a Crocodile in Ancient China, releaseYear=2006, length=70, rating=NC-17
?[0;31mindex=161, title=CLUE GRAIL, description=A Taut Tale of a Butler And a Mad Scientist who must Build a Crocodile in Ancient China, releaseYear=2006, length=70, rating=NC-17?[0m
MOVIE LOADED: index=162, title=CLUELESS BUCKET, description=A Taut Tale of a Car And a Pioneer who must Conquer a Sumo Wrestler in An Abandoned Fun House, releaseYear=2006, length=95, rating=R
?[0;31mindex=162, title=CLUELESS BUCKET, description=A Taut Tale of a Car And a Pioneer who must Conquer a Sumo Wrestler in An Abandoned Fun House, releaseYear=2006, length=95, rating=R?[0m
MOVIE LOADED: index=163, title=CLYDE THEORY, description=A Beautiful Yarn of a Astronaut And a Frisbee who must Overcome a Explorer in A Jet Boat, releaseYear=2006, length=139, rating=PG-13
?[0;31mindex=163, title=CLYDE THEORY, description=A Beautiful Yarn of a Astronaut And a Frisbee who must Overcome a Explorer in A Jet Boat, releaseYear=2006, length=139, rating=PG-13?[0m
MOVIE LOADED: index=164, title=COAST RAINBOW, description=A Astounding Documentary of a Mad Cow And a Pioneer who must Challenge a Butler in The Sahara Desert, releaseYear=2006, length=55, rating=PG
?[0;31mindex=164, title=COAST RAINBOW, description=A Astounding Documentary of a Mad Cow And a Pioneer who must Challenge a Butler in The Sahara Desert, releaseYear=2006, length=55, rating=PG?[0m
MOVIE LOADED: index=165, title=COLDBLOODED DARLING, description=A Brilliant Panorama of a Dentist And a Moose who must Find a Student in The Gulf of Mexico, releaseYear=2006, length=70, rating=G
?[0;31mindex=165, title=COLDBLOODED DARLING, description=A Brilliant Panorama of a Dentist And a Moose who must Find a Student in The Gulf of Mexico, releaseYear=2006, length=70, rating=G?[0m
MOVIE LOADED: index=166, title=COLOR PHILADELPHIA, description=A Thoughtful Panorama of a Car And a Crocodile who must Sink a Monkey in The Sahara Desert, releaseYear=2006, length=149, rating=G
?[0;31mindex=166, title=COLOR PHILADELPHIA, description=A Thoughtful Panorama of a Car And a Crocodile who must Sink a Monkey in The Sahara Desert, releaseYear=2006, length=149, rating=G?[0m
MOVIE LOADED: index=167, title=COMA HEAD, description=A Awe-Inspiring Drama of a Boy And a Frisbee who must Escape a Pastry Chef in California, releaseYear=2006, length=109, rating=NC-17
?[0;31mindex=167, title=COMA HEAD, description=A Awe-Inspiring Drama of a Boy And a Frisbee who must Escape a Pastry Chef in California, releaseYear=2006, length=109, rating=NC-17?[0m
MOVIE LOADED: index=168, title=COMANCHEROS ENEMY, description=A Boring Saga of a Lumberjack And a Monkey who must Find a Monkey in The Gulf of Mexico, releaseYear=2006, length=67, rating=R
?[0;31mindex=168, title=COMANCHEROS ENEMY, description=A Boring Saga of a Lumberjack And a Monkey who must Find a Monkey in The Gulf of Mexico, releaseYear=2006, length=67, rating=R?[0m
MOVIE LOADED: index=169, title=COMFORTS RUSH, description=A Unbelieveable Panorama of a Pioneer And a Husband who must Meet a Mad Cow in An Abandoned Mine Shaft, releaseYear=2006, length=76, rating=NC-17
?[0;31mindex=169, title=COMFORTS RUSH, description=A Unbelieveable Panorama of a Pioneer And a Husband who must Meet a Mad Cow in An Abandoned Mine Shaft, releaseYear=2006, length=76, rating=NC-17?[0m
MOVIE LOADED: index=170, title=COMMAND DARLING, description=A Awe-Inspiring Tale of a Forensic Psychologist And a Woman who must Challenge a Database Administrator in Ancient Japan, releaseYear=2006, length=120, rating=PG-13
?[0;31mindex=170, title=COMMAND DARLING, description=A Awe-Inspiring Tale of a Forensic Psychologist And a Woman who must Challenge a Database Administrator in Ancient Japan, releaseYear=2006, length=120, rating=PG-13?[0m
MOVIE LOADED: index=171, title=COMMANDMENTS EXPRESS, description=A Fanciful Saga of a Student And a Mad Scientist who must Battle a Hunter in An Abandoned Mine Shaft, releaseYear=2006, length=59, rating=R
?[0;31mindex=171, title=COMMANDMENTS EXPRESS, description=A Fanciful Saga of a Student And a Mad Scientist who must Battle a Hunter in An Abandoned Mine Shaft, releaseYear=2006, length=59, rating=R?[0m
MOVIE LOADED: index=172, title=CONEHEADS SMOOCHY, description=A Touching Story of a Womanizer And a Composer who must Pursue a Husband in Nigeria, releaseYear=2006, length=112, rating=NC-17
?[0;31mindex=172, title=CONEHEADS SMOOCHY, description=A Touching Story of a Womanizer And a Composer who must Pursue a Husband in Nigeria, releaseYear=2006, length=112, rating=NC-17?[0m
MOVIE LOADED: index=173, title=CONFESSIONS MAGUIRE, description=A Insightful Story of a Car And a Boy who must Battle a Technical Writer in A Baloon, releaseYear=2006, length=65, rating=PG-13
?[0;31mindex=173, title=CONFESSIONS MAGUIRE, description=A Insightful Story of a Car And a Boy who must Battle a Technical Writer in A Baloon, releaseYear=2006, length=65, rating=PG-13?[0m
MOVIE LOADED: index=174, title=CONFIDENTIAL INTERVIEW, description=A Stunning Reflection of a Cat And a Woman who must Find a Astronaut in Ancient Japan, releaseYear=2006, length=180, rating=NC-17
?[0;31mindex=174, title=CONFIDENTIAL INTERVIEW, description=A Stunning Reflection of a Cat And a Woman who must Find a Astronaut in Ancient Japan, releaseYear=2006, length=180, rating=NC-17?[0m
MOVIE LOADED: index=175, title=CONFUSED CANDLES, description=A Stunning Epistle of a Cat And a Forensic Psychologist who must Confront a Pioneer in A Baloon, releaseYear=2006, length=122, rating=PG-13
?[0;31mindex=175, title=CONFUSED CANDLES, description=A Stunning Epistle of a Cat And a Forensic Psychologist who must Confront a Pioneer in A Baloon, releaseYear=2006, length=122, rating=PG-13?[0m
MOVIE LOADED: index=176, title=CONGENIALITY QUEST, description=A Touching Documentary of a Cat And a Pastry Chef who must Find a Lumberjack in A Baloon, releaseYear=2006, length=87, rating=PG-13
?[0;31mindex=176, title=CONGENIALITY QUEST, description=A Touching Documentary of a Cat And a Pastry Chef who must Find a Lumberjack in A Baloon, releaseYear=2006, length=87, rating=PG-13?[0m
MOVIE LOADED: index=177, title=CONNECTICUT TRAMP, description=A Unbelieveable Drama of a Crocodile And a Mad Cow who must Reach a Dentist in A Shark Tank, releaseYear=2006, length=172, rating=R
?[0;31mindex=177, title=CONNECTICUT TRAMP, description=A Unbelieveable Drama of a Crocodile And a Mad Cow who must Reach a Dentist in A Shark Tank, releaseYear=2006, length=172, rating=R?[0m
MOVIE LOADED: index=178, title=CONNECTION MICROCOSMOS, description=A Fateful Documentary of a Crocodile And a Husband who must Face a Husband in The First Manned Space Station, releaseYear=2006, length=115, rating=G
?[0;31mindex=178, title=CONNECTION MICROCOSMOS, description=A Fateful Documentary of a Crocodile And a Husband who must Face a Husband in The First Manned Space Station, releaseYear=2006, length=115, rating=G?[0m
MOVIE LOADED: index=179, title=CONQUERER NUTS, description=A Taut Drama of a Mad Scientist And a Man who must Escape a Pioneer in An Abandoned Mine Shaft, releaseYear=2006, length=173, rating=G
?[0;31mindex=179, title=CONQUERER NUTS, description=A Taut Drama of a Mad Scientist And a Man who must Escape a Pioneer in An Abandoned Mine Shaft, releaseYear=2006, length=173, rating=G?[0m
MOVIE LOADED: index=180, title=CONSPIRACY SPIRIT, description=A Awe-Inspiring Story of a Student And a Frisbee who must Conquer a Crocodile in An Abandoned Mine Shaft, releaseYear=2006, length=184, rating=PG-13
?[0;31mindex=180, title=CONSPIRACY SPIRIT, description=A Awe-Inspiring Story of a Student And a Frisbee who must Conquer a Crocodile in An Abandoned Mine Shaft, releaseYear=2006, length=184, rating=PG-13?[0m
MOVIE LOADED: index=181, title=CONTACT ANONYMOUS, description=A Insightful Display of a A Shark And a Monkey who must Face a Database Administrator in Ancient India, releaseYear=2006, length=166, rating=PG-13
?[0;31mindex=181, title=CONTACT ANONYMOUS, description=A Insightful Display of a A Shark And a Monkey who must Face a Database Administrator in Ancient India, releaseYear=2006, length=166, rating=PG-13?[0m
MOVIE LOADED: index=182, title=CONTROL ANTHEM, description=A Fateful Documentary of a Robot And a Student who must Battle a Cat in A Monastery, releaseYear=2006, length=185, rating=G
?[0;31mindex=182, title=CONTROL ANTHEM, description=A Fateful Documentary of a Robot And a Student who must Battle a Cat in A Monastery, releaseYear=2006, length=185, rating=G?[0m
MOVIE LOADED: index=183, title=CONVERSATION DOWNHILL, description=A Taut Character Study of a Husband And a Waitress who must Sink a Squirrel in A MySQL Convention, releaseYear=2006, length=112, rating=R
?[0;31mindex=183, title=CONVERSATION DOWNHILL, description=A Taut Character Study of a Husband And a Waitress who must Sink a Squirrel in A MySQL Convention, releaseYear=2006, length=112, rating=R?[0m
MOVIE LOADED: index=184, title=CORE SUIT, description=A Unbelieveable Tale of a Car And a Explorer who must Confront a Boat in A Manhattan Penthouse, releaseYear=2006, length=92, rating=PG-13
?[0;31mindex=184, title=CORE SUIT, description=A Unbelieveable Tale of a Car And a Explorer who must Confront a Boat in A Manhattan Penthouse, releaseYear=2006, length=92, rating=PG-13?[0m
MOVIE LOADED: index=185, title=COWBOY DOOM, description=A Astounding Drama of a Boy And a Lumberjack who must Fight a Butler in A Baloon, releaseYear=2006, length=146, rating=PG
?[0;31mindex=185, title=COWBOY DOOM, description=A Astounding Drama of a Boy And a Lumberjack who must Fight a Butler in A Baloon, releaseYear=2006, length=146, rating=PG?[0m
MOVIE LOADED: index=186, title=CRAFT OUTFIELD, description=A Lacklusture Display of a Explorer And a Hunter who must Succumb a Database Administrator in A Baloon Factory, releaseYear=2006, length=64, rating=NC-17
?[0;31mindex=186, title=CRAFT OUTFIELD, description=A Lacklusture Display of a Explorer And a Hunter who must Succumb a Database Administrator in A Baloon Factory, releaseYear=2006, length=64, rating=NC-17?[0m
MOVIE LOADED: index=187, title=CRANES RESERVOIR, description=A Fanciful Documentary of a Teacher And a Dog who must Outgun a Forensic Psychologist in A Baloon Factory, releaseYear=2006, length=57, rating=NC-17
?[0;31mindex=187, title=CRANES RESERVOIR, description=A Fanciful Documentary of a Teacher And a Dog who must Outgun a Forensic Psychologist in A Baloon Factory, releaseYear=2006, length=57, rating=NC-17?[0m
MOVIE LOADED: index=188, title=CRAZY HOME, description=A Fanciful Panorama of a Boy And a Woman who must Vanquish a Database Administrator in The Outback, releaseYear=2006, length=136, rating=PG
?[0;31mindex=188, title=CRAZY HOME, description=A Fanciful Panorama of a Boy And a Woman who must Vanquish a Database Administrator in The Outback, releaseYear=2006, length=136, rating=PG?[0m
MOVIE LOADED: index=189, title=CREATURES SHAKESPEARE, description=A Emotional Drama of a Womanizer And a Squirrel who must Vanquish a Crocodile in Ancient India, releaseYear=2006, length=139, rating=NC-17
?[0;31mindex=189, title=CREATURES SHAKESPEARE, description=A Emotional Drama of a Womanizer And a Squirrel who must Vanquish a Crocodile in Ancient India, releaseYear=2006, length=139, rating=NC-17?[0m
MOVIE LOADED: index=190, title=CREEPERS KANE, description=A Awe-Inspiring Reflection of a Squirrel And a Boat who must Outrace a Car in A Jet Boat, releaseYear=2006, length=172, rating=NC-17
?[0;31mindex=190, title=CREEPERS KANE, description=A Awe-Inspiring Reflection of a Squirrel And a Boat who must Outrace a Car in A Jet Boat, releaseYear=2006, length=172, rating=NC-17?[0m
MOVIE LOADED: index=191, title=CROOKED FROGMEN, description=A Unbelieveable Drama of a Hunter And a Database Administrator who must Battle a Crocodile in An Abandoned Amusement Park, releaseYear=2006, length=143, rating=PG-13
?[0;31mindex=191, title=CROOKED FROGMEN, description=A Unbelieveable Drama of a Hunter And a Database Administrator who must Battle a Crocodile in An Abandoned Amusement Park, releaseYear=2006, length=143, rating=PG-13?[0m
MOVIE LOADED: index=192, title=CROSSING DIVORCE, description=A Beautiful Documentary of a Dog And a Robot who must Redeem a Womanizer in Berlin, releaseYear=2006, length=50, rating=R
?[0;31mindex=192, title=CROSSING DIVORCE, description=A Beautiful Documentary of a Dog And a Robot who must Redeem a Womanizer in Berlin, releaseYear=2006, length=50, rating=R?[0m
MOVIE LOADED: index=193, title=CROSSROADS CASUALTIES, description=A Intrepid Documentary of a Sumo Wrestler And a Astronaut who must Battle a Composer in The Outback, releaseYear=2006, length=153, rating=G
?[0;31mindex=193, title=CROSSROADS CASUALTIES, description=A Intrepid Documentary of a Sumo Wrestler And a Astronaut who must Battle a Composer in The Outback, releaseYear=2006, length=153, rating=G?[0m
MOVIE LOADED: index=194, title=CROW GREASE, description=A Awe-Inspiring Documentary of a Woman And a Husband who must Sink a Database Administrator in The First Manned Space Station, releaseYear=2006, length=104, rating=PG
?[0;31mindex=194, title=CROW GREASE, description=A Awe-Inspiring Documentary of a Woman And a Husband who must Sink a Database Administrator in The First Manned Space Station, releaseYear=2006, length=104, rating=PG?[0m
MOVIE LOADED: index=195, title=CROWDS TELEMARK, description=A Intrepid Documentary of a Astronaut And a Forensic Psychologist who must Find a Frisbee in An Abandoned Fun House, releaseYear=2006, length=112, rating=R
?[0;31mindex=195, title=CROWDS TELEMARK, description=A Intrepid Documentary of a Astronaut And a Forensic Psychologist who must Find a Frisbee in An Abandoned Fun House, releaseYear=2006, length=112, rating=R?[0m
MOVIE LOADED: index=196, title=CRUELTY UNFORGIVEN, description=A Brilliant Tale of a Car And a Moose who must Battle a Dentist in Nigeria, releaseYear=2006, length=69, rating=G
?[0;31mindex=196, title=CRUELTY UNFORGIVEN, description=A Brilliant Tale of a Car And a Moose who must Battle a Dentist in Nigeria, releaseYear=2006, length=69, rating=G?[0m
MOVIE LOADED: index=197, title=CRUSADE HONEY, description=A Fast-Paced Reflection of a Explorer And a Butler who must Battle a Madman in An Abandoned Amusement Park, releaseYear=2006, length=112, rating=R
?[0;31mindex=197, title=CRUSADE HONEY, description=A Fast-Paced Reflection of a Explorer And a Butler who must Battle a Madman in An Abandoned Amusement Park, releaseYear=2006, length=112, rating=R?[0m
MOVIE LOADED: index=198, title=CRYSTAL BREAKING, description=A Fast-Paced Character Study of a Feminist And a Explorer who must Face a Pastry Chef in Ancient Japan, releaseYear=2006, length=184, rating=NC-17
?[0;31mindex=198, title=CRYSTAL BREAKING, description=A Fast-Paced Character Study of a Feminist And a Explorer who must Face a Pastry Chef in Ancient Japan, releaseYear=2006, length=184, rating=NC-17?[0m
MOVIE LOADED: index=199, title=CUPBOARD SINNERS, description=A Emotional Reflection of a Frisbee And a Boat who must Reach a Pastry Chef in An Abandoned Amusement Park, releaseYear=2006, length=56, rating=R
?[0;31mindex=199, title=CUPBOARD SINNERS, description=A Emotional Reflection of a Frisbee And a Boat who must Reach a Pastry Chef in An Abandoned Amusement Park, releaseYear=2006, length=56, rating=R?[0m
MOVIE LOADED: index=200, title=CURTAIN VIDEOTAPE, description=A Boring Reflection of a Dentist And a Mad Cow who must Chase a Secret Agent in A Shark Tank, releaseYear=2006, length=133, rating=PG-13
?[0;31mindex=200, title=CURTAIN VIDEOTAPE, description=A Boring Reflection of a Dentist And a Mad Cow who must Chase a Secret Agent in A Shark Tank, releaseYear=2006, length=133, rating=PG-13?[0m
MOVIE LOADED: index=201, title=CYCLONE FAMILY, description=A Lacklusture Drama of a Student And a Monkey who must Sink a Womanizer in A MySQL Convention, releaseYear=2006, length=176, rating=PG
?[0;31mindex=201, title=CYCLONE FAMILY, description=A Lacklusture Drama of a Student And a Monkey who must Sink a Womanizer in A MySQL Convention, releaseYear=2006, length=176, rating=PG?[0m
MOVIE LOADED: index=202, title=DADDY PITTSBURGH, description=A Epic Story of a A Shark And a Student who must Confront a Explorer in The Gulf of Mexico, releaseYear=2006, length=161, rating=G
?[0;31mindex=202, title=DADDY PITTSBURGH, description=A Epic Story of a A Shark And a Student who must Confront a Explorer in The Gulf of Mexico, releaseYear=2006, length=161, rating=G?[0m
MOVIE LOADED: index=203, title=DAISY MENAGERIE, description=A Fast-Paced Saga of a Pastry Chef And a Monkey who must Sink a Composer in Ancient India, releaseYear=2006, length=84, rating=G
?[0;31mindex=203, title=DAISY MENAGERIE, description=A Fast-Paced Saga of a Pastry Chef And a Monkey who must Sink a Composer in Ancient India, releaseYear=2006, length=84, rating=G?[0m
MOVIE LOADED: index=204, title=DALMATIONS SWEDEN, description=A Emotional Epistle of a Moose And a Hunter who must Overcome a Robot in A Manhattan Penthouse, releaseYear=2006, length=106, rating=PG
?[0;31mindex=204, title=DALMATIONS SWEDEN, description=A Emotional Epistle of a Moose And a Hunter who must Overcome a Robot in A Manhattan Penthouse, releaseYear=2006, length=106, rating=PG?[0m
MOVIE LOADED: index=205, title=DANCES NONE, description=A Insightful Reflection of a A Shark And a Dog who must Kill a Butler in An Abandoned Amusement Park, releaseYear=2006, length=58, rating=NC-17
?[0;31mindex=205, title=DANCES NONE, description=A Insightful Reflection of a A Shark And a Dog who must Kill a Butler in An Abandoned Amusement Park, releaseYear=2006, length=58, rating=NC-17?[0m
MOVIE LOADED: index=206, title=DANCING FEVER, description=A Stunning Story of a Explorer And a Forensic Psychologist who must Face a Crocodile in A Shark Tank, releaseYear=2006, length=144, rating=G
?[0;31mindex=206, title=DANCING FEVER, description=A Stunning Story of a Explorer And a Forensic Psychologist who must Face a Crocodile in A Shark Tank, releaseYear=2006, length=144, rating=G?[0m
MOVIE LOADED: index=207, title=DANGEROUS UPTOWN, description=A Unbelieveable Story of a Mad Scientist And a Woman who must Overcome a Dog in California, releaseYear=2006, length=121, rating=PG
?[0;31mindex=207, title=DANGEROUS UPTOWN, description=A Unbelieveable Story of a Mad Scientist And a Woman who must Overcome a Dog in California, releaseYear=2006, length=121, rating=PG?[0m
MOVIE LOADED: index=208, title=DARES PLUTO, description=A Fateful Story of a Robot And a Dentist who must Defeat a Astronaut in New Orleans, releaseYear=2006, length=89, rating=PG-13
?[0;31mindex=208, title=DARES PLUTO, description=A Fateful Story of a Robot And a Dentist who must Defeat a Astronaut in New Orleans, releaseYear=2006, length=89, rating=PG-13?[0m
MOVIE LOADED: index=209, title=DARKNESS WAR, description=A Touching Documentary of a Husband And a Hunter who must Escape a Boy in The Sahara Desert, releaseYear=2006, length=99, rating=NC-17
?[0;31mindex=209, title=DARKNESS WAR, description=A Touching Documentary of a Husband And a Hunter who must Escape a Boy in The Sahara Desert, releaseYear=2006, length=99, rating=NC-17?[0m
MOVIE LOADED: index=210, title=DARKO DORADO, description=A Stunning Reflection of a Frisbee And a Husband who must Redeem a Dog in New Orleans, releaseYear=2006, length=130, rating=NC-17
?[0;31mindex=210, title=DARKO DORADO, description=A Stunning Reflection of a Frisbee And a Husband who must Redeem a Dog in New Orleans, releaseYear=2006, length=130, rating=NC-17?[0m
MOVIE LOADED: index=211, title=DARLING BREAKING, description=A Brilliant Documentary of a Astronaut And a Squirrel who must Succumb a Student in The Gulf of Mexico, releaseYear=2006, length=165, rating=PG-13
?[0;31mindex=211, title=DARLING BREAKING, description=A Brilliant Documentary of a Astronaut And a Squirrel who must Succumb a Student in The Gulf of Mexico, releaseYear=2006, length=165, rating=PG-13?[0m
MOVIE LOADED: index=212, title=DARN FORRESTER, description=A Fateful Story of a A Shark And a Explorer who must Succumb a Technical Writer in A Jet Boat, releaseYear=2006, length=185, rating=G
?[0;31mindex=212, title=DARN FORRESTER, description=A Fateful Story of a A Shark And a Explorer who must Succumb a Technical Writer in A Jet Boat, releaseYear=2006, length=185, rating=G?[0m
MOVIE LOADED: index=213, title=DATE SPEED, description=A Touching Saga of a Composer And a Moose who must Discover a Dentist in A MySQL Convention, releaseYear=2006, length=104, rating=R
?[0;31mindex=213, title=DATE SPEED, description=A Touching Saga of a Composer And a Moose who must Discover a Dentist in A MySQL Convention, releaseYear=2006, length=104, rating=R?[0m
MOVIE LOADED: index=214, title=DAUGHTER MADIGAN, description=A Beautiful Tale of a Hunter And a Mad Scientist who must Confront a Squirrel in The First Manned Space Station, releaseYear=2006, length=59, rating=PG-13
?[0;31mindex=214, title=DAUGHTER MADIGAN, description=A Beautiful Tale of a Hunter And a Mad Scientist who must Confront a Squirrel in The First Manned Space Station, releaseYear=2006, length=59, rating=PG-13?[0m
MOVIE LOADED: index=215, title=DAWN POND, description=A Thoughtful Documentary of a Dentist And a Forensic Psychologist who must Defeat a Waitress in Berlin, releaseYear=2006, length=57, rating=PG
?[0;31mindex=215, title=DAWN POND, description=A Thoughtful Documentary of a Dentist And a Forensic Psychologist who must Defeat a Waitress in Berlin, releaseYear=2006, length=57, rating=PG?[0m
MOVIE LOADED: index=216, title=DAY UNFAITHFUL, description=A Stunning Documentary of a Composer And a Mad Scientist who must Find a Technical Writer in A U-Boat, releaseYear=2006, length=113, rating=G
?[0;31mindex=216, title=DAY UNFAITHFUL, description=A Stunning Documentary of a Composer And a Mad Scientist who must Find a Technical Writer in A U-Boat, releaseYear=2006, length=113, rating=G?[0m
MOVIE LOADED: index=217, title=DAZED PUNK, description=A Action-Packed Story of a Pioneer And a Technical Writer who must Discover a Forensic Psychologist in An Abandoned Amusement Park, releaseYear=2006, length=120, rating=G
?[0;31mindex=217, title=DAZED PUNK, description=A Action-Packed Story of a Pioneer And a Technical Writer who must Discover a Forensic Psychologist in An Abandoned Amusement Park, releaseYear=2006, length=120, rating=G?[0m
MOVIE LOADED: index=218, title=DECEIVER BETRAYED, description=A Taut Story of a Moose And a Squirrel who must Build a Husband in Ancient India, releaseYear=2006, length=122, rating=NC-17
?[0;31mindex=218, title=DECEIVER BETRAYED, description=A Taut Story of a Moose And a Squirrel who must Build a Husband in Ancient India, releaseYear=2006, length=122, rating=NC-17?[0m
MOVIE LOADED: index=219, title=DEEP CRUSADE, description=A Amazing Tale of a Crocodile And a Squirrel who must Discover a Composer in Australia, releaseYear=2006, length=51, rating=PG-13
?[0;31mindex=219, title=DEEP CRUSADE, description=A Amazing Tale of a Crocodile And a Squirrel who must Discover a Composer in Australia, releaseYear=2006, length=51, rating=PG-13?[0m
MOVIE LOADED: index=220, title=DEER VIRGINIAN, description=A Thoughtful Story of a Mad Cow And a Womanizer who must Overcome a Mad Scientist in Soviet Georgia, releaseYear=2006, length=106, rating=NC-17
?[0;31mindex=220, title=DEER VIRGINIAN, description=A Thoughtful Story of a Mad Cow And a Womanizer who must Overcome a Mad Scientist in Soviet Georgia, releaseYear=2006, length=106, rating=NC-17?[0m
MOVIE LOADED: index=221, title=DELIVERANCE MULHOLLAND, description=A Astounding Saga of a Monkey And a Moose who must Conquer a Butler in A Shark Tank, releaseYear=2006, length=100, rating=R
?[0;31mindex=221, title=DELIVERANCE MULHOLLAND, description=A Astounding Saga of a Monkey And a Moose who must Conquer a Butler in A Shark Tank, releaseYear=2006, length=100, rating=R?[0m
MOVIE LOADED: index=222, title=DESERT POSEIDON, description=A Brilliant Documentary of a Butler And a Frisbee who must Build a Astronaut in New Orleans, releaseYear=2006, length=64, rating=R
?[0;31mindex=222, title=DESERT POSEIDON, description=A Brilliant Documentary of a Butler And a Frisbee who must Build a Astronaut in New Orleans, releaseYear=2006, length=64, rating=R?[0m
MOVIE LOADED: index=223, title=DESIRE ALIEN, description=A Fast-Paced Tale of a Dog And a Forensic Psychologist who must Meet a Astronaut in The First Manned Space Station, releaseYear=2006, length=76, rating=NC-17
?[0;31mindex=223, title=DESIRE ALIEN, description=A Fast-Paced Tale of a Dog And a Forensic Psychologist who must Meet a Astronaut in The First Manned Space Station, releaseYear=2006, length=76, rating=NC-17?[0m
MOVIE LOADED: index=224, title=DESPERATE TRAINSPOTTING, description=A Epic Yarn of a Forensic Psychologist And a Teacher who must Face a Lumberjack in California, releaseYear=2006, length=81, rating=G
?[0;31mindex=224, title=DESPERATE TRAINSPOTTING, description=A Epic Yarn of a Forensic Psychologist And a Teacher who must Face a Lumberjack in California, releaseYear=2006, length=81, rating=G?[0m
MOVIE LOADED: index=225, title=DESTINATION JERK, description=A Beautiful Yarn of a Teacher And a Cat who must Build a Car in A U-Boat, releaseYear=2006, length=76, rating=PG-13
?[0;31mindex=225, title=DESTINATION JERK, description=A Beautiful Yarn of a Teacher And a Cat who must Build a Car in A U-Boat, releaseYear=2006, length=76, rating=PG-13?[0m
MOVIE LOADED: index=226, title=DESTINY SATURDAY, description=A Touching Drama of a Crocodile And a Crocodile who must Conquer a Explorer in Soviet Georgia, releaseYear=2006, length=56, rating=G
?[0;31mindex=226, title=DESTINY SATURDAY, description=A Touching Drama of a Crocodile And a Crocodile who must Conquer a Explorer in Soviet Georgia, releaseYear=2006, length=56, rating=G?[0m
MOVIE LOADED: index=227, title=DETAILS PACKER, description=A Epic Saga of a Waitress And a Composer who must Face a Boat in A U-Boat, releaseYear=2006, length=88, rating=R
?[0;31mindex=227, title=DETAILS PACKER, description=A Epic Saga of a Waitress And a Composer who must Face a Boat in A U-Boat, releaseYear=2006, length=88, rating=R?[0m
MOVIE LOADED: index=228, title=DETECTIVE VISION, description=A Fanciful Documentary of a Pioneer And a Woman who must Redeem a Hunter in Ancient Japan, releaseYear=2006, length=143, rating=PG-13
?[0;31mindex=228, title=DETECTIVE VISION, description=A Fanciful Documentary of a Pioneer And a Woman who must Redeem a Hunter in Ancient Japan, releaseYear=2006, length=143, rating=PG-13?[0m
MOVIE LOADED: index=229, title=DEVIL DESIRE, description=A Beautiful Reflection of a Monkey And a Dentist who must Face a Database Administrator in Ancient Japan, releaseYear=2006, length=87, rating=R
?[0;31mindex=229, title=DEVIL DESIRE, description=A Beautiful Reflection of a Monkey And a Dentist who must Face a Database Administrator in Ancient Japan, releaseYear=2006, length=87, rating=R?[0m
MOVIE LOADED: index=230, title=DIARY PANIC, description=A Thoughtful Character Study of a Frisbee And a Mad Cow who must Outgun a Man in Ancient India, releaseYear=2006, length=107, rating=G
?[0;31mindex=230, title=DIARY PANIC, description=A Thoughtful Character Study of a Frisbee And a Mad Cow who must Outgun a Man in Ancient India, releaseYear=2006, length=107, rating=G?[0m
MOVIE LOADED: index=231, title=DINOSAUR SECRETARY, description=A Action-Packed Drama of a Feminist And a Girl who must Reach a Robot in The Canadian Rockies, releaseYear=2006, length=63, rating=R
?[0;31mindex=231, title=DINOSAUR SECRETARY, description=A Action-Packed Drama of a Feminist And a Girl who must Reach a Robot in The Canadian Rockies, releaseYear=2006, length=63, rating=R?[0m
MOVIE LOADED: index=232, title=DIRTY ACE, description=A Action-Packed Character Study of a Forensic Psychologist And a Girl who must Build a Dentist in The Outback, releaseYear=2006, length=147, rating=NC-17
?[0;31mindex=232, title=DIRTY ACE, description=A Action-Packed Character Study of a Forensic Psychologist And a Girl who must Build a Dentist in The Outback, releaseYear=2006, length=147, rating=NC-17?[0m
MOVIE LOADED: index=233, title=DISCIPLE MOTHER, description=A Touching Reflection of a Mad Scientist And a Boat who must Face a Moose in A Shark Tank, releaseYear=2006, length=141, rating=PG
?[0;31mindex=233, title=DISCIPLE MOTHER, description=A Touching Reflection of a Mad Scientist And a Boat who must Face a Moose in A Shark Tank, releaseYear=2006, length=141, rating=PG?[0m
MOVIE LOADED: index=234, title=DISTURBING SCARFACE, description=A Lacklusture Display of a Crocodile And a Butler who must Overcome a Monkey in A U-Boat, releaseYear=2006, length=94, rating=R
?[0;31mindex=234, title=DISTURBING SCARFACE, description=A Lacklusture Display of a Crocodile And a Butler who must Overcome a Monkey in A U-Boat, releaseYear=2006, length=94, rating=R?[0m
MOVIE LOADED: index=235, title=DIVIDE MONSTER, description=A Intrepid Saga of a Man And a Forensic Psychologist who must Reach a Squirrel in A Monastery, releaseYear=2006, length=68, rating=PG-13
?[0;31mindex=235, title=DIVIDE MONSTER, description=A Intrepid Saga of a Man And a Forensic Psychologist who must Reach a Squirrel in A Monastery, releaseYear=2006, length=68, rating=PG-13?[0m
MOVIE LOADED: index=236, title=DIVINE RESURRECTION, description=A Boring Character Study of a Man And a Womanizer who must Succumb a Teacher in An Abandoned Amusement Park, releaseYear=2006, length=100, rating=R
?[0;31mindex=236, title=DIVINE RESURRECTION, description=A Boring Character Study of a Man And a Womanizer who must Succumb a Teacher in An Abandoned Amusement Park, releaseYear=2006, length=100, rating=R?[0m
MOVIE LOADED: index=237, title=DIVORCE SHINING, description=A Unbelieveable Saga of a Crocodile And a Student who must Discover a Cat in Ancient India, releaseYear=2006, length=47, rating=G
?[0;31mindex=237, title=DIVORCE SHINING, description=A Unbelieveable Saga of a Crocodile And a Student who must Discover a Cat in Ancient India, releaseYear=2006, length=47, rating=G?[0m
MOVIE LOADED: index=238, title=DOCTOR GRAIL, description=A Insightful Drama of a Womanizer And a Waitress who must Reach a Forensic Psychologist in The Outback, releaseYear=2006, length=57, rating=G
?[0;31mindex=238, title=DOCTOR GRAIL, description=A Insightful Drama of a Womanizer And a Waitress who must Reach a Forensic Psychologist in The Outback, releaseYear=2006, length=57, rating=G?[0m
MOVIE LOADED: index=239, title=DOGMA FAMILY, description=A Brilliant Character Study of a Database Administrator And a Monkey who must Succumb a Astronaut in New Orleans, releaseYear=2006, length=122, rating=G
?[0;31mindex=239, title=DOGMA FAMILY, description=A Brilliant Character Study of a Database Administrator And a Monkey who must Succumb a Astronaut in New Orleans, releaseYear=2006, length=122, rating=G?[0m
MOVIE LOADED: index=240, title=DOLLS RAGE, description=A Thrilling Display of a Pioneer And a Frisbee who must Escape a Teacher in The Outback, releaseYear=2006, length=120, rating=PG-13
?[0;31mindex=240, title=DOLLS RAGE, description=A Thrilling Display of a Pioneer And a Frisbee who must Escape a Teacher in The Outback, releaseYear=2006, length=120, rating=PG-13?[0m
MOVIE LOADED: index=241, title=DONNIE ALLEY, description=A Awe-Inspiring Tale of a Butler And a Frisbee who must Vanquish a Teacher in Ancient Japan, releaseYear=2006, length=125, rating=NC-17
?[0;31mindex=241, title=DONNIE ALLEY, description=A Awe-Inspiring Tale of a Butler And a Frisbee who must Vanquish a Teacher in Ancient Japan, releaseYear=2006, length=125, rating=NC-17?[0m
MOVIE LOADED: index=242, title=DOOM DANCING, description=A Astounding Panorama of a Car And a Mad Scientist who must Battle a Lumberjack in A MySQL Convention, releaseYear=2006, length=68, rating=R
?[0;31mindex=242, title=DOOM DANCING, description=A Astounding Panorama of a Car And a Mad Scientist who must Battle a Lumberjack in A MySQL Convention, releaseYear=2006, length=68, rating=R?[0m
MOVIE LOADED: index=243, title=DOORS PRESIDENT, description=A Awe-Inspiring Display of a Squirrel And a Woman who must Overcome a Boy in The Gulf of Mexico, releaseYear=2006, length=49, rating=NC-17
?[0;31mindex=243, title=DOORS PRESIDENT, description=A Awe-Inspiring Display of a Squirrel And a Woman who must Overcome a Boy in The Gulf of Mexico, releaseYear=2006, length=49, rating=NC-17?[0m
MOVIE LOADED: index=244, title=DORADO NOTTING, description=A Action-Packed Tale of a Sumo Wrestler And a A Shark who must Meet a Frisbee in California, releaseYear=2006, length=139, rating=NC-17
?[0;31mindex=244, title=DORADO NOTTING, description=A Action-Packed Tale of a Sumo Wrestler And a A Shark who must Meet a Frisbee in California, releaseYear=2006, length=139, rating=NC-17?[0m
MOVIE LOADED: index=245, title=DOUBLE WRATH, description=A Thoughtful Yarn of a Womanizer And a Dog who must Challenge a Madman in The Gulf of Mexico, releaseYear=2006, length=177, rating=R
?[0;31mindex=245, title=DOUBLE WRATH, description=A Thoughtful Yarn of a Womanizer And a Dog who must Challenge a Madman in The Gulf of Mexico, releaseYear=2006, length=177, rating=R?[0m
MOVIE LOADED: index=246, title=DOUBTFIRE LABYRINTH, description=A Intrepid Panorama of a Butler And a Composer who must Meet a Mad Cow in The Sahara Desert, releaseYear=2006, length=154, rating=R
?[0;31mindex=246, title=DOUBTFIRE LABYRINTH, description=A Intrepid Panorama of a Butler And a Composer who must Meet a Mad Cow in The Sahara Desert, releaseYear=2006, length=154, rating=R?[0m
MOVIE LOADED: index=247, title=DOWNHILL ENOUGH, description=A Emotional Tale of a Pastry Chef And a Forensic Psychologist who must Succumb a Monkey in The Sahara Desert, releaseYear=2006, length=47, rating=G
?[0;31mindex=247, title=DOWNHILL ENOUGH, description=A Emotional Tale of a Pastry Chef And a Forensic Psychologist who must Succumb a Monkey in The Sahara Desert, releaseYear=2006, length=47, rating=G?[0m
MOVIE LOADED: index=248, title=DOZEN LION, description=A Taut Drama of a Cat And a Girl who must Defeat a Frisbee in The Canadian Rockies, releaseYear=2006, length=177, rating=NC-17
?[0;31mindex=248, title=DOZEN LION, description=A Taut Drama of a Cat And a Girl who must Defeat a Frisbee in The Canadian Rockies, releaseYear=2006, length=177, rating=NC-17?[0m
MOVIE LOADED: index=249, title=DRACULA CRYSTAL, description=A Thrilling Reflection of a Feminist And a Cat who must Find a Frisbee in An Abandoned Fun House, releaseYear=2006, length=176, rating=G
?[0;31mindex=249, title=DRACULA CRYSTAL, description=A Thrilling Reflection of a Feminist And a Cat who must Find a Frisbee in An Abandoned Fun House, releaseYear=2006, length=176, rating=G?[0m
MOVIE LOADED: index=250, title=DRAGON SQUAD, description=A Taut Reflection of a Boy And a Waitress who must Outgun a Teacher in Ancient China, releaseYear=2006, length=170, rating=NC-17
?[0;31mindex=250, title=DRAGON SQUAD, description=A Taut Reflection of a Boy And a Waitress who must Outgun a Teacher in Ancient China, releaseYear=2006, length=170, rating=NC-17?[0m
MOVIE LOADED: index=251, title=DRAGONFLY STRANGERS, description=A Boring Documentary of a Pioneer And a Man who must Vanquish a Man in Nigeria, releaseYear=2006, length=133, rating=NC-17
?[0;31mindex=251, title=DRAGONFLY STRANGERS, description=A Boring Documentary of a Pioneer And a Man who must Vanquish a Man in Nigeria, releaseYear=2006, length=133, rating=NC-17?[0m
MOVIE LOADED: index=252, title=DREAM PICKUP, description=A Epic Display of a Car And a Composer who must Overcome a Forensic Psychologist in The Gulf of Mexico, releaseYear=2006, length=135, rating=PG
?[0;31mindex=252, title=DREAM PICKUP, description=A Epic Display of a Car And a Composer who must Overcome a Forensic Psychologist in The Gulf of Mexico, releaseYear=2006, length=135, rating=PG?[0m
MOVIE LOADED: index=253, title=DRIFTER COMMANDMENTS, description=A Epic Reflection of a Womanizer And a Squirrel who must Discover a Husband in A Jet Boat, releaseYear=2006, length=61, rating=PG-13
?[0;31mindex=253, title=DRIFTER COMMANDMENTS, description=A Epic Reflection of a Womanizer And a Squirrel who must Discover a Husband in A Jet Boat, releaseYear=2006, length=61, rating=PG-13?[0m
MOVIE LOADED: index=254, title=DRIVER ANNIE, description=A Lacklusture Character Study of a Butler And a Car who must Redeem a Boat in An Abandoned Fun House, releaseYear=2006, length=159, rating=PG-13
?[0;31mindex=254, title=DRIVER ANNIE, description=A Lacklusture Character Study of a Butler And a Car who must Redeem a Boat in An Abandoned Fun House, releaseYear=2006, length=159, rating=PG-13?[0m
MOVIE LOADED: index=255, title=DRIVING POLISH, description=A Action-Packed Yarn of a Feminist And a Technical Writer who must Sink a Boat in An Abandoned Mine Shaft, releaseYear=2006, length=175, rating=NC-17
?[0;31mindex=255, title=DRIVING POLISH, description=A Action-Packed Yarn of a Feminist And a Technical Writer who must Sink a Boat in An Abandoned Mine Shaft, releaseYear=2006, length=175, rating=NC-17?[0m
MOVIE LOADED: index=256, title=DROP WATERFRONT, description=A Fanciful Documentary of a Husband And a Explorer who must Reach a Madman in Ancient China, releaseYear=2006, length=178, rating=R
?[0;31mindex=256, title=DROP WATERFRONT, description=A Fanciful Documentary of a Husband And a Explorer who must Reach a Madman in Ancient China, releaseYear=2006, length=178, rating=R?[0m
MOVIE LOADED: index=257, title=DRUMLINE CYCLONE, description=A Insightful Panorama of a Monkey And a Sumo Wrestler who must Outrace a Mad Scientist in The Canadian Rockies, releaseYear=2006, length=110, rating=G
?[0;31mindex=257, title=DRUMLINE CYCLONE, description=A Insightful Panorama of a Monkey And a Sumo Wrestler who must Outrace a Mad Scientist in The Canadian Rockies, releaseYear=2006, length=110, rating=G?[0m
MOVIE LOADED: index=258, title=DRUMS DYNAMITE, description=A Epic Display of a Crocodile And a Crocodile who must Confront a Dog in An Abandoned Amusement Park, releaseYear=2006, length=96, rating=PG
?[0;31mindex=258, title=DRUMS DYNAMITE, description=A Epic Display of a Crocodile And a Crocodile who must Confront a Dog in An Abandoned Amusement Park, releaseYear=2006, length=96, rating=PG?[0m
MOVIE LOADED: index=259, title=DUCK RACER, description=A Lacklusture Yarn of a Teacher And a Squirrel who must Overcome a Dog in A Shark Tank, releaseYear=2006, length=116, rating=NC-17
?[0;31mindex=259, title=DUCK RACER, description=A Lacklusture Yarn of a Teacher And a Squirrel who must Overcome a Dog in A Shark Tank, releaseYear=2006, length=116, rating=NC-17?[0m
MOVIE LOADED: index=260, title=DUDE BLINDNESS, description=A Stunning Reflection of a Husband And a Lumberjack who must Face a Frisbee in An Abandoned Fun House, releaseYear=2006, length=132, rating=G
?[0;31mindex=260, title=DUDE BLINDNESS, description=A Stunning Reflection of a Husband And a Lumberjack who must Face a Frisbee in An Abandoned Fun House, releaseYear=2006, length=132, rating=G?[0m
MOVIE LOADED: index=261, title=DUFFEL APOCALYPSE, description=A Emotional Display of a Boat And a Explorer who must Challenge a Madman in A MySQL Convention, releaseYear=2006, length=171, rating=G
?[0;31mindex=261, title=DUFFEL APOCALYPSE, description=A Emotional Display of a Boat And a Explorer who must Challenge a Madman in A MySQL Convention, releaseYear=2006, length=171, rating=G?[0m
MOVIE LOADED: index=262, title=DUMBO LUST, description=A Touching Display of a Feminist And a Dentist who must Conquer a Husband in The Gulf of Mexico, releaseYear=2006, length=119, rating=NC-17
?[0;31mindex=262, title=DUMBO LUST, description=A Touching Display of a Feminist And a Dentist who must Conquer a Husband in The Gulf of Mexico, releaseYear=2006, length=119, rating=NC-17?[0m
MOVIE LOADED: index=263, title=DURHAM PANKY, description=A Brilliant Panorama of a Girl And a Boy who must Face a Mad Scientist in An Abandoned Mine Shaft, releaseYear=2006, length=154, rating=R
?[0;31mindex=263, title=DURHAM PANKY, description=A Brilliant Panorama of a Girl And a Boy who must Face a Mad Scientist in An Abandoned Mine Shaft, releaseYear=2006, length=154, rating=R?[0m
MOVIE LOADED: index=264, title=DWARFS ALTER, description=A Emotional Yarn of a Girl And a Dog who must Challenge a Composer in Ancient Japan, releaseYear=2006, length=101, rating=G
?[0;31mindex=264, title=DWARFS ALTER, description=A Emotional Yarn of a Girl And a Dog who must Challenge a Composer in Ancient Japan, releaseYear=2006, length=101, rating=G?[0m
MOVIE LOADED: index=265, title=DYING MAKER, description=A Intrepid Tale of a Boat And a Monkey who must Kill a Cat in California, releaseYear=2006, length=168, rating=PG
?[0;31mindex=265, title=DYING MAKER, description=A Intrepid Tale of a Boat And a Monkey who must Kill a Cat in California, releaseYear=2006, length=168, rating=PG?[0m
MOVIE LOADED: index=266, title=DYNAMITE TARZAN, description=A Intrepid Documentary of a Forensic Psychologist And a Mad Scientist who must Face a Explorer in A U-Boat, releaseYear=2006, length=141, rating=PG-13
?[0;31mindex=266, title=DYNAMITE TARZAN, description=A Intrepid Documentary of a Forensic Psychologist And a Mad Scientist who must Face a Explorer in A U-Boat, releaseYear=2006, length=141, rating=PG-13?[0m
MOVIE LOADED: index=267, title=EAGLES PANKY, description=A Thoughtful Story of a Car And a Boy who must Find a A Shark in The Sahara Desert, releaseYear=2006, length=140, rating=NC-17
?[0;31mindex=267, title=EAGLES PANKY, description=A Thoughtful Story of a Car And a Boy who must Find a A Shark in The Sahara Desert, releaseYear=2006, length=140, rating=NC-17?[0m
MOVIE LOADED: index=268, title=EARLY HOME, description=A Amazing Panorama of a Mad Scientist And a Husband who must Meet a Woman in The Outback, releaseYear=2006, length=96, rating=NC-17
?[0;31mindex=268, title=EARLY HOME, description=A Amazing Panorama of a Mad Scientist And a Husband who must Meet a Woman in The Outback, releaseYear=2006, length=96, rating=NC-17?[0m
MOVIE LOADED: index=269, title=EARRING INSTINCT, description=A Stunning Character Study of a Dentist And a Mad Cow who must Find a Teacher in Nigeria, releaseYear=2006, length=98, rating=R
?[0;31mindex=269, title=EARRING INSTINCT, description=A Stunning Character Study of a Dentist And a Mad Cow who must Find a Teacher in Nigeria, releaseYear=2006, length=98, rating=R?[0m
MOVIE LOADED: index=270, title=EARTH VISION, description=A Stunning Drama of a Butler And a Madman who must Outrace a Womanizer in Ancient India, releaseYear=2006, length=85, rating=NC-17
?[0;31mindex=270, title=EARTH VISION, description=A Stunning Drama of a Butler And a Madman who must Outrace a Womanizer in Ancient India, releaseYear=2006, length=85, rating=NC-17?[0m
MOVIE LOADED: index=271, title=EASY GLADIATOR, description=A Fateful Story of a Monkey And a Girl who must Overcome a Pastry Chef in Ancient India, releaseYear=2006, length=148, rating=G
?[0;31mindex=271, title=EASY GLADIATOR, description=A Fateful Story of a Monkey And a Girl who must Overcome a Pastry Chef in Ancient India, releaseYear=2006, length=148, rating=G?[0m
MOVIE LOADED: index=272, title=EDGE KISSING, description=A Beautiful Yarn of a Composer And a Mad Cow who must Redeem a Mad Scientist in A Jet Boat, releaseYear=2006, length=153, rating=NC-17
?[0;31mindex=272, title=EDGE KISSING, description=A Beautiful Yarn of a Composer And a Mad Cow who must Redeem a Mad Scientist in A Jet Boat, releaseYear=2006, length=153, rating=NC-17?[0m
MOVIE LOADED: index=273, title=EFFECT GLADIATOR, description=A Beautiful Display of a Pastry Chef And a Pastry Chef who must Outgun a Forensic Psychologist in A Manhattan Penthouse, releaseYear=2006, length=107, rating=PG
?[0;31mindex=273, title=EFFECT GLADIATOR, description=A Beautiful Display of a Pastry Chef And a Pastry Chef who must Outgun a Forensic Psychologist in A Manhattan Penthouse, releaseYear=2006, length=107, rating=PG?[0m
MOVIE LOADED: index=274, title=EGG IGBY, description=A Beautiful Documentary of a Boat And a Sumo Wrestler who must Succumb a Database Administrator in The First Manned Space Station, releaseYear=2006, length=67, rating=PG
?[0;31mindex=274, title=EGG IGBY, description=A Beautiful Documentary of a Boat And a Sumo Wrestler who must Succumb a Database Administrator in The First Manned Space Station, releaseYear=2006, length=67, rating=PG?[0m
MOVIE LOADED: index=275, title=EGYPT TENENBAUMS, description=A Intrepid Story of a Madman And a Secret Agent who must Outrace a Astronaut in An Abandoned Amusement Park, releaseYear=2006, length=85, rating=PG
?[0;31mindex=275, title=EGYPT TENENBAUMS, description=A Intrepid Story of a Madman And a Secret Agent who must Outrace a Astronaut in An Abandoned Amusement Park, releaseYear=2006, length=85, rating=PG?[0m
MOVIE LOADED: index=276, title=ELEMENT FREDDY, description=A Awe-Inspiring Reflection of a Waitress And a Squirrel who must Kill a Mad Cow in A Jet Boat, releaseYear=2006, length=115, rating=NC-17
?[0;31mindex=276, title=ELEMENT FREDDY, description=A Awe-Inspiring Reflection of a Waitress And a Squirrel who must Kill a Mad Cow in A Jet Boat, releaseYear=2006, length=115, rating=NC-17?[0m
MOVIE LOADED: index=277, title=ELEPHANT TROJAN, description=A Beautiful Panorama of a Lumberjack And a Forensic Psychologist who must Overcome a Frisbee in A Baloon, releaseYear=2006, length=126, rating=PG-13
?[0;31mindex=277, title=ELEPHANT TROJAN, description=A Beautiful Panorama of a Lumberjack And a Forensic Psychologist who must Overcome a Frisbee in A Baloon, releaseYear=2006, length=126, rating=PG-13?[0m
MOVIE LOADED: index=278, title=ELF MURDER, description=A Action-Packed Story of a Frisbee And a Woman who must Reach a Girl in An Abandoned Mine Shaft, releaseYear=2006, length=155, rating=NC-17
?[0;31mindex=278, title=ELF MURDER, description=A Action-Packed Story of a Frisbee And a Woman who must Reach a Girl in An Abandoned Mine Shaft, releaseYear=2006, length=155, rating=NC-17?[0m
MOVIE LOADED: index=279, title=ELIZABETH SHANE, description=A Lacklusture Display of a Womanizer And a Dog who must Face a Sumo Wrestler in Ancient Japan, releaseYear=2006, length=152, rating=NC-17
?[0;31mindex=279, title=ELIZABETH SHANE, description=A Lacklusture Display of a Womanizer And a Dog who must Face a Sumo Wrestler in Ancient Japan, releaseYear=2006, length=152, rating=NC-17?[0m
MOVIE LOADED: index=280, title=EMPIRE MALKOVICH, description=A Amazing Story of a Feminist And a Cat who must Face a Car in An Abandoned Fun House, releaseYear=2006, length=177, rating=G
?[0;31mindex=280, title=EMPIRE MALKOVICH, description=A Amazing Story of a Feminist And a Cat who must Face a Car in An Abandoned Fun House, releaseYear=2006, length=177, rating=G?[0m
MOVIE LOADED: index=281, title=ENCINO ELF, description=A Astounding Drama of a Feminist And a Teacher who must Confront a Husband in A Baloon, releaseYear=2006, length=143, rating=G
?[0;31mindex=281, title=ENCINO ELF, description=A Astounding Drama of a Feminist And a Teacher who must Confront a Husband in A Baloon, releaseYear=2006, length=143, rating=G?[0m
MOVIE LOADED: index=282, title=ENCOUNTERS CURTAIN, description=A Insightful Epistle of a Pastry Chef And a Womanizer who must Build a Boat in New Orleans, releaseYear=2006, length=92, rating=NC-17
?[0;31mindex=282, title=ENCOUNTERS CURTAIN, description=A Insightful Epistle of a Pastry Chef And a Womanizer who must Build a Boat in New Orleans, releaseYear=2006, length=92, rating=NC-17?[0m
MOVIE LOADED: index=283, title=ENDING CROWDS, description=A Unbelieveable Display of a Dentist And a Madman who must Vanquish a Squirrel in Berlin, releaseYear=2006, length=85, rating=NC-17
?[0;31mindex=283, title=ENDING CROWDS, description=A Unbelieveable Display of a Dentist And a Madman who must Vanquish a Squirrel in Berlin, releaseYear=2006, length=85, rating=NC-17?[0m
MOVIE LOADED: index=284, title=ENEMY ODDS, description=A Fanciful Panorama of a Mad Scientist And a Woman who must Pursue a Astronaut in Ancient India, releaseYear=2006, length=77, rating=NC-17
?[0;31mindex=284, title=ENEMY ODDS, description=A Fanciful Panorama of a Mad Scientist And a Woman who must Pursue a Astronaut in Ancient India, releaseYear=2006, length=77, rating=NC-17?[0m
MOVIE LOADED: index=285, title=ENGLISH BULWORTH, description=A Intrepid Epistle of a Pastry Chef And a Pastry Chef who must Pursue a Crocodile in Ancient China, releaseYear=2006, length=51, rating=PG-13
?[0;31mindex=285, title=ENGLISH BULWORTH, description=A Intrepid Epistle of a Pastry Chef And a Pastry Chef who must Pursue a Crocodile in Ancient China, releaseYear=2006, length=51, rating=PG-13?[0m
MOVIE LOADED: index=286, title=ENOUGH RAGING, description=A Astounding Character Study of a Boat And a Secret Agent who must Find a Mad Cow in The Sahara Desert, releaseYear=2006, length=158, rating=NC-17
?[0;31mindex=286, title=ENOUGH RAGING, description=A Astounding Character Study of a Boat And a Secret Agent who must Find a Mad Cow in The Sahara Desert, releaseYear=2006, length=158, rating=NC-17?[0m
MOVIE LOADED: index=287, title=ENTRAPMENT SATISFACTION, description=A Thoughtful Panorama of a Hunter And a Teacher who must Reach a Mad Cow in A U-Boat, releaseYear=2006, length=176, rating=R
?[0;31mindex=287, title=ENTRAPMENT SATISFACTION, description=A Thoughtful Panorama of a Hunter And a Teacher who must Reach a Mad Cow in A U-Boat, releaseYear=2006, length=176, rating=R?[0m
MOVIE LOADED: index=288, title=ESCAPE METROPOLIS, description=A Taut Yarn of a Astronaut And a Technical Writer who must Outgun a Boat in New Orleans, releaseYear=2006, length=167, rating=R
?[0;31mindex=288, title=ESCAPE METROPOLIS, description=A Taut Yarn of a Astronaut And a Technical Writer who must Outgun a Boat in New Orleans, releaseYear=2006, length=167, rating=R?[0m
MOVIE LOADED: index=289, title=EVE RESURRECTION, description=A Awe-Inspiring Yarn of a Pastry Chef And a Database Administrator who must Challenge a Teacher in A Baloon, releaseYear=2006, length=66, rating=G
?[0;31mindex=289, title=EVE RESURRECTION, description=A Awe-Inspiring Yarn of a Pastry Chef And a Database Administrator who must Challenge a Teacher in A Baloon, releaseYear=2006, length=66, rating=G?[0m
MOVIE LOADED: index=290, title=EVERYONE CRAFT, description=A Fateful Display of a Waitress And a Dentist who must Reach a Butler in Nigeria, releaseYear=2006, length=163, rating=PG
?[0;31mindex=290, title=EVERYONE CRAFT, description=A Fateful Display of a Waitress And a Dentist who must Reach a Butler in Nigeria, releaseYear=2006, length=163, rating=PG?[0m
MOVIE LOADED: index=291, title=EVOLUTION ALTER, description=A Fanciful Character Study of a Feminist And a Madman who must Find a Explorer in A Baloon Factory, releaseYear=2006, length=174, rating=PG-13
?[0;31mindex=291, title=EVOLUTION ALTER, description=A Fanciful Character Study of a Feminist And a Madman who must Find a Explorer in A Baloon Factory, releaseYear=2006, length=174, rating=PG-13?[0m
MOVIE LOADED: index=292, title=EXCITEMENT EVE, description=A Brilliant Documentary of a Monkey And a Car who must Conquer a Crocodile in A Shark Tank, releaseYear=2006, length=51, rating=G
?[0;31mindex=292, title=EXCITEMENT EVE, description=A Brilliant Documentary of a Monkey And a Car who must Conquer a Crocodile in A Shark Tank, releaseYear=2006, length=51, rating=G?[0m
MOVIE LOADED: index=293, title=EXORCIST STING, description=A Touching Drama of a Dog And a Sumo Wrestler who must Conquer a Mad Scientist in Berlin, releaseYear=2006, length=167, rating=G
?[0;31mindex=293, title=EXORCIST STING, description=A Touching Drama of a Dog And a Sumo Wrestler who must Conquer a Mad Scientist in Berlin, releaseYear=2006, length=167, rating=G?[0m
MOVIE LOADED: index=294, title=EXPECATIONS NATURAL, description=A Amazing Drama of a Butler And a Husband who must Reach a A Shark in A U-Boat, releaseYear=2006, length=138, rating=PG-13
?[0;31mindex=294, title=EXPECATIONS NATURAL, description=A Amazing Drama of a Butler And a Husband who must Reach a A Shark in A U-Boat, releaseYear=2006, length=138, rating=PG-13?[0m
MOVIE LOADED: index=295, title=EXPENDABLE STALLION, description=A Amazing Character Study of a Mad Cow And a Squirrel who must Discover a Hunter in A U-Boat, releaseYear=2006, length=97, rating=PG
?[0;31mindex=295, title=EXPENDABLE STALLION, description=A Amazing Character Study of a Mad Cow And a Squirrel who must Discover a Hunter in A U-Boat, releaseYear=2006, length=97, rating=PG?[0m
MOVIE LOADED: index=296, title=EXPRESS LONELY, description=A Boring Drama of a Astronaut And a Boat who must Face a Boat in California, releaseYear=2006, length=178, rating=R
?[0;31mindex=296, title=EXPRESS LONELY, description=A Boring Drama of a Astronaut And a Boat who must Face a Boat in California, releaseYear=2006, length=178, rating=R?[0m
MOVIE LOADED: index=297, title=EXTRAORDINARY CONQUERER, description=A Stunning Story of a Dog And a Feminist who must Face a Forensic Psychologist in Berlin, releaseYear=2006, length=122, rating=G
?[0;31mindex=297, title=EXTRAORDINARY CONQUERER, description=A Stunning Story of a Dog And a Feminist who must Face a Forensic Psychologist in Berlin, releaseYear=2006, length=122, rating=G?[0m
MOVIE LOADED: index=298, title=EYES DRIVING, description=A Thrilling Story of a Cat And a Waitress who must Fight a Explorer in The Outback, releaseYear=2006, length=172, rating=PG-13
?[0;31mindex=298, title=EYES DRIVING, description=A Thrilling Story of a Cat And a Waitress who must Fight a Explorer in The Outback, releaseYear=2006, length=172, rating=PG-13?[0m
MOVIE LOADED: index=299, title=FACTORY DRAGON, description=A Action-Packed Saga of a Teacher And a Frisbee who must Escape a Lumberjack in The Sahara Desert, releaseYear=2006, length=144, rating=PG-13
?[0;31mindex=299, title=FACTORY DRAGON, description=A Action-Packed Saga of a Teacher And a Frisbee who must Escape a Lumberjack in The Sahara Desert, releaseYear=2006, length=144, rating=PG-13?[0m
MOVIE LOADED: index=300, title=FALCON VOLUME, description=A Fateful Saga of a Sumo Wrestler And a Hunter who must Redeem a A Shark in New Orleans, releaseYear=2006, length=102, rating=PG-13
?[0;31mindex=300, title=FALCON VOLUME, description=A Fateful Saga of a Sumo Wrestler And a Hunter who must Redeem a A Shark in New Orleans, releaseYear=2006, length=102, rating=PG-13?[0m
MOVIE LOADED: index=301, title=FAMILY SWEET, description=A Epic Documentary of a Teacher And a Boy who must Escape a Woman in Berlin, releaseYear=2006, length=155, rating=R
?[0;31mindex=301, title=FAMILY SWEET, description=A Epic Documentary of a Teacher And a Boy who must Escape a Woman in Berlin, releaseYear=2006, length=155, rating=R?[0m
MOVIE LOADED: index=302, title=FANTASIA PARK, description=A Thoughtful Documentary of a Mad Scientist And a A Shark who must Outrace a Feminist in Australia, releaseYear=2006, length=131, rating=G
?[0;31mindex=302, title=FANTASIA PARK, description=A Thoughtful Documentary of a Mad Scientist And a A Shark who must Outrace a Feminist in Australia, releaseYear=2006, length=131, rating=G?[0m
MOVIE LOADED: index=303, title=FANTASY TROOPERS, description=A Touching Saga of a Teacher And a Monkey who must Overcome a Secret Agent in A MySQL Convention, releaseYear=2006, length=58, rating=PG-13
?[0;31mindex=303, title=FANTASY TROOPERS, description=A Touching Saga of a Teacher And a Monkey who must Overcome a Secret Agent in A MySQL Convention, releaseYear=2006, length=58, rating=PG-13?[0m
MOVIE LOADED: index=304, title=FARGO GANDHI, description=A Thrilling Reflection of a Pastry Chef And a Crocodile who must Reach a Teacher in The Outback, releaseYear=2006, length=130, rating=G
?[0;31mindex=304, title=FARGO GANDHI, description=A Thrilling Reflection of a Pastry Chef And a Crocodile who must Reach a Teacher in The Outback, releaseYear=2006, length=130, rating=G?[0m
MOVIE LOADED: index=305, title=FATAL HAUNTED, description=A Beautiful Drama of a Student And a Secret Agent who must Confront a Dentist in Ancient Japan, releaseYear=2006, length=91, rating=PG
?[0;31mindex=305, title=FATAL HAUNTED, description=A Beautiful Drama of a Student And a Secret Agent who must Confront a Dentist in Ancient Japan, releaseYear=2006, length=91, rating=PG?[0m
MOVIE LOADED: index=306, title=FEATHERS METAL, description=A Thoughtful Yarn of a Monkey And a Teacher who must Find a Dog in Australia, releaseYear=2006, length=104, rating=PG-13
?[0;31mindex=306, title=FEATHERS METAL, description=A Thoughtful Yarn of a Monkey And a Teacher who must Find a Dog in Australia, releaseYear=2006, length=104, rating=PG-13?[0m
MOVIE LOADED: index=307, title=FELLOWSHIP AUTUMN, description=A Lacklusture Reflection of a Dentist And a Hunter who must Meet a Teacher in A Baloon, releaseYear=2006, length=77, rating=NC-17
?[0;31mindex=307, title=FELLOWSHIP AUTUMN, description=A Lacklusture Reflection of a Dentist And a Hunter who must Meet a Teacher in A Baloon, releaseYear=2006, length=77, rating=NC-17?[0m
MOVIE LOADED: index=308, title=FERRIS MOTHER, description=A Touching Display of a Frisbee And a Frisbee who must Kill a Girl in The Gulf of Mexico, releaseYear=2006, length=142, rating=PG
?[0;31mindex=308, title=FERRIS MOTHER, description=A Touching Display of a Frisbee And a Frisbee who must Kill a Girl in The Gulf of Mexico, releaseYear=2006, length=142, rating=PG?[0m
MOVIE LOADED: index=309, title=FEUD FROGMEN, description=A Brilliant Reflection of a Database Administrator And a Mad Cow who must Chase a Woman in The Canadian Rockies, releaseYear=2006, length=98, rating=R
?[0;31mindex=309, title=FEUD FROGMEN, description=A Brilliant Reflection of a Database Administrator And a Mad Cow who must Chase a Woman in The Canadian Rockies, releaseYear=2006, length=98, rating=R?[0m
MOVIE LOADED: index=310, title=FEVER EMPIRE, description=A Insightful Panorama of a Cat And a Boat who must Defeat a Boat in The Gulf of Mexico, releaseYear=2006, length=158, rating=R
?[0;31mindex=310, title=FEVER EMPIRE, description=A Insightful Panorama of a Cat And a Boat who must Defeat a Boat in The Gulf of Mexico, releaseYear=2006, length=158, rating=R?[0m
MOVIE LOADED: index=311, title=FICTION CHRISTMAS, description=A Emotional Yarn of a A Shark And a Student who must Battle a Robot in An Abandoned Mine Shaft, releaseYear=2006, length=72, rating=PG
?[0;31mindex=311, title=FICTION CHRISTMAS, description=A Emotional Yarn of a A Shark And a Student who must Battle a Robot in An Abandoned Mine Shaft, releaseYear=2006, length=72, rating=PG?[0m
MOVIE LOADED: index=312, title=FIDDLER LOST, description=A Boring Tale of a Squirrel And a Dog who must Challenge a Madman in The Gulf of Mexico, releaseYear=2006, length=75, rating=R
?[0;31mindex=312, title=FIDDLER LOST, description=A Boring Tale of a Squirrel And a Dog who must Challenge a Madman in The Gulf of Mexico, releaseYear=2006, length=75, rating=R?[0m
MOVIE LOADED: index=313, title=FIDELITY DEVIL, description=A Awe-Inspiring Drama of a Technical Writer And a Composer who must Reach a Pastry Chef in A U-Boat, releaseYear=2006, length=118, rating=G
?[0;31mindex=313, title=FIDELITY DEVIL, description=A Awe-Inspiring Drama of a Technical Writer And a Composer who must Reach a Pastry Chef in A U-Boat, releaseYear=2006, length=118, rating=G?[0m
MOVIE LOADED: index=314, title=FIGHT JAWBREAKER, description=A Intrepid Panorama of a Womanizer And a Girl who must Escape a Girl in A Manhattan Penthouse, releaseYear=2006, length=91, rating=R
?[0;31mindex=314, title=FIGHT JAWBREAKER, description=A Intrepid Panorama of a Womanizer And a Girl who must Escape a Girl in A Manhattan Penthouse, releaseYear=2006, length=91, rating=R?[0m
MOVIE LOADED: index=315, title=FINDING ANACONDA, description=A Fateful Tale of a Database Administrator And a Girl who must Battle a Squirrel in New Orleans, releaseYear=2006, length=156, rating=R
?[0;31mindex=315, title=FINDING ANACONDA, description=A Fateful Tale of a Database Administrator And a Girl who must Battle a Squirrel in New Orleans, releaseYear=2006, length=156, rating=R?[0m
MOVIE LOADED: index=316, title=FIRE WOLVES, description=A Intrepid Documentary of a Frisbee And a Dog who must Outrace a Lumberjack in Nigeria, releaseYear=2006, length=173, rating=R
?[0;31mindex=316, title=FIRE WOLVES, description=A Intrepid Documentary of a Frisbee And a Dog who must Outrace a Lumberjack in Nigeria, releaseYear=2006, length=173, rating=R?[0m
MOVIE LOADED: index=317, title=FIREBALL PHILADELPHIA, description=A Amazing Yarn of a Dentist And a A Shark who must Vanquish a Madman in An Abandoned Mine Shaft, releaseYear=2006, length=148, rating=PG
?[0;31mindex=317, title=FIREBALL PHILADELPHIA, description=A Amazing Yarn of a Dentist And a A Shark who must Vanquish a Madman in An Abandoned Mine Shaft, releaseYear=2006, length=148, rating=PG?[0m
MOVIE LOADED: index=318, title=FIREHOUSE VIETNAM, description=A Awe-Inspiring Character Study of a Boat And a Boy who must Kill a Pastry Chef in The Sahara Desert, releaseYear=2006, length=103, rating=G
?[0;31mindex=318, title=FIREHOUSE VIETNAM, description=A Awe-Inspiring Character Study of a Boat And a Boy who must Kill a Pastry Chef in The Sahara Desert, releaseYear=2006, length=103, rating=G?[0m
MOVIE LOADED: index=319, title=FISH OPUS, description=A Touching Display of a Feminist And a Girl who must Confront a Astronaut in Australia, releaseYear=2006, length=125, rating=R
?[0;31mindex=319, title=FISH OPUS, description=A Touching Display of a Feminist And a Girl who must Confront a Astronaut in Australia, releaseYear=2006, length=125, rating=R?[0m
MOVIE LOADED: index=320, title=FLAMINGOS CONNECTICUT, description=A Fast-Paced Reflection of a Composer And a Composer who must Meet a Cat in The Sahara Desert, releaseYear=2006, length=80, rating=PG-13
?[0;31mindex=320, title=FLAMINGOS CONNECTICUT, description=A Fast-Paced Reflection of a Composer And a Composer who must Meet a Cat in The Sahara Desert, releaseYear=2006, length=80, rating=PG-13?[0m
MOVIE LOADED: index=321, title=FLASH WARS, description=A Astounding Saga of a Moose And a Pastry Chef who must Chase a Student in The Gulf of Mexico, releaseYear=2006, length=123, rating=NC-17
?[0;31mindex=321, title=FLASH WARS, description=A Astounding Saga of a Moose And a Pastry Chef who must Chase a Student in The Gulf of Mexico, releaseYear=2006, length=123, rating=NC-17?[0m
MOVIE LOADED: index=322, title=FLATLINERS KILLER, description=A Taut Display of a Secret Agent And a Waitress who must Sink a Robot in An Abandoned Mine Shaft, releaseYear=2006, length=100, rating=G
?[0;31mindex=322, title=FLATLINERS KILLER, description=A Taut Display of a Secret Agent And a Waitress who must Sink a Robot in An Abandoned Mine Shaft, releaseYear=2006, length=100, rating=G?[0m
MOVIE LOADED: index=323, title=FLIGHT LIES, description=A Stunning Character Study of a Crocodile And a Pioneer who must Pursue a Teacher in New Orleans, releaseYear=2006, length=179, rating=R
?[0;31mindex=323, title=FLIGHT LIES, description=A Stunning Character Study of a Crocodile And a Pioneer who must Pursue a Teacher in New Orleans, releaseYear=2006, length=179, rating=R?[0m
MOVIE LOADED: index=324, title=FLINTSTONES HAPPINESS, description=A Fateful Story of a Husband And a Moose who must Vanquish a Boy in California, releaseYear=2006, length=148, rating=PG-13
?[0;31mindex=324, title=FLINTSTONES HAPPINESS, description=A Fateful Story of a Husband And a Moose who must Vanquish a Boy in California, releaseYear=2006, length=148, rating=PG-13?[0m
MOVIE LOADED: index=325, title=FLOATS GARDEN, description=A Action-Packed Epistle of a Robot And a Car who must Chase a Boat in Ancient Japan, releaseYear=2006, length=145, rating=PG-13
?[0;31mindex=325, title=FLOATS GARDEN, description=A Action-Packed Epistle of a Robot And a Car who must Chase a Boat in Ancient Japan, releaseYear=2006, length=145, rating=PG-13?[0m
MOVIE LOADED: index=326, title=FLYING HOOK, description=A Thrilling Display of a Mad Cow And a Dog who must Challenge a Frisbee in Nigeria, releaseYear=2006, length=69, rating=NC-17
?[0;31mindex=326, title=FLYING HOOK, description=A Thrilling Display of a Mad Cow And a Dog who must Challenge a Frisbee in Nigeria, releaseYear=2006, length=69, rating=NC-17?[0m
MOVIE LOADED: index=327, title=FOOL MOCKINGBIRD, description=A Lacklusture Tale of a Crocodile And a Composer who must Defeat a Madman in A U-Boat, releaseYear=2006, length=158, rating=PG
?[0;31mindex=327, title=FOOL MOCKINGBIRD, description=A Lacklusture Tale of a Crocodile And a Composer who must Defeat a Madman in A U-Boat, releaseYear=2006, length=158, rating=PG?[0m
MOVIE LOADED: index=328, title=FOREVER CANDIDATE, description=A Unbelieveable Panorama of a Technical Writer And a Man who must Pursue a Frisbee in A U-Boat, releaseYear=2006, length=131, rating=NC-17
?[0;31mindex=328, title=FOREVER CANDIDATE, description=A Unbelieveable Panorama of a Technical Writer And a Man who must Pursue a Frisbee in A U-Boat, releaseYear=2006, length=131, rating=NC-17?[0m
MOVIE LOADED: index=329, title=FORREST SONS, description=A Thrilling Documentary of a Forensic Psychologist And a Butler who must Defeat a Explorer in A Jet Boat, releaseYear=2006, length=63, rating=R
?[0;31mindex=329, title=FORREST SONS, description=A Thrilling Documentary of a Forensic Psychologist And a Butler who must Defeat a Explorer in A Jet Boat, releaseYear=2006, length=63, rating=R?[0m
MOVIE LOADED: index=330, title=FORRESTER COMANCHEROS, description=A Fateful Tale of a Squirrel And a Forensic Psychologist who must Redeem a Man in Nigeria, releaseYear=2006, length=112, rating=NC-17
?[0;31mindex=330, title=FORRESTER COMANCHEROS, description=A Fateful Tale of a Squirrel And a Forensic Psychologist who must Redeem a Man in Nigeria, releaseYear=2006, length=112, rating=NC-17?[0m
MOVIE LOADED: index=331, title=FORWARD TEMPLE, description=A Astounding Display of a Forensic Psychologist And a Mad Scientist who must Challenge a Girl in New Orleans, releaseYear=2006, length=90, rating=NC-17
?[0;31mindex=331, title=FORWARD TEMPLE, description=A Astounding Display of a Forensic Psychologist And a Mad Scientist who must Challenge a Girl in New Orleans, releaseYear=2006, length=90, rating=NC-17?[0m
MOVIE LOADED: index=332, title=FRANKENSTEIN STRANGER, description=A Insightful Character Study of a Feminist And a Pioneer who must Pursue a Pastry Chef in Nigeria, releaseYear=2006, length=159, rating=NC-17
?[0;31mindex=332, title=FRANKENSTEIN STRANGER, description=A Insightful Character Study of a Feminist And a Pioneer who must Pursue a Pastry Chef in Nigeria, releaseYear=2006, length=159, rating=NC-17?[0m
MOVIE LOADED: index=333, title=FREAKY POCUS, description=A Fast-Paced Documentary of a Pastry Chef And a Crocodile who must Chase a Squirrel in The Gulf of Mexico, releaseYear=2006, length=126, rating=R
?[0;31mindex=333, title=FREAKY POCUS, description=A Fast-Paced Documentary of a Pastry Chef And a Crocodile who must Chase a Squirrel in The Gulf of Mexico, releaseYear=2006, length=126, rating=R?[0m
MOVIE LOADED: index=334, title=FREDDY STORM, description=A Intrepid Saga of a Man And a Lumberjack who must Vanquish a Husband in The Outback, releaseYear=2006, length=65, rating=NC-17
?[0;31mindex=334, title=FREDDY STORM, description=A Intrepid Saga of a Man And a Lumberjack who must Vanquish a Husband in The Outback, releaseYear=2006, length=65, rating=NC-17?[0m
MOVIE LOADED: index=335, title=FREEDOM CLEOPATRA, description=A Emotional Reflection of a Dentist And a Mad Cow who must Face a Squirrel in A Baloon, releaseYear=2006, length=133, rating=PG-13
?[0;31mindex=335, title=FREEDOM CLEOPATRA, description=A Emotional Reflection of a Dentist And a Mad Cow who must Face a Squirrel in A Baloon, releaseYear=2006, length=133, rating=PG-13?[0m
MOVIE LOADED: index=336, title=FRENCH HOLIDAY, description=A Thrilling Epistle of a Dog And a Feminist who must Kill a Madman in Berlin, releaseYear=2006, length=99, rating=PG
?[0;31mindex=336, title=FRENCH HOLIDAY, description=A Thrilling Epistle of a Dog And a Feminist who must Kill a Madman in Berlin, releaseYear=2006, length=99, rating=PG?[0m
MOVIE LOADED: index=337, title=FRIDA SLIPPER, description=A Fateful Story of a Lumberjack And a Car who must Escape a Boat in An Abandoned Mine Shaft, releaseYear=2006, length=73, rating=R
?[0;31mindex=337, title=FRIDA SLIPPER, description=A Fateful Story of a Lumberjack And a Car who must Escape a Boat in An Abandoned Mine Shaft, releaseYear=2006, length=73, rating=R?[0m
MOVIE LOADED: index=338, title=FRISCO FORREST, description=A Beautiful Documentary of a Woman And a Pioneer who must Pursue a Mad Scientist in A Shark Tank, releaseYear=2006, length=51, rating=PG
?[0;31mindex=338, title=FRISCO FORREST, description=A Beautiful Documentary of a Woman And a Pioneer who must Pursue a Mad Scientist in A Shark Tank, releaseYear=2006, length=51, rating=PG?[0m
MOVIE LOADED: index=339, title=FROGMEN BREAKING, description=A Unbelieveable Yarn of a Mad Scientist And a Cat who must Chase a Lumberjack in Australia, releaseYear=2006, length=111, rating=R
?[0;31mindex=339, title=FROGMEN BREAKING, description=A Unbelieveable Yarn of a Mad Scientist And a Cat who must Chase a Lumberjack in Australia, releaseYear=2006, length=111, rating=R?[0m
MOVIE LOADED: index=340, title=FRONTIER CABIN, description=A Emotional Story of a Madman And a Waitress who must Battle a Teacher in An Abandoned Fun House, releaseYear=2006, length=183, rating=PG-13
?[0;31mindex=340, title=FRONTIER CABIN, description=A Emotional Story of a Madman And a Waitress who must Battle a Teacher in An Abandoned Fun House, releaseYear=2006, length=183, rating=PG-13?[0m
MOVIE LOADED: index=341, title=FROST HEAD, description=A Amazing Reflection of a Lumberjack And a Cat who must Discover a Husband in A MySQL Convention, releaseYear=2006, length=82, rating=PG
?[0;31mindex=341, title=FROST HEAD, description=A Amazing Reflection of a Lumberjack And a Cat who must Discover a Husband in A MySQL Convention, releaseYear=2006, length=82, rating=PG?[0m
MOVIE LOADED: index=342, title=FUGITIVE MAGUIRE, description=A Taut Epistle of a Feminist And a Sumo Wrestler who must Battle a Crocodile in Australia, releaseYear=2006, length=83, rating=R
?[0;31mindex=342, title=FUGITIVE MAGUIRE, description=A Taut Epistle of a Feminist And a Sumo Wrestler who must Battle a Crocodile in Australia, releaseYear=2006, length=83, rating=R?[0m
MOVIE LOADED: index=343, title=FULL FLATLINERS, description=A Beautiful Documentary of a Astronaut And a Moose who must Pursue a Monkey in A Shark Tank, releaseYear=2006, length=94, rating=PG
?[0;31mindex=343, title=FULL FLATLINERS, description=A Beautiful Documentary of a Astronaut And a Moose who must Pursue a Monkey in A Shark Tank, releaseYear=2006, length=94, rating=PG?[0m
MOVIE LOADED: index=344, title=FURY MURDER, description=A Lacklusture Reflection of a Boat And a Forensic Psychologist who must Fight a Waitress in A Monastery, releaseYear=2006, length=178, rating=PG-13
?[0;31mindex=344, title=FURY MURDER, description=A Lacklusture Reflection of a Boat And a Forensic Psychologist who must Fight a Waitress in A Monastery, releaseYear=2006, length=178, rating=PG-13?[0m
MOVIE LOADED: index=345, title=GABLES METROPOLIS, description=A Fateful Display of a Cat And a Pioneer who must Challenge a Pastry Chef in A Baloon Factory, releaseYear=2006, length=161, rating=PG
?[0;31mindex=345, title=GABLES METROPOLIS, description=A Fateful Display of a Cat And a Pioneer who must Challenge a Pastry Chef in A Baloon Factory, releaseYear=2006, length=161, rating=PG?[0m
MOVIE LOADED: index=346, title=GALAXY SWEETHEARTS, description=A Emotional Reflection of a Womanizer And a Pioneer who must Face a Squirrel in Berlin, releaseYear=2006, length=128, rating=R
?[0;31mindex=346, title=GALAXY SWEETHEARTS, description=A Emotional Reflection of a Womanizer And a Pioneer who must Face a Squirrel in Berlin, releaseYear=2006, length=128, rating=R?[0m
MOVIE LOADED: index=347, title=GAMES BOWFINGER, description=A Astounding Documentary of a Butler And a Explorer who must Challenge a Butler in A Monastery, releaseYear=2006, length=119, rating=PG-13
?[0;31mindex=347, title=GAMES BOWFINGER, description=A Astounding Documentary of a Butler And a Explorer who must Challenge a Butler in A Monastery, releaseYear=2006, length=119, rating=PG-13?[0m
MOVIE LOADED: index=348, title=GANDHI KWAI, description=A Thoughtful Display of a Mad Scientist And a Secret Agent who must Chase a Boat in Berlin, releaseYear=2006, length=86, rating=PG-13
?[0;31mindex=348, title=GANDHI KWAI, description=A Thoughtful Display of a Mad Scientist And a Secret Agent who must Chase a Boat in Berlin, releaseYear=2006, length=86, rating=PG-13?[0m
MOVIE LOADED: index=349, title=GANGS PRIDE, description=A Taut Character Study of a Woman And a A Shark who must Confront a Frisbee in Berlin, releaseYear=2006, length=185, rating=PG-13
?[0;31mindex=349, title=GANGS PRIDE, description=A Taut Character Study of a Woman And a A Shark who must Confront a Frisbee in Berlin, releaseYear=2006, length=185, rating=PG-13?[0m
MOVIE LOADED: index=350, title=GARDEN ISLAND, description=A Unbelieveable Character Study of a Womanizer And a Madman who must Reach a Man in The Outback, releaseYear=2006, length=80, rating=G
?[0;31mindex=350, title=GARDEN ISLAND, description=A Unbelieveable Character Study of a Womanizer And a Madman who must Reach a Man in The Outback, releaseYear=2006, length=80, rating=G?[0m
MOVIE LOADED: index=351, title=GASLIGHT CRUSADE, description=A Amazing Epistle of a Boy And a Astronaut who must Redeem a Man in The Gulf of Mexico, releaseYear=2006, length=106, rating=PG
?[0;31mindex=351, title=GASLIGHT CRUSADE, description=A Amazing Epistle of a Boy And a Astronaut who must Redeem a Man in The Gulf of Mexico, releaseYear=2006, length=106, rating=PG?[0m
MOVIE LOADED: index=352, title=GATHERING CALENDAR, description=A Intrepid Tale of a Pioneer And a Moose who must Conquer a Frisbee in A MySQL Convention, releaseYear=2006, length=176, rating=PG-13
?[0;31mindex=352, title=GATHERING CALENDAR, description=A Intrepid Tale of a Pioneer And a Moose who must Conquer a Frisbee in A MySQL Convention, releaseYear=2006, length=176, rating=PG-13?[0m
MOVIE LOADED: index=353, title=GENTLEMEN STAGE, description=A Awe-Inspiring Reflection of a Monkey And a Student who must Overcome a Dentist in The First Manned Space Station, releaseYear=2006, length=125, rating=NC-17
?[0;31mindex=353, title=GENTLEMEN STAGE, description=A Awe-Inspiring Reflection of a Monkey And a Student who must Overcome a Dentist in The First Manned Space Station, releaseYear=2006, length=125, rating=NC-17?[0m
MOVIE LOADED: index=354, title=GHOST GROUNDHOG, description=A Brilliant Panorama of a Madman And a Composer who must Succumb a Car in Ancient India, releaseYear=2006, length=85, rating=G
?[0;31mindex=354, title=GHOST GROUNDHOG, description=A Brilliant Panorama of a Madman And a Composer who must Succumb a Car in Ancient India, releaseYear=2006, length=85, rating=G?[0m
MOVIE LOADED: index=355, title=GHOSTBUSTERS ELF, description=A Thoughtful Epistle of a Dog And a Feminist who must Chase a Composer in Berlin, releaseYear=2006, length=101, rating=R
?[0;31mindex=355, title=GHOSTBUSTERS ELF, description=A Thoughtful Epistle of a Dog And a Feminist who must Chase a Composer in Berlin, releaseYear=2006, length=101, rating=R?[0m
MOVIE LOADED: index=356, title=GIANT TROOPERS, description=A Fateful Display of a Feminist And a Monkey who must Vanquish a Monkey in The Canadian Rockies, releaseYear=2006, length=102, rating=R
?[0;31mindex=356, title=GIANT TROOPERS, description=A Fateful Display of a Feminist And a Monkey who must Vanquish a Monkey in The Canadian Rockies, releaseYear=2006, length=102, rating=R?[0m
MOVIE LOADED: index=357, title=GILBERT PELICAN, description=A Fateful Tale of a Man And a Feminist who must Conquer a Crocodile in A Manhattan Penthouse, releaseYear=2006, length=114, rating=G
?[0;31mindex=357, title=GILBERT PELICAN, description=A Fateful Tale of a Man And a Feminist who must Conquer a Crocodile in A Manhattan Penthouse, releaseYear=2006, length=114, rating=G?[0m
MOVIE LOADED: index=358, title=GILMORE BOILED, description=A Unbelieveable Documentary of a Boat And a Husband who must Succumb a Student in A U-Boat, releaseYear=2006, length=163, rating=R
?[0;31mindex=358, title=GILMORE BOILED, description=A Unbelieveable Documentary of a Boat And a Husband who must Succumb a Student in A U-Boat, releaseYear=2006, length=163, rating=R?[0m
MOVIE LOADED: index=359, title=GLADIATOR WESTWARD, description=A Astounding Reflection of a Squirrel And a Sumo Wrestler who must Sink a Dentist in Ancient Japan, releaseYear=2006, length=173, rating=PG
?[0;31mindex=359, title=GLADIATOR WESTWARD, description=A Astounding Reflection of a Squirrel And a Sumo Wrestler who must Sink a Dentist in Ancient Japan, releaseYear=2006, length=173, rating=PG?[0m
MOVIE LOADED: index=360, title=GLASS DYING, description=A Astounding Drama of a Frisbee And a Astronaut who must Fight a Dog in Ancient Japan, releaseYear=2006, length=103, rating=G
?[0;31mindex=360, title=GLASS DYING, description=A Astounding Drama of a Frisbee And a Astronaut who must Fight a Dog in Ancient Japan, releaseYear=2006, length=103, rating=G?[0m
MOVIE LOADED: index=361, title=GLEAMING JAWBREAKER, description=A Amazing Display of a Composer And a Forensic Psychologist who must Discover a Car in The Canadian Rockies, releaseYear=2006, length=89, rating=NC-17
?[0;31mindex=361, title=GLEAMING JAWBREAKER, description=A Amazing Display of a Composer And a Forensic Psychologist who must Discover a Car in The Canadian Rockies, releaseYear=2006, length=89, rating=NC-17?[0m
MOVIE LOADED: index=362, title=GLORY TRACY, description=A Amazing Saga of a Woman And a Womanizer who must Discover a Cat in The First Manned Space Station, releaseYear=2006, length=115, rating=PG-13
?[0;31mindex=362, title=GLORY TRACY, description=A Amazing Saga of a Woman And a Womanizer who must Discover a Cat in The First Manned Space Station, releaseYear=2006, length=115, rating=PG-13?[0m
MOVIE LOADED: index=363, title=GO PURPLE, description=A Fast-Paced Display of a Car And a Database Administrator who must Battle a Woman in A Baloon, releaseYear=2006, length=54, rating=R
?[0;31mindex=363, title=GO PURPLE, description=A Fast-Paced Display of a Car And a Database Administrator who must Battle a Woman in A Baloon, releaseYear=2006, length=54, rating=R?[0m
MOVIE LOADED: index=364, title=GODFATHER DIARY, description=A Stunning Saga of a Lumberjack And a Squirrel who must Chase a Car in The Outback, releaseYear=2006, length=73, rating=NC-17
?[0;31mindex=364, title=GODFATHER DIARY, description=A Stunning Saga of a Lumberjack And a Squirrel who must Chase a Car in The Outback, releaseYear=2006, length=73, rating=NC-17?[0m
MOVIE LOADED: index=365, title=GOLD RIVER, description=A Taut Documentary of a Database Administrator And a Waitress who must Reach a Mad Scientist in A Baloon Factory, releaseYear=2006, length=154, rating=R
?[0;31mindex=365, title=GOLD RIVER, description=A Taut Documentary of a Database Administrator And a Waitress who must Reach a Mad Scientist in A Baloon Factory, releaseYear=2006, length=154, rating=R?[0m
MOVIE LOADED: index=366, title=GOLDFINGER SENSIBILITY, description=A Insightful Drama of a Mad Scientist And a Hunter who must Defeat a Pastry Chef in New Orleans, releaseYear=2006, length=93, rating=G
?[0;31mindex=366, title=GOLDFINGER SENSIBILITY, description=A Insightful Drama of a Mad Scientist And a Hunter who must Defeat a Pastry Chef in New Orleans, releaseYear=2006, length=93, rating=G?[0m
MOVIE LOADED: index=367, title=GOLDMINE TYCOON, description=A Brilliant Epistle of a Composer And a Frisbee who must Conquer a Husband in The Outback, releaseYear=2006, length=153, rating=R
?[0;31mindex=367, title=GOLDMINE TYCOON, description=A Brilliant Epistle of a Composer And a Frisbee who must Conquer a Husband in The Outback, releaseYear=2006, length=153, rating=R?[0m
MOVIE LOADED: index=368, title=GONE TROUBLE, description=A Insightful Character Study of a Mad Cow And a Forensic Psychologist who must Conquer a A Shark in A Manhattan Penthouse, releaseYear=2006, length=84, rating=R
?[0;31mindex=368, title=GONE TROUBLE, description=A Insightful Character Study of a Mad Cow And a Forensic Psychologist who must Conquer a A Shark in A Manhattan Penthouse, releaseYear=2006, length=84, rating=R?[0m
MOVIE LOADED: index=369, title=GOODFELLAS SALUTE, description=A Unbelieveable Tale of a Dog And a Explorer who must Sink a Mad Cow in A Baloon Factory, releaseYear=2006, length=56, rating=PG
?[0;31mindex=369, title=GOODFELLAS SALUTE, description=A Unbelieveable Tale of a Dog And a Explorer who must Sink a Mad Cow in A Baloon Factory, releaseYear=2006, length=56, rating=PG?[0m
MOVIE LOADED: index=370, title=GORGEOUS BINGO, description=A Action-Packed Display of a Sumo Wrestler And a Car who must Overcome a Waitress in A Baloon Factory, releaseYear=2006, length=108, rating=R
?[0;31mindex=370, title=GORGEOUS BINGO, description=A Action-Packed Display of a Sumo Wrestler And a Car who must Overcome a Waitress in A Baloon Factory, releaseYear=2006, length=108, rating=R?[0m
MOVIE LOADED: index=371, title=GOSFORD DONNIE, description=A Epic Panorama of a Mad Scientist And a Monkey who must Redeem a Secret Agent in Berlin, releaseYear=2006, length=129, rating=G
?[0;31mindex=371, title=GOSFORD DONNIE, description=A Epic Panorama of a Mad Scientist And a Monkey who must Redeem a Secret Agent in Berlin, releaseYear=2006, length=129, rating=G?[0m
MOVIE LOADED: index=372, title=GRACELAND DYNAMITE, description=A Taut Display of a Cat And a Girl who must Overcome a Database Administrator in New Orleans, releaseYear=2006, length=140, rating=R
?[0;31mindex=372, title=GRACELAND DYNAMITE, description=A Taut Display of a Cat And a Girl who must Overcome a Database Administrator in New Orleans, releaseYear=2006, length=140, rating=R?[0m
MOVIE LOADED: index=373, title=GRADUATE LORD, description=A Lacklusture Epistle of a Girl And a A Shark who must Meet a Mad Scientist in Ancient China, releaseYear=2006, length=156, rating=G
?[0;31mindex=373, title=GRADUATE LORD, description=A Lacklusture Epistle of a Girl And a A Shark who must Meet a Mad Scientist in Ancient China, releaseYear=2006, length=156, rating=G?[0m
MOVIE LOADED: index=374, title=GRAFFITI LOVE, description=A Unbelieveable Epistle of a Sumo Wrestler And a Hunter who must Build a Composer in Berlin, releaseYear=2006, length=117, rating=PG
?[0;31mindex=374, title=GRAFFITI LOVE, description=A Unbelieveable Epistle of a Sumo Wrestler And a Hunter who must Build a Composer in Berlin, releaseYear=2006, length=117, rating=PG?[0m
MOVIE LOADED: index=375, title=GRAIL FRANKENSTEIN, description=A Unbelieveable Saga of a Teacher And a Monkey who must Fight a Girl in An Abandoned Mine Shaft, releaseYear=2006, length=85, rating=NC-17
?[0;31mindex=375, title=GRAIL FRANKENSTEIN, description=A Unbelieveable Saga of a Teacher And a Monkey who must Fight a Girl in An Abandoned Mine Shaft, releaseYear=2006, length=85, rating=NC-17?[0m
MOVIE LOADED: index=376, title=GRAPES FURY, description=A Boring Yarn of a Mad Cow And a Sumo Wrestler who must Meet a Robot in Australia, releaseYear=2006, length=155, rating=G
?[0;31mindex=376, title=GRAPES FURY, description=A Boring Yarn of a Mad Cow And a Sumo Wrestler who must Meet a Robot in Australia, releaseYear=2006, length=155, rating=G?[0m
MOVIE LOADED: index=377, title=GREASE YOUTH, description=A Emotional Panorama of a Secret Agent And a Waitress who must Escape a Composer in Soviet Georgia, releaseYear=2006, length=135, rating=G
?[0;31mindex=377, title=GREASE YOUTH, description=A Emotional Panorama of a Secret Agent And a Waitress who must Escape a Composer in Soviet Georgia, releaseYear=2006, length=135, rating=G?[0m
MOVIE LOADED: index=378, title=GREATEST NORTH, description=A Astounding Character Study of a Secret Agent And a Robot who must Build a A Shark in Berlin, releaseYear=2006, length=93, rating=NC-17
?[0;31mindex=378, title=GREATEST NORTH, description=A Astounding Character Study of a Secret Agent And a Robot who must Build a A Shark in Berlin, releaseYear=2006, length=93, rating=NC-17?[0m
MOVIE LOADED: index=379, title=GREEDY ROOTS, description=A Amazing Reflection of a A Shark And a Butler who must Chase a Hunter in The Canadian Rockies, releaseYear=2006, length=166, rating=R
?[0;31mindex=379, title=GREEDY ROOTS, description=A Amazing Reflection of a A Shark And a Butler who must Chase a Hunter in The Canadian Rockies, releaseYear=2006, length=166, rating=R?[0m
MOVIE LOADED: index=380, title=GREEK EVERYONE, description=A Stunning Display of a Butler And a Teacher who must Confront a A Shark in The First Manned Space Station, releaseYear=2006, length=176, rating=PG
?[0;31mindex=380, title=GREEK EVERYONE, description=A Stunning Display of a Butler And a Teacher who must Confront a A Shark in The First Manned Space Station, releaseYear=2006, length=176, rating=PG?[0m
MOVIE LOADED: index=381, title=GRINCH MASSAGE, description=A Intrepid Display of a Madman And a Feminist who must Pursue a Pioneer in The First Manned Space Station, releaseYear=2006, length=150, rating=R
?[0;31mindex=381, title=GRINCH MASSAGE, description=A Intrepid Display of a Madman And a Feminist who must Pursue a Pioneer in The First Manned Space Station, releaseYear=2006, length=150, rating=R?[0m
MOVIE LOADED: index=382, title=GRIT CLOCKWORK, description=A Thoughtful Display of a Dentist And a Squirrel who must Confront a Lumberjack in A Shark Tank, releaseYear=2006, length=137, rating=PG
?[0;31mindex=382, title=GRIT CLOCKWORK, description=A Thoughtful Display of a Dentist And a Squirrel who must Confront a Lumberjack in A Shark Tank, releaseYear=2006, length=137, rating=PG?[0m
MOVIE LOADED: index=383, title=GROOVE FICTION, description=A Unbelieveable Reflection of a Moose And a A Shark who must Defeat a Lumberjack in An Abandoned Mine Shaft, releaseYear=2006, length=111, rating=NC-17
?[0;31mindex=383, title=GROOVE FICTION, description=A Unbelieveable Reflection of a Moose And a A Shark who must Defeat a Lumberjack in An Abandoned Mine Shaft, releaseYear=2006, length=111, rating=NC-17?[0m
MOVIE LOADED: index=384, title=GROSSE WONDERFUL, description=A Epic Drama of a Cat And a Explorer who must Redeem a Moose in Australia, releaseYear=2006, length=49, rating=R
?[0;31mindex=384, title=GROSSE WONDERFUL, description=A Epic Drama of a Cat And a Explorer who must Redeem a Moose in Australia, releaseYear=2006, length=49, rating=R?[0m
MOVIE LOADED: index=385, title=GROUNDHOG UNCUT, description=A Brilliant Panorama of a Astronaut And a Technical Writer who must Discover a Butler in A Manhattan Penthouse, releaseYear=2006, length=139, rating=PG-13
?[0;31mindex=385, title=GROUNDHOG UNCUT, description=A Brilliant Panorama of a Astronaut And a Technical Writer who must Discover a Butler in A Manhattan Penthouse, releaseYear=2006, length=139, rating=PG-13?[0m
MOVIE LOADED: index=386, title=GUMP DATE, description=A Intrepid Yarn of a Explorer And a Student who must Kill a Husband in An Abandoned Mine Shaft, releaseYear=2006, length=53, rating=NC-17
?[0;31mindex=386, title=GUMP DATE, description=A Intrepid Yarn of a Explorer And a Student who must Kill a Husband in An Abandoned Mine Shaft, releaseYear=2006, length=53, rating=NC-17?[0m
MOVIE LOADED: index=387, title=GUN BONNIE, description=A Boring Display of a Sumo Wrestler And a Husband who must Build a Waitress in The Gulf of Mexico, releaseYear=2006, length=100, rating=G
?[0;31mindex=387, title=GUN BONNIE, description=A Boring Display of a Sumo Wrestler And a Husband who must Build a Waitress in The Gulf of Mexico, releaseYear=2006, length=100, rating=G?[0m
MOVIE LOADED: index=388, title=GUNFIGHT MOON, description=A Epic Reflection of a Pastry Chef And a Explorer who must Reach a Dentist in The Sahara Desert, releaseYear=2006, length=70, rating=NC-17
?[0;31mindex=388, title=GUNFIGHT MOON, description=A Epic Reflection of a Pastry Chef And a Explorer who must Reach a Dentist in The Sahara Desert, releaseYear=2006, length=70, rating=NC-17?[0m
MOVIE LOADED: index=389, title=GUNFIGHTER MUSSOLINI, description=A Touching Saga of a Robot And a Boy who must Kill a Man in Ancient Japan, releaseYear=2006, length=127, rating=PG-13
?[0;31mindex=389, title=GUNFIGHTER MUSSOLINI, description=A Touching Saga of a Robot And a Boy who must Kill a Man in Ancient Japan, releaseYear=2006, length=127, rating=PG-13?[0m
MOVIE LOADED: index=390, title=GUYS FALCON, description=A Boring Story of a Woman And a Feminist who must Redeem a Squirrel in A U-Boat, releaseYear=2006, length=84, rating=R
?[0;31mindex=390, title=GUYS FALCON, description=A Boring Story of a Woman And a Feminist who must Redeem a Squirrel in A U-Boat, releaseYear=2006, length=84, rating=R?[0m
MOVIE LOADED: index=391, title=HALF OUTFIELD, description=A Epic Epistle of a Database Administrator And a Crocodile who must Face a Madman in A Jet Boat, releaseYear=2006, length=146, rating=PG-13
?[0;31mindex=391, title=HALF OUTFIELD, description=A Epic Epistle of a Database Administrator And a Crocodile who must Face a Madman in A Jet Boat, releaseYear=2006, length=146, rating=PG-13?[0m
MOVIE LOADED: index=392, title=HALL CASSIDY, description=A Beautiful Panorama of a Pastry Chef And a A Shark who must Battle a Pioneer in Soviet Georgia, releaseYear=2006, length=51, rating=NC-17
?[0;31mindex=392, title=HALL CASSIDY, description=A Beautiful Panorama of a Pastry Chef And a A Shark who must Battle a Pioneer in Soviet Georgia, releaseYear=2006, length=51, rating=NC-17?[0m
MOVIE LOADED: index=393, title=HALLOWEEN NUTS, description=A Amazing Panorama of a Forensic Psychologist And a Technical Writer who must Fight a Dentist in A U-Boat, releaseYear=2006, length=47, rating=PG-13
?[0;31mindex=393, title=HALLOWEEN NUTS, description=A Amazing Panorama of a Forensic Psychologist And a Technical Writer who must Fight a Dentist in A U-Boat, releaseYear=2006, length=47, rating=PG-13?[0m
MOVIE LOADED: index=394, title=HAMLET WISDOM, description=A Touching Reflection of a Man And a Man who must Sink a Robot in The Outback, releaseYear=2006, length=146, rating=R
?[0;31mindex=394, title=HAMLET WISDOM, description=A Touching Reflection of a Man And a Man who must Sink a Robot in The Outback, releaseYear=2006, length=146, rating=R?[0m
MOVIE LOADED: index=395, title=HANDICAP BOONDOCK, description=A Beautiful Display of a Pioneer And a Squirrel who must Vanquish a Sumo Wrestler in Soviet Georgia, releaseYear=2006, length=108, rating=R
?[0;31mindex=395, title=HANDICAP BOONDOCK, description=A Beautiful Display of a Pioneer And a Squirrel who must Vanquish a Sumo Wrestler in Soviet Georgia, releaseYear=2006, length=108, rating=R?[0m
MOVIE LOADED: index=396, title=HANGING DEEP, description=A Action-Packed Yarn of a Boat And a Crocodile who must Build a Monkey in Berlin, releaseYear=2006, length=62, rating=G
?[0;31mindex=396, title=HANGING DEEP, description=A Action-Packed Yarn of a Boat And a Crocodile who must Build a Monkey in Berlin, releaseYear=2006, length=62, rating=G?[0m
MOVIE LOADED: index=397, title=HANKY OCTOBER, description=A Boring Epistle of a Database Administrator And a Explorer who must Pursue a Madman in Soviet Georgia, releaseYear=2006, length=107, rating=NC-17
?[0;31mindex=397, title=HANKY OCTOBER, description=A Boring Epistle of a Database Administrator And a Explorer who must Pursue a Madman in Soviet Georgia, releaseYear=2006, length=107, rating=NC-17?[0m
MOVIE LOADED: index=398, title=HANOVER GALAXY, description=A Stunning Reflection of a Girl And a Secret Agent who must Succumb a Boy in A MySQL Convention, releaseYear=2006, length=47, rating=NC-17
?[0;31mindex=398, title=HANOVER GALAXY, description=A Stunning Reflection of a Girl And a Secret Agent who must Succumb a Boy in A MySQL Convention, releaseYear=2006, length=47, rating=NC-17?[0m
MOVIE LOADED: index=399, title=HAPPINESS UNITED, description=A Action-Packed Panorama of a Husband And a Feminist who must Meet a Forensic Psychologist in Ancient Japan, releaseYear=2006, length=100, rating=G
?[0;31mindex=399, title=HAPPINESS UNITED, description=A Action-Packed Panorama of a Husband And a Feminist who must Meet a Forensic Psychologist in Ancient Japan, releaseYear=2006, length=100, rating=G?[0m
MOVIE LOADED: index=400, title=HARDLY ROBBERS, description=A Emotional Character Study of a Hunter And a Car who must Kill a Woman in Berlin, releaseYear=2006, length=72, rating=R
?[0;31mindex=400, title=HARDLY ROBBERS, description=A Emotional Character Study of a Hunter And a Car who must Kill a Woman in Berlin, releaseYear=2006, length=72, rating=R?[0m
MOVIE LOADED: index=401, title=HAROLD FRENCH, description=A Stunning Saga of a Sumo Wrestler And a Student who must Outrace a Moose in The Sahara Desert, releaseYear=2006, length=168, rating=NC-17
?[0;31mindex=401, title=HAROLD FRENCH, description=A Stunning Saga of a Sumo Wrestler And a Student who must Outrace a Moose in The Sahara Desert, releaseYear=2006, length=168, rating=NC-17?[0m
MOVIE LOADED: index=402, title=HARPER DYING, description=A Awe-Inspiring Reflection of a Woman And a Cat who must Confront a Feminist in The Sahara Desert, releaseYear=2006, length=52, rating=G
?[0;31mindex=402, title=HARPER DYING, description=A Awe-Inspiring Reflection of a Woman And a Cat who must Confront a Feminist in The Sahara Desert, releaseYear=2006, length=52, rating=G?[0m
MOVIE LOADED: index=403, title=HARRY IDAHO, description=A Taut Yarn of a Technical Writer And a Feminist who must Outrace a Dog in California, releaseYear=2006, length=121, rating=PG-13
?[0;31mindex=403, title=HARRY IDAHO, description=A Taut Yarn of a Technical Writer And a Feminist who must Outrace a Dog in California, releaseYear=2006, length=121, rating=PG-13?[0m
MOVIE LOADED: index=404, title=HATE HANDICAP, description=A Intrepid Reflection of a Mad Scientist And a Pioneer who must Overcome a Hunter in The First Manned Space Station, releaseYear=2006, length=107, rating=PG
?[0;31mindex=404, title=HATE HANDICAP, description=A Intrepid Reflection of a Mad Scientist And a Pioneer who must Overcome a Hunter in The First Manned Space Station, releaseYear=2006, length=107, rating=PG?[0m
MOVIE LOADED: index=405, title=HAUNTED ANTITRUST, description=A Amazing Saga of a Man And a Dentist who must Reach a Technical Writer in Ancient India, releaseYear=2006, length=76, rating=NC-17
?[0;31mindex=405, title=HAUNTED ANTITRUST, description=A Amazing Saga of a Man And a Dentist who must Reach a Technical Writer in Ancient India, releaseYear=2006, length=76, rating=NC-17?[0m
MOVIE LOADED: index=406, title=HAUNTING PIANIST, description=A Fast-Paced Story of a Database Administrator And a Composer who must Defeat a Squirrel in An Abandoned Amusement Park, releaseYear=2006, length=181, rating=R
?[0;31mindex=406, title=HAUNTING PIANIST, description=A Fast-Paced Story of a Database Administrator And a Composer who must Defeat a Squirrel in An Abandoned Amusement Park, releaseYear=2006, length=181, rating=R?[0m
MOVIE LOADED: index=407, title=HAWK CHILL, description=A Action-Packed Drama of a Mad Scientist And a Composer who must Outgun a Car in Australia, releaseYear=2006, length=47, rating=PG-13
?[0;31mindex=407, title=HAWK CHILL, description=A Action-Packed Drama of a Mad Scientist And a Composer who must Outgun a Car in Australia, releaseYear=2006, length=47, rating=PG-13?[0m
MOVIE LOADED: index=408, title=HEAD STRANGER, description=A Thoughtful Saga of a Hunter And a Crocodile who must Confront a Dog in The Gulf of Mexico, releaseYear=2006, length=69, rating=R
?[0;31mindex=408, title=HEAD STRANGER, description=A Thoughtful Saga of a Hunter And a Crocodile who must Confront a Dog in The Gulf of Mexico, releaseYear=2006, length=69, rating=R?[0m
MOVIE LOADED: index=409, title=HEARTBREAKERS BRIGHT, description=A Awe-Inspiring Documentary of a A Shark And a Dentist who must Outrace a Pastry Chef in The Canadian Rockies, releaseYear=2006, length=59, rating=G
?[0;31mindex=409, title=HEARTBREAKERS BRIGHT, description=A Awe-Inspiring Documentary of a A Shark And a Dentist who must Outrace a Pastry Chef in The Canadian Rockies, releaseYear=2006, length=59, rating=G?[0m
MOVIE LOADED: index=410, title=HEAVEN FREEDOM, description=A Intrepid Story of a Butler And a Car who must Vanquish a Man in New Orleans, releaseYear=2006, length=48, rating=PG
?[0;31mindex=410, title=HEAVEN FREEDOM, description=A Intrepid Story of a Butler And a Car who must Vanquish a Man in New Orleans, releaseYear=2006, length=48, rating=PG?[0m
MOVIE LOADED: index=411, title=HEAVENLY GUN, description=A Beautiful Yarn of a Forensic Psychologist And a Frisbee who must Battle a Moose in A Jet Boat, releaseYear=2006, length=49, rating=NC-17
?[0;31mindex=411, title=HEAVENLY GUN, description=A Beautiful Yarn of a Forensic Psychologist And a Frisbee who must Battle a Moose in A Jet Boat, releaseYear=2006, length=49, rating=NC-17?[0m
MOVIE LOADED: index=412, title=HEAVYWEIGHTS BEAST, description=A Unbelieveable Story of a Composer And a Dog who must Overcome a Womanizer in An Abandoned Amusement Park, releaseYear=2006, length=102, rating=G
?[0;31mindex=412, title=HEAVYWEIGHTS BEAST, description=A Unbelieveable Story of a Composer And a Dog who must Overcome a Womanizer in An Abandoned Amusement Park, releaseYear=2006, length=102, rating=G?[0m
MOVIE LOADED: index=413, title=HEDWIG ALTER, description=A Action-Packed Yarn of a Womanizer And a Lumberjack who must Chase a Sumo Wrestler in A Monastery, releaseYear=2006, length=169, rating=NC-17
?[0;31mindex=413, title=HEDWIG ALTER, description=A Action-Packed Yarn of a Womanizer And a Lumberjack who must Chase a Sumo Wrestler in A Monastery, releaseYear=2006, length=169, rating=NC-17?[0m
MOVIE LOADED: index=414, title=HELLFIGHTERS SIERRA, description=A Taut Reflection of a A Shark And a Dentist who must Battle a Boat in Soviet Georgia, releaseYear=2006, length=75, rating=PG
?[0;31mindex=414, title=HELLFIGHTERS SIERRA, description=A Taut Reflection of a A Shark And a Dentist who must Battle a Boat in Soviet Georgia, releaseYear=2006, length=75, rating=PG?[0m
MOVIE LOADED: index=415, title=HIGH ENCINO, description=A Fateful Saga of a Waitress And a Hunter who must Outrace a Sumo Wrestler in Australia, releaseYear=2006, length=84, rating=R
?[0;31mindex=415, title=HIGH ENCINO, description=A Fateful Saga of a Waitress And a Hunter who must Outrace a Sumo Wrestler in Australia, releaseYear=2006, length=84, rating=R?[0m
MOVIE LOADED: index=416, title=HIGHBALL POTTER, description=A Action-Packed Saga of a Husband And a Dog who must Redeem a Database Administrator in The Sahara Desert, releaseYear=2006, length=110, rating=R
?[0;31mindex=416, title=HIGHBALL POTTER, description=A Action-Packed Saga of a Husband And a Dog who must Redeem a Database Administrator in The Sahara Desert, releaseYear=2006, length=110, rating=R?[0m
MOVIE LOADED: index=417, title=HILLS NEIGHBORS, description=A Epic Display of a Hunter And a Feminist who must Sink a Car in A U-Boat, releaseYear=2006, length=93, rating=G
?[0;31mindex=417, title=HILLS NEIGHBORS, description=A Epic Display of a Hunter And a Feminist who must Sink a Car in A U-Boat, releaseYear=2006, length=93, rating=G?[0m
MOVIE LOADED: index=418, title=HOBBIT ALIEN, description=A Emotional Drama of a Husband And a Girl who must Outgun a Composer in The First Manned Space Station, releaseYear=2006, length=157, rating=PG-13
?[0;31mindex=418, title=HOBBIT ALIEN, description=A Emotional Drama of a Husband And a Girl who must Outgun a Composer in The First Manned Space Station, releaseYear=2006, length=157, rating=PG-13?[0m
MOVIE LOADED: index=419, title=HOCUS FRIDA, description=A Awe-Inspiring Tale of a Girl And a Madman who must Outgun a Student in A Shark Tank, releaseYear=2006, length=141, rating=G
?[0;31mindex=419, title=HOCUS FRIDA, description=A Awe-Inspiring Tale of a Girl And a Madman who must Outgun a Student in A Shark Tank, releaseYear=2006, length=141, rating=G?[0m
MOVIE LOADED: index=420, title=HOLES BRANNIGAN, description=A Fast-Paced Reflection of a Technical Writer And a Student who must Fight a Boy in The Canadian Rockies, releaseYear=2006, length=128, rating=PG
?[0;31mindex=420, title=HOLES BRANNIGAN, description=A Fast-Paced Reflection of a Technical Writer And a Student who must Fight a Boy in The Canadian Rockies, releaseYear=2006, length=128, rating=PG?[0m
MOVIE LOADED: index=421, title=HOLIDAY GAMES, description=A Insightful Reflection of a Waitress And a Madman who must Pursue a Boy in Ancient Japan, releaseYear=2006, length=78, rating=PG-13
?[0;31mindex=421, title=HOLIDAY GAMES, description=A Insightful Reflection of a Waitress And a Madman who must Pursue a Boy in Ancient Japan, releaseYear=2006, length=78, rating=PG-13?[0m
MOVIE LOADED: index=422, title=HOLLOW JEOPARDY, description=A Beautiful Character Study of a Robot And a Astronaut who must Overcome a Boat in A Monastery, releaseYear=2006, length=136, rating=NC-17
?[0;31mindex=422, title=HOLLOW JEOPARDY, description=A Beautiful Character Study of a Robot And a Astronaut who must Overcome a Boat in A Monastery, releaseYear=2006, length=136, rating=NC-17?[0m
MOVIE LOADED: index=423, title=HOLLYWOOD ANONYMOUS, description=A Fast-Paced Epistle of a Boy And a Explorer who must Escape a Dog in A U-Boat, releaseYear=2006, length=69, rating=PG
?[0;31mindex=423, title=HOLLYWOOD ANONYMOUS, description=A Fast-Paced Epistle of a Boy And a Explorer who must Escape a Dog in A U-Boat, releaseYear=2006, length=69, rating=PG?[0m
MOVIE LOADED: index=424, title=HOLOCAUST HIGHBALL, description=A Awe-Inspiring Yarn of a Composer And a Man who must Find a Robot in Soviet Georgia, releaseYear=2006, length=149, rating=R
?[0;31mindex=424, title=HOLOCAUST HIGHBALL, description=A Awe-Inspiring Yarn of a Composer And a Man who must Find a Robot in Soviet Georgia, releaseYear=2006, length=149, rating=R?[0m
MOVIE LOADED: index=425, title=HOLY TADPOLE, description=A Action-Packed Display of a Feminist And a Pioneer who must Pursue a Dog in A Baloon Factory, releaseYear=2006, length=88, rating=R
?[0;31mindex=425, title=HOLY TADPOLE, description=A Action-Packed Display of a Feminist And a Pioneer who must Pursue a Dog in A Baloon Factory, releaseYear=2006, length=88, rating=R?[0m
MOVIE LOADED: index=426, title=HOME PITY, description=A Touching Panorama of a Man And a Secret Agent who must Challenge a Teacher in A MySQL Convention, releaseYear=2006, length=185, rating=R
?[0;31mindex=426, title=HOME PITY, description=A Touching Panorama of a Man And a Secret Agent who must Challenge a Teacher in A MySQL Convention, releaseYear=2006, length=185, rating=R?[0m
MOVIE LOADED: index=427, title=HOMEWARD CIDER, description=A Taut Reflection of a Astronaut And a Squirrel who must Fight a Squirrel in A Manhattan Penthouse, releaseYear=2006, length=103, rating=R
?[0;31mindex=427, title=HOMEWARD CIDER, description=A Taut Reflection of a Astronaut And a Squirrel who must Fight a Squirrel in A Manhattan Penthouse, releaseYear=2006, length=103, rating=R?[0m
MOVIE LOADED: index=428, title=HOMICIDE PEACH, description=A Astounding Documentary of a Hunter And a Boy who must Confront a Boy in A MySQL Convention, releaseYear=2006, length=141, rating=PG-13
?[0;31mindex=428, title=HOMICIDE PEACH, description=A Astounding Documentary of a Hunter And a Boy who must Confront a Boy in A MySQL Convention, releaseYear=2006, length=141, rating=PG-13?[0m
MOVIE LOADED: index=429, title=HONEY TIES, description=A Taut Story of a Waitress And a Crocodile who must Outrace a Lumberjack in A Shark Tank, releaseYear=2006, length=84, rating=R
?[0;31mindex=429, title=HONEY TIES, description=A Taut Story of a Waitress And a Crocodile who must Outrace a Lumberjack in A Shark Tank, releaseYear=2006, length=84, rating=R?[0m
MOVIE LOADED: index=430, title=HOOK CHARIOTS, description=A Insightful Story of a Boy And a Dog who must Redeem a Boy in Australia, releaseYear=2006, length=49, rating=G
?[0;31mindex=430, title=HOOK CHARIOTS, description=A Insightful Story of a Boy And a Dog who must Redeem a Boy in Australia, releaseYear=2006, length=49, rating=G?[0m
MOVIE LOADED: index=431, title=HOOSIERS BIRDCAGE, description=A Astounding Display of a Explorer And a Boat who must Vanquish a Car in The First Manned Space Station, releaseYear=2006, length=176, rating=G
?[0;31mindex=431, title=HOOSIERS BIRDCAGE, description=A Astounding Display of a Explorer And a Boat who must Vanquish a Car in The First Manned Space Station, releaseYear=2006, length=176, rating=G?[0m
MOVIE LOADED: index=432, title=HOPE TOOTSIE, description=A Amazing Documentary of a Student And a Sumo Wrestler who must Outgun a A Shark in A Shark Tank, releaseYear=2006, length=139, rating=NC-17
?[0;31mindex=432, title=HOPE TOOTSIE, description=A Amazing Documentary of a Student And a Sumo Wrestler who must Outgun a A Shark in A Shark Tank, releaseYear=2006, length=139, rating=NC-17?[0m
MOVIE LOADED: index=433, title=HORN WORKING, description=A Stunning Display of a Mad Scientist And a Technical Writer who must Succumb a Monkey in A Shark Tank, releaseYear=2006, length=95, rating=PG
?[0;31mindex=433, title=HORN WORKING, description=A Stunning Display of a Mad Scientist And a Technical Writer who must Succumb a Monkey in A Shark Tank, releaseYear=2006, length=95, rating=PG?[0m
MOVIE LOADED: index=434, title=HORROR REIGN, description=A Touching Documentary of a A Shark And a Car who must Build a Husband in Nigeria, releaseYear=2006, length=139, rating=R
?[0;31mindex=434, title=HORROR REIGN, description=A Touching Documentary of a A Shark And a Car who must Build a Husband in Nigeria, releaseYear=2006, length=139, rating=R?[0m
MOVIE LOADED: index=435, title=HOTEL HAPPINESS, description=A Thrilling Yarn of a Pastry Chef And a A Shark who must Challenge a Mad Scientist in The Outback, releaseYear=2006, length=181, rating=PG-13
?[0;31mindex=435, title=HOTEL HAPPINESS, description=A Thrilling Yarn of a Pastry Chef And a A Shark who must Challenge a Mad Scientist in The Outback, releaseYear=2006, length=181, rating=PG-13?[0m
MOVIE LOADED: index=436, title=HOURS RAGE, description=A Fateful Story of a Explorer And a Feminist who must Meet a Technical Writer in Soviet Georgia, releaseYear=2006, length=122, rating=NC-17
?[0;31mindex=436, title=HOURS RAGE, description=A Fateful Story of a Explorer And a Feminist who must Meet a Technical Writer in Soviet Georgia, releaseYear=2006, length=122, rating=NC-17?[0m
MOVIE LOADED: index=437, title=HOUSE DYNAMITE, description=A Taut Story of a Pioneer And a Squirrel who must Battle a Student in Soviet Georgia, releaseYear=2006, length=109, rating=R
?[0;31mindex=437, title=HOUSE DYNAMITE, description=A Taut Story of a Pioneer And a Squirrel who must Battle a Student in Soviet Georgia, releaseYear=2006, length=109, rating=R?[0m
MOVIE LOADED: index=438, title=HUMAN GRAFFITI, description=A Beautiful Reflection of a Womanizer And a Sumo Wrestler who must Chase a Database Administrator in The Gulf of Mexico, releaseYear=2006, length=68, rating=NC-17
?[0;31mindex=438, title=HUMAN GRAFFITI, description=A Beautiful Reflection of a Womanizer And a Sumo Wrestler who must Chase a Database Administrator in The Gulf of Mexico, releaseYear=2006, length=68, rating=NC-17?[0m
MOVIE LOADED: index=439, title=HUNCHBACK IMPOSSIBLE, description=A Touching Yarn of a Frisbee And a Dentist who must Fight a Composer in Ancient Japan, releaseYear=2006, length=151, rating=PG-13
?[0;31mindex=439, title=HUNCHBACK IMPOSSIBLE, description=A Touching Yarn of a Frisbee And a Dentist who must Fight a Composer in Ancient Japan, releaseYear=2006, length=151, rating=PG-13?[0m
MOVIE LOADED: index=440, title=HUNGER ROOF, description=A Unbelieveable Yarn of a Student And a Database Administrator who must Outgun a Husband in An Abandoned Mine Shaft, releaseYear=2006, length=105, rating=G
?[0;31mindex=440, title=HUNGER ROOF, description=A Unbelieveable Yarn of a Student And a Database Administrator who must Outgun a Husband in An Abandoned Mine Shaft, releaseYear=2006, length=105, rating=G?[0m
MOVIE LOADED: index=441, title=HUNTER ALTER, description=A Emotional Drama of a Mad Cow And a Boat who must Redeem a Secret Agent in A Shark Tank, releaseYear=2006, length=125, rating=PG-13
?[0;31mindex=441, title=HUNTER ALTER, description=A Emotional Drama of a Mad Cow And a Boat who must Redeem a Secret Agent in A Shark Tank, releaseYear=2006, length=125, rating=PG-13?[0m
MOVIE LOADED: index=442, title=HUNTING MUSKETEERS, description=A Thrilling Reflection of a Pioneer And a Dentist who must Outrace a Womanizer in An Abandoned Mine Shaft, releaseYear=2006, length=65, rating=NC-17
?[0;31mindex=442, title=HUNTING MUSKETEERS, description=A Thrilling Reflection of a Pioneer And a Dentist who must Outrace a Womanizer in An Abandoned Mine Shaft, releaseYear=2006, length=65, rating=NC-17?[0m
MOVIE LOADED: index=443, title=HURRICANE AFFAIR, description=A Lacklusture Epistle of a Database Administrator And a Woman who must Meet a Hunter in An Abandoned Mine Shaft, releaseYear=2006, length=49, rating=PG
?[0;31mindex=443, title=HURRICANE AFFAIR, description=A Lacklusture Epistle of a Database Administrator And a Woman who must Meet a Hunter in An Abandoned Mine Shaft, releaseYear=2006, length=49, rating=PG?[0m
MOVIE LOADED: index=444, title=HUSTLER PARTY, description=A Emotional Reflection of a Sumo Wrestler And a Monkey who must Conquer a Robot in The Sahara Desert, releaseYear=2006, length=83, rating=NC-17
?[0;31mindex=444, title=HUSTLER PARTY, description=A Emotional Reflection of a Sumo Wrestler And a Monkey who must Conquer a Robot in The Sahara Desert, releaseYear=2006, length=83, rating=NC-17?[0m
MOVIE LOADED: index=445, title=HYDE DOCTOR, description=A Fanciful Documentary of a Boy And a Woman who must Redeem a Womanizer in A Jet Boat, releaseYear=2006, length=100, rating=G
?[0;31mindex=445, title=HYDE DOCTOR, description=A Fanciful Documentary of a Boy And a Woman who must Redeem a Womanizer in A Jet Boat, releaseYear=2006, length=100, rating=G?[0m
MOVIE LOADED: index=446, title=HYSTERICAL GRAIL, description=A Amazing Saga of a Madman And a Dentist who must Build a Car in A Manhattan Penthouse, releaseYear=2006, length=150, rating=PG
?[0;31mindex=446, title=HYSTERICAL GRAIL, description=A Amazing Saga of a Madman And a Dentist who must Build a Car in A Manhattan Penthouse, releaseYear=2006, length=150, rating=PG?[0m
MOVIE LOADED: index=447, title=ICE CROSSING, description=A Fast-Paced Tale of a Butler And a Moose who must Overcome a Pioneer in A Manhattan Penthouse, releaseYear=2006, length=131, rating=R
?[0;31mindex=447, title=ICE CROSSING, description=A Fast-Paced Tale of a Butler And a Moose who must Overcome a Pioneer in A Manhattan Penthouse, releaseYear=2006, length=131, rating=R?[0m
MOVIE LOADED: index=448, title=IDAHO LOVE, description=A Fast-Paced Drama of a Student And a Crocodile who must Meet a Database Administrator in The Outback, releaseYear=2006, length=172, rating=PG-13
?[0;31mindex=448, title=IDAHO LOVE, description=A Fast-Paced Drama of a Student And a Crocodile who must Meet a Database Administrator in The Outback, releaseYear=2006, length=172, rating=PG-13?[0m
MOVIE LOADED: index=449, title=IDENTITY LOVER, description=A Boring Tale of a Composer And a Mad Cow who must Defeat a Car in The Outback, releaseYear=2006, length=119, rating=PG-13
?[0;31mindex=449, title=IDENTITY LOVER, description=A Boring Tale of a Composer And a Mad Cow who must Defeat a Car in The Outback, releaseYear=2006, length=119, rating=PG-13?[0m
MOVIE LOADED: index=450, title=IDOLS SNATCHERS, description=A Insightful Drama of a Car And a Composer who must Fight a Man in A Monastery, releaseYear=2006, length=84, rating=NC-17
?[0;31mindex=450, title=IDOLS SNATCHERS, description=A Insightful Drama of a Car And a Composer who must Fight a Man in A Monastery, releaseYear=2006, length=84, rating=NC-17?[0m
MOVIE LOADED: index=451, title=IGBY MAKER, description=A Epic Documentary of a Hunter And a Dog who must Outgun a Dog in A Baloon Factory, releaseYear=2006, length=160, rating=NC-17
?[0;31mindex=451, title=IGBY MAKER, description=A Epic Documentary of a Hunter And a Dog who must Outgun a Dog in A Baloon Factory, releaseYear=2006, length=160, rating=NC-17?[0m
MOVIE LOADED: index=452, title=ILLUSION AMELIE, description=A Emotional Epistle of a Boat And a Mad Scientist who must Outrace a Robot in An Abandoned Mine Shaft, releaseYear=2006, length=122, rating=R
?[0;31mindex=452, title=ILLUSION AMELIE, description=A Emotional Epistle of a Boat And a Mad Scientist who must Outrace a Robot in An Abandoned Mine Shaft, releaseYear=2006, length=122, rating=R?[0m
MOVIE LOADED: index=453, title=IMAGE PRINCESS, description=A Lacklusture Panorama of a Secret Agent And a Crocodile who must Discover a Madman in The Canadian Rockies, releaseYear=2006, length=178, rating=PG-13
?[0;31mindex=453, title=IMAGE PRINCESS, description=A Lacklusture Panorama of a Secret Agent And a Crocodile who must Discover a Madman in The Canadian Rockies, releaseYear=2006, length=178, rating=PG-13?[0m
MOVIE LOADED: index=454, title=IMPACT ALADDIN, description=A Epic Character Study of a Frisbee And a Moose who must Outgun a Technical Writer in A Shark Tank, releaseYear=2006, length=180, rating=PG-13
?[0;31mindex=454, title=IMPACT ALADDIN, description=A Epic Character Study of a Frisbee And a Moose who must Outgun a Technical Writer in A Shark Tank, releaseYear=2006, length=180, rating=PG-13?[0m
MOVIE LOADED: index=455, title=IMPOSSIBLE PREJUDICE, description=A Awe-Inspiring Yarn of a Monkey And a Hunter who must Chase a Teacher in Ancient China, releaseYear=2006, length=103, rating=NC-17
?[0;31mindex=455, title=IMPOSSIBLE PREJUDICE, description=A Awe-Inspiring Yarn of a Monkey And a Hunter who must Chase a Teacher in Ancient China, releaseYear=2006, length=103, rating=NC-17?[0m
MOVIE LOADED: index=456, title=INCH JET, description=A Fateful Saga of a Womanizer And a Student who must Defeat a Butler in A Monastery, releaseYear=2006, length=167, rating=NC-17
?[0;31mindex=456, title=INCH JET, description=A Fateful Saga of a Womanizer And a Student who must Defeat a Butler in A Monastery, releaseYear=2006, length=167, rating=NC-17?[0m
MOVIE LOADED: index=457, title=INDEPENDENCE HOTEL, description=A Thrilling Tale of a Technical Writer And a Boy who must Face a Pioneer in A Monastery, releaseYear=2006, length=157, rating=NC-17
?[0;31mindex=457, title=INDEPENDENCE HOTEL, description=A Thrilling Tale of a Technical Writer And a Boy who must Face a Pioneer in A Monastery, releaseYear=2006, length=157, rating=NC-17?[0m
MOVIE LOADED: index=458, title=INDIAN LOVE, description=A Insightful Saga of a Mad Scientist And a Mad Scientist who must Kill a Astronaut in An Abandoned Fun House, releaseYear=2006, length=135, rating=NC-17
?[0;31mindex=458, title=INDIAN LOVE, description=A Insightful Saga of a Mad Scientist And a Mad Scientist who must Kill a Astronaut in An Abandoned Fun House, releaseYear=2006, length=135, rating=NC-17?[0m
MOVIE LOADED: index=459, title=INFORMER DOUBLE, description=A Action-Packed Display of a Woman And a Dentist who must Redeem a Forensic Psychologist in The Canadian Rockies, releaseYear=2006, length=74, rating=NC-17
?[0;31mindex=459, title=INFORMER DOUBLE, description=A Action-Packed Display of a Woman And a Dentist who must Redeem a Forensic Psychologist in The Canadian Rockies, releaseYear=2006, length=74, rating=NC-17?[0m
MOVIE LOADED: index=460, title=INNOCENT USUAL, description=A Beautiful Drama of a Pioneer And a Crocodile who must Challenge a Student in The Outback, releaseYear=2006, length=178, rating=PG-13
?[0;31mindex=460, title=INNOCENT USUAL, description=A Beautiful Drama of a Pioneer And a Crocodile who must Challenge a Student in The Outback, releaseYear=2006, length=178, rating=PG-13?[0m
MOVIE LOADED: index=461, title=INSECTS STONE, description=A Epic Display of a Butler And a Dog who must Vanquish a Crocodile in A Manhattan Penthouse, releaseYear=2006, length=123, rating=NC-17
?[0;31mindex=461, title=INSECTS STONE, description=A Epic Display of a Butler And a Dog who must Vanquish a Crocodile in A Manhattan Penthouse, releaseYear=2006, length=123, rating=NC-17?[0m
MOVIE LOADED: index=462, title=INSIDER ARIZONA, description=A Astounding Saga of a Mad Scientist And a Hunter who must Pursue a Robot in A Baloon Factory, releaseYear=2006, length=78, rating=NC-17
?[0;31mindex=462, title=INSIDER ARIZONA, description=A Astounding Saga of a Mad Scientist And a Hunter who must Pursue a Robot in A Baloon Factory, releaseYear=2006, length=78, rating=NC-17?[0m
MOVIE LOADED: index=463, title=INSTINCT AIRPORT, description=A Touching Documentary of a Mad Cow And a Explorer who must Confront a Butler in A Manhattan Penthouse, releaseYear=2006, length=116, rating=PG
?[0;31mindex=463, title=INSTINCT AIRPORT, description=A Touching Documentary of a Mad Cow And a Explorer who must Confront a Butler in A Manhattan Penthouse, releaseYear=2006, length=116, rating=PG?[0m
MOVIE LOADED: index=464, title=INTENTIONS EMPIRE, description=A Astounding Epistle of a Cat And a Cat who must Conquer a Mad Cow in A U-Boat, releaseYear=2006, length=107, rating=PG-13
?[0;31mindex=464, title=INTENTIONS EMPIRE, description=A Astounding Epistle of a Cat And a Cat who must Conquer a Mad Cow in A U-Boat, releaseYear=2006, length=107, rating=PG-13?[0m
MOVIE LOADED: index=465, title=INTERVIEW LIAISONS, description=A Action-Packed Reflection of a Student And a Butler who must Discover a Database Administrator in A Manhattan Penthouse, releaseYear=2006, length=59, rating=R
?[0;31mindex=465, title=INTERVIEW LIAISONS, description=A Action-Packed Reflection of a Student And a Butler who must Discover a Database Administrator in A Manhattan Penthouse, releaseYear=2006, length=59, rating=R?[0m
MOVIE LOADED: index=466, title=INTOLERABLE INTENTIONS, description=A Awe-Inspiring Story of a Monkey And a Pastry Chef who must Succumb a Womanizer in A MySQL Convention, releaseYear=2006, length=63, rating=PG-13
?[0;31mindex=466, title=INTOLERABLE INTENTIONS, description=A Awe-Inspiring Story of a Monkey And a Pastry Chef who must Succumb a Womanizer in A MySQL Convention, releaseYear=2006, length=63, rating=PG-13?[0m
MOVIE LOADED: index=467, title=INTRIGUE WORST, description=A Fanciful Character Study of a Explorer And a Mad Scientist who must Vanquish a Squirrel in A Jet Boat, releaseYear=2006, length=181, rating=G
?[0;31mindex=467, title=INTRIGUE WORST, description=A Fanciful Character Study of a Explorer And a Mad Scientist who must Vanquish a Squirrel in A Jet Boat, releaseYear=2006, length=181, rating=G?[0m
MOVIE LOADED: index=468, title=INVASION CYCLONE, description=A Lacklusture Character Study of a Mad Scientist And a Womanizer who must Outrace a Explorer in A Monastery, releaseYear=2006, length=97, rating=PG
?[0;31mindex=468, title=INVASION CYCLONE, description=A Lacklusture Character Study of a Mad Scientist And a Womanizer who must Outrace a Explorer in A Monastery, releaseYear=2006, length=97, rating=PG?[0m
MOVIE LOADED: index=469, title=IRON MOON, description=A Fast-Paced Documentary of a Mad Cow And a Boy who must Pursue a Dentist in A Baloon, releaseYear=2006, length=46, rating=PG
?[0;31mindex=469, title=IRON MOON, description=A Fast-Paced Documentary of a Mad Cow And a Boy who must Pursue a Dentist in A Baloon, releaseYear=2006, length=46, rating=PG?[0m
MOVIE LOADED: index=470, title=ISHTAR ROCKETEER, description=A Astounding Saga of a Dog And a Squirrel who must Conquer a Dog in An Abandoned Fun House, releaseYear=2006, length=79, rating=R
?[0;31mindex=470, title=ISHTAR ROCKETEER, description=A Astounding Saga of a Dog And a Squirrel who must Conquer a Dog in An Abandoned Fun House, releaseYear=2006, length=79, rating=R?[0m
MOVIE LOADED: index=471, title=ISLAND EXORCIST, description=A Fanciful Panorama of a Technical Writer And a Boy who must Find a Dentist in An Abandoned Fun House, releaseYear=2006, length=84, rating=NC-17
?[0;31mindex=471, title=ISLAND EXORCIST, description=A Fanciful Panorama of a Technical Writer And a Boy who must Find a Dentist in An Abandoned Fun House, releaseYear=2006, length=84, rating=NC-17?[0m
MOVIE LOADED: index=472, title=ITALIAN AFRICAN, description=A Astounding Character Study of a Monkey And a Moose who must Outgun a Cat in A U-Boat, releaseYear=2006, length=174, rating=G
?[0;31mindex=472, title=ITALIAN AFRICAN, description=A Astounding Character Study of a Monkey And a Moose who must Outgun a Cat in A U-Boat, releaseYear=2006, length=174, rating=G?[0m
MOVIE LOADED: index=473, title=JACKET FRISCO, description=A Insightful Reflection of a Womanizer And a Husband who must Conquer a Pastry Chef in A Baloon, releaseYear=2006, length=181, rating=PG-13
?[0;31mindex=473, title=JACKET FRISCO, description=A Insightful Reflection of a Womanizer And a Husband who must Conquer a Pastry Chef in A Baloon, releaseYear=2006, length=181, rating=PG-13?[0m
MOVIE LOADED: index=474, title=JADE BUNCH, description=A Insightful Panorama of a Squirrel And a Mad Cow who must Confront a Student in The First Manned Space Station, releaseYear=2006, length=174, rating=NC-17
?[0;31mindex=474, title=JADE BUNCH, description=A Insightful Panorama of a Squirrel And a Mad Cow who must Confront a Student in The First Manned Space Station, releaseYear=2006, length=174, rating=NC-17?[0m
MOVIE LOADED: index=475, title=JAPANESE RUN, description=A Awe-Inspiring Epistle of a Feminist And a Girl who must Sink a Girl in The Outback, releaseYear=2006, length=135, rating=G
?[0;31mindex=475, title=JAPANESE RUN, description=A Awe-Inspiring Epistle of a Feminist And a Girl who must Sink a Girl in The Outback, releaseYear=2006, length=135, rating=G?[0m
MOVIE LOADED: index=476, title=JASON TRAP, description=A Thoughtful Tale of a Woman And a A Shark who must Conquer a Dog in A Monastery, releaseYear=2006, length=130, rating=NC-17
?[0;31mindex=476, title=JASON TRAP, description=A Thoughtful Tale of a Woman And a A Shark who must Conquer a Dog in A Monastery, releaseYear=2006, length=130, rating=NC-17?[0m
MOVIE LOADED: index=477, title=JAWBREAKER BROOKLYN, description=A Stunning Reflection of a Boat And a Pastry Chef who must Succumb a A Shark in A Jet Boat, releaseYear=2006, length=118, rating=PG
?[0;31mindex=477, title=JAWBREAKER BROOKLYN, description=A Stunning Reflection of a Boat And a Pastry Chef who must Succumb a A Shark in A Jet Boat, releaseYear=2006, length=118, rating=PG?[0m
MOVIE LOADED: index=478, title=JAWS HARRY, description=A Thrilling Display of a Database Administrator And a Monkey who must Overcome a Dog in An Abandoned Fun House, releaseYear=2006, length=112, rating=G
?[0;31mindex=478, title=JAWS HARRY, description=A Thrilling Display of a Database Administrator And a Monkey who must Overcome a Dog in An Abandoned Fun House, releaseYear=2006, length=112, rating=G?[0m
MOVIE LOADED: index=479, title=JEDI BENEATH, description=A Astounding Reflection of a Explorer And a Dentist who must Pursue a Student in Nigeria, releaseYear=2006, length=128, rating=PG
?[0;31mindex=479, title=JEDI BENEATH, description=A Astounding Reflection of a Explorer And a Dentist who must Pursue a Student in Nigeria, releaseYear=2006, length=128, rating=PG?[0m
MOVIE LOADED: index=480, title=JEEPERS WEDDING, description=A Astounding Display of a Composer And a Dog who must Kill a Pastry Chef in Soviet Georgia, releaseYear=2006, length=84, rating=R
?[0;31mindex=480, title=JEEPERS WEDDING, description=A Astounding Display of a Composer And a Dog who must Kill a Pastry Chef in Soviet Georgia, releaseYear=2006, length=84, rating=R?[0m
MOVIE LOADED: index=481, title=JEKYLL FROGMEN, description=A Fanciful Epistle of a Student And a Astronaut who must Kill a Waitress in A Shark Tank, releaseYear=2006, length=58, rating=PG
?[0;31mindex=481, title=JEKYLL FROGMEN, description=A Fanciful Epistle of a Student And a Astronaut who must Kill a Waitress in A Shark Tank, releaseYear=2006, length=58, rating=PG?[0m
MOVIE LOADED: index=482, title=JEOPARDY ENCINO, description=A Boring Panorama of a Man And a Mad Cow who must Face a Explorer in Ancient India, releaseYear=2006, length=102, rating=R
?[0;31mindex=482, title=JEOPARDY ENCINO, description=A Boring Panorama of a Man And a Mad Cow who must Face a Explorer in Ancient India, releaseYear=2006, length=102, rating=R?[0m
MOVIE LOADED: index=483, title=JERICHO MULAN, description=A Amazing Yarn of a Hunter And a Butler who must Defeat a Boy in A Jet Boat, releaseYear=2006, length=171, rating=NC-17
?[0;31mindex=483, title=JERICHO MULAN, description=A Amazing Yarn of a Hunter And a Butler who must Defeat a Boy in A Jet Boat, releaseYear=2006, length=171, rating=NC-17?[0m
MOVIE LOADED: index=484, title=JERK PAYCHECK, description=A Touching Character Study of a Pastry Chef And a Database Administrator who must Reach a A Shark in Ancient Japan, releaseYear=2006, length=172, rating=NC-17
?[0;31mindex=484, title=JERK PAYCHECK, description=A Touching Character Study of a Pastry Chef And a Database Administrator who must Reach a A Shark in Ancient Japan, releaseYear=2006, length=172, rating=NC-17?[0m
MOVIE LOADED: index=485, title=JERSEY SASSY, description=A Lacklusture Documentary of a Madman And a Mad Cow who must Find a Feminist in Ancient Japan, releaseYear=2006, length=60, rating=PG
?[0;31mindex=485, title=JERSEY SASSY, description=A Lacklusture Documentary of a Madman And a Mad Cow who must Find a Feminist in Ancient Japan, releaseYear=2006, length=60, rating=PG?[0m
MOVIE LOADED: index=486, title=JET NEIGHBORS, description=A Amazing Display of a Lumberjack And a Teacher who must Outrace a Woman in A U-Boat, releaseYear=2006, length=59, rating=R
?[0;31mindex=486, title=JET NEIGHBORS, description=A Amazing Display of a Lumberjack And a Teacher who must Outrace a Woman in A U-Boat, releaseYear=2006, length=59, rating=R?[0m
MOVIE LOADED: index=487, title=JINGLE SAGEBRUSH, description=A Epic Character Study of a Feminist And a Student who must Meet a Woman in A Baloon, releaseYear=2006, length=124, rating=PG-13
?[0;31mindex=487, title=JINGLE SAGEBRUSH, description=A Epic Character Study of a Feminist And a Student who must Meet a Woman in A Baloon, releaseYear=2006, length=124, rating=PG-13?[0m
MOVIE LOADED: index=488, title=JOON NORTHWEST, description=A Thrilling Panorama of a Technical Writer And a Car who must Discover a Forensic Psychologist in A Shark Tank, releaseYear=2006, length=105, rating=NC-17
?[0;31mindex=488, title=JOON NORTHWEST, description=A Thrilling Panorama of a Technical Writer And a Car who must Discover a Forensic Psychologist in A Shark Tank, releaseYear=2006, length=105, rating=NC-17?[0m
MOVIE LOADED: index=489, title=JUGGLER HARDLY, description=A Epic Story of a Mad Cow And a Astronaut who must Challenge a Car in California, releaseYear=2006, length=54, rating=PG-13
?[0;31mindex=489, title=JUGGLER HARDLY, description=A Epic Story of a Mad Cow And a Astronaut who must Challenge a Car in California, releaseYear=2006, length=54, rating=PG-13?[0m
MOVIE LOADED: index=490, title=JUMANJI BLADE, description=A Intrepid Yarn of a Husband And a Womanizer who must Pursue a Mad Scientist in New Orleans, releaseYear=2006, length=121, rating=G
?[0;31mindex=490, title=JUMANJI BLADE, description=A Intrepid Yarn of a Husband And a Womanizer who must Pursue a Mad Scientist in New Orleans, releaseYear=2006, length=121, rating=G?[0m
MOVIE LOADED: index=491, title=JUMPING WRATH, description=A Touching Epistle of a Monkey And a Feminist who must Discover a Boat in Berlin, releaseYear=2006, length=74, rating=NC-17
?[0;31mindex=491, title=JUMPING WRATH, description=A Touching Epistle of a Monkey And a Feminist who must Discover a Boat in Berlin, releaseYear=2006, length=74, rating=NC-17?[0m
MOVIE LOADED: index=492, title=JUNGLE CLOSER, description=A Boring Character Study of a Boy And a Woman who must Battle a Astronaut in Australia, releaseYear=2006, length=134, rating=NC-17
?[0;31mindex=492, title=JUNGLE CLOSER, description=A Boring Character Study of a Boy And a Woman who must Battle a Astronaut in Australia, releaseYear=2006, length=134, rating=NC-17?[0m
MOVIE LOADED: index=493, title=KANE EXORCIST, description=A Epic Documentary of a Composer And a Robot who must Overcome a Car in Berlin, releaseYear=2006, length=92, rating=R
?[0;31mindex=493, title=KANE EXORCIST, description=A Epic Documentary of a Composer And a Robot who must Overcome a Car in Berlin, releaseYear=2006, length=92, rating=R?[0m
MOVIE LOADED: index=494, title=KARATE MOON, description=A Astounding Yarn of a Womanizer And a Dog who must Reach a Waitress in A MySQL Convention, releaseYear=2006, length=120, rating=PG-13
?[0;31mindex=494, title=KARATE MOON, description=A Astounding Yarn of a Womanizer And a Dog who must Reach a Waitress in A MySQL Convention, releaseYear=2006, length=120, rating=PG-13?[0m
MOVIE LOADED: index=495, title=KENTUCKIAN GIANT, description=A Stunning Yarn of a Woman And a Frisbee who must Escape a Waitress in A U-Boat, releaseYear=2006, length=169, rating=PG
?[0;31mindex=495, title=KENTUCKIAN GIANT, description=A Stunning Yarn of a Woman And a Frisbee who must Escape a Waitress in A U-Boat, releaseYear=2006, length=169, rating=PG?[0m
MOVIE LOADED: index=496, title=KICK SAVANNAH, description=A Emotional Drama of a Monkey And a Robot who must Defeat a Monkey in New Orleans, releaseYear=2006, length=179, rating=PG-13
?[0;31mindex=496, title=KICK SAVANNAH, description=A Emotional Drama of a Monkey And a Robot who must Defeat a Monkey in New Orleans, releaseYear=2006, length=179, rating=PG-13?[0m
MOVIE LOADED: index=497, title=KILL BROTHERHOOD, description=A Touching Display of a Hunter And a Secret Agent who must Redeem a Husband in The Outback, releaseYear=2006, length=54, rating=G
?[0;31mindex=497, title=KILL BROTHERHOOD, description=A Touching Display of a Hunter And a Secret Agent who must Redeem a Husband in The Outback, releaseYear=2006, length=54, rating=G?[0m
MOVIE LOADED: index=498, title=KILLER INNOCENT, description=A Fanciful Character Study of a Student And a Explorer who must Succumb a Composer in An Abandoned Mine Shaft, releaseYear=2006, length=161, rating=R
?[0;31mindex=498, title=KILLER INNOCENT, description=A Fanciful Character Study of a Student And a Explorer who must Succumb a Composer in An Abandoned Mine Shaft, releaseYear=2006, length=161, rating=R?[0m
MOVIE LOADED: index=499, title=KING EVOLUTION, description=A Action-Packed Tale of a Boy And a Lumberjack who must Chase a Madman in A Baloon, releaseYear=2006, length=184, rating=NC-17
?[0;31mindex=499, title=KING EVOLUTION, description=A Action-Packed Tale of a Boy And a Lumberjack who must Chase a Madman in A Baloon, releaseYear=2006, length=184, rating=NC-17?[0m
MOVIE LOADED: index=500, title=KISS GLORY, description=A Lacklusture Reflection of a Girl And a Husband who must Find a Robot in The Canadian Rockies, releaseYear=2006, length=163, rating=PG-13
?[0;31mindex=500, title=KISS GLORY, description=A Lacklusture Reflection of a Girl And a Husband who must Find a Robot in The Canadian Rockies, releaseYear=2006, length=163, rating=PG-13?[0m
500
]]></system-out>
  <system-err><![CDATA[]]></system-err>
</testsuite>
